[0.030s] Invoking command in '/home/yuanxiao/gold_hw/build/gold_miner': CMAKE_PREFIX_PATH=/home/yuanxiao/gold_hw/install/interfaces:/home/yuanxiao/gold_hw/install/gold_miner:/home/yuanxiao/dev_ws/install/learning_pkg_c:/home/yuanxiao/dev_ws/install/learning_interface:/home/yuanxiao/dev_ws/install/learning_urdf:/home/yuanxiao/dev_ws/install/learning_topic:/home/yuanxiao/dev_ws/install/learning_tf:/home/yuanxiao/dev_ws/install/learning_service:/home/yuanxiao/dev_ws/install/learning_qos:/home/yuanxiao/dev_ws/install/learning_pkg_python:/home/yuanxiao/dev_ws/install/learning_parameter:/home/yuanxiao/dev_ws/install/learning_node:/home/yuanxiao/dev_ws/install/learning_launch:/home/yuanxiao/dev_ws/install/learning_action:/home/yuanxiao/dev_ws/install/learning_gazebo:/opt/ros/humble /usr/bin/cmake --build /home/yuanxiao/gold_hw/build/gold_miner -- -j4 -l4
[0.077s] [35m[1mConsolidate compiler generated dependencies of target mining_industry[0m
[0.090s] [ 50%] Built target miner
[0.115s] [ 75%] [32mBuilding CXX object CMakeFiles/mining_industry.dir/src/mining_industry.cpp.o[0m
[2.535s] [01m[K/home/yuanxiao/gold_hw/src/gold_miner/src/mining_industry.cpp:[m[K In constructor ‘[01m[KMiningIndustry::MiningIndustry()[m[K’:
[2.535s] [01m[K/home/yuanxiao/gold_hw/src/gold_miner/src/mining_industry.cpp:13:71:[m[K [01;31m[Kerror: [m[Kno matching function for call to ‘[01m[KMiningIndustry::create_publisher<interfaces::msg::OreArray>(const char [6], std::_Bind_helper<false, void (MiningIndustry::*)(), MiningIndustry*>::type)[m[K’
[2.535s]    13 |         publisher_ = [01;31m[Kthis->create_publisher<interfaces::msg::OreArray>("topic", std::bind(&MiningIndustry::publishOreInfo, this))[m[K; //
[2.535s]       |                      [01;31m[K~~~~~~~~~~~~~~~~~~~~~~~~~~~~~~~~~~~~~~~~~~~~~~~~~^~~~~~~~~~~~~~~~~~~~~~~~~~~~~~~~~~~~~~~~~~~~~~~~~~~~~~~~~~~[m[K
[2.535s] In file included from [01m[K/opt/ros/humble/include/rclcpp/rclcpp/executors/single_threaded_executor.hpp:28[m[K,
[2.535s]                  from [01m[K/opt/ros/humble/include/rclcpp/rclcpp/executors.hpp:22[m[K,
[2.535s]                  from [01m[K/opt/ros/humble/include/rclcpp/rclcpp/rclcpp.hpp:155[m[K,
[2.535s]                  from [01m[K/home/yuanxiao/gold_hw/src/gold_miner/src/mining_industry.cpp:1[m[K:
[2.535s] [01m[K/opt/ros/humble/include/rclcpp/rclcpp/node.hpp:195:3:[m[K [01;36m[Knote: [m[Kcandidate: ‘[01m[Ktemplate<class MessageT, class AllocatorT, class PublisherT> std::shared_ptr<PublisherT> rclcpp::Node::create_publisher(const string&, const rclcpp::QoS&, const rclcpp::PublisherOptionsWithAllocator<AllocatorT>&)[m[K’
[2.535s]   195 |   [01;36m[Kcreate_publisher[m[K(
[2.535s]       |   [01;36m[K^~~~~~~~~~~~~~~~[m[K
[2.535s] [01m[K/opt/ros/humble/include/rclcpp/rclcpp/node.hpp:195:3:[m[K [01;36m[Knote: [m[K  template argument deduction/substitution failed:
[2.543s] [01m[K/home/yuanxiao/gold_hw/src/gold_miner/src/mining_industry.cpp:13:90:[m[K [01;36m[Knote: [m[K  cannot convert ‘[01m[Kstd::bind(_Func&&, _BoundArgs&& ...) [with _Func = void (MiningIndustry::*)(); _BoundArgs = {MiningIndustry*}; typename std::_Bind_helper<std::__is_socketlike<_Func>::value, _Func, _BoundArgs ...>::type = std::_Bind_helper<false, void (MiningIndustry::*)(), MiningIndustry*>::type; std::__is_socketlike<_Func> = std::__is_socketlike<void (MiningIndustry::*)(), void (MiningIndustry::*)()>; typename std::decay<_Tp>::type = void (MiningIndustry::*)()](((MiningIndustry*)this))[m[K’ (type ‘[01m[Kstd::_Bind_helper<false, void (MiningIndustry::*)(), MiningIndustry*>::type[m[K’) to type ‘[01m[Kconst rclcpp::QoS&[m[K’
[2.543s]    13 | sher_ = this->create_publisher<interfaces::msg::OreArray>("topic", [01;36m[Kstd::bind(&MiningIndustry::publishOreInfo, this)[m[K); //
[2.543s]       |                                                                    [01;36m[K~~~~~~~~~^~~~~~~~~~~~~~~~~~~~~~~~~~~~~~~~~~~~~~~[m[K
[2.543s] 
[3.270s] gmake[2]: *** [CMakeFiles/mining_industry.dir/build.make:76: CMakeFiles/mining_industry.dir/src/mining_industry.cpp.o] Error 1
[3.270s] gmake[1]: *** [CMakeFiles/Makefile2:139: CMakeFiles/mining_industry.dir/all] Error 2
[3.270s] gmake: *** [Makefile:146: all] Error 2
[3.273s] Invoked command in '/home/yuanxiao/gold_hw/build/gold_miner' returned '2': CMAKE_PREFIX_PATH=/home/yuanxiao/gold_hw/install/interfaces:/home/yuanxiao/gold_hw/install/gold_miner:/home/yuanxiao/dev_ws/install/learning_pkg_c:/home/yuanxiao/dev_ws/install/learning_interface:/home/yuanxiao/dev_ws/install/learning_urdf:/home/yuanxiao/dev_ws/install/learning_topic:/home/yuanxiao/dev_ws/install/learning_tf:/home/yuanxiao/dev_ws/install/learning_service:/home/yuanxiao/dev_ws/install/learning_qos:/home/yuanxiao/dev_ws/install/learning_pkg_python:/home/yuanxiao/dev_ws/install/learning_parameter:/home/yuanxiao/dev_ws/install/learning_node:/home/yuanxiao/dev_ws/install/learning_launch:/home/yuanxiao/dev_ws/install/learning_action:/home/yuanxiao/dev_ws/install/learning_gazebo:/opt/ros/humble /usr/bin/cmake --build /home/yuanxiao/gold_hw/build/gold_miner -- -j4 -l4
