[0.397s] DEBUG:colcon:Command line arguments: ['/usr/bin/colcon', 'build', '--packages-select', 'gold_miner']
[0.397s] DEBUG:colcon:Parsed command line arguments: Namespace(log_base=None, log_level=None, verb_name='build', build_base='build', install_base='install', merge_install=False, symlink_install=False, test_result_base=None, continue_on_error=False, executor='parallel', parallel_workers=4, event_handlers=None, ignore_user_meta=False, metas=['./colcon.meta'], base_paths=['.'], packages_ignore=None, packages_ignore_regex=None, paths=None, packages_up_to=None, packages_up_to_regex=None, packages_above=None, packages_above_and_dependencies=None, packages_above_depth=None, packages_select_by_dep=None, packages_skip_by_dep=None, packages_skip_up_to=None, packages_select_build_failed=False, packages_skip_build_finished=False, packages_select_test_failures=False, packages_skip_test_passed=False, packages_select=['gold_miner'], packages_skip=None, packages_select_regex=None, packages_skip_regex=None, packages_start=None, packages_end=None, allow_overriding=[], cmake_args=None, cmake_target=None, cmake_target_skip_unavailable=False, cmake_clean_cache=False, cmake_clean_first=False, cmake_force_configure=False, ament_cmake_args=None, catkin_cmake_args=None, catkin_skip_building_tests=False, verb_parser=<colcon_defaults.argument_parser.defaults.DefaultArgumentsDecorator object at 0x7f3fde500490>, verb_extension=<colcon_core.verb.build.BuildVerb object at 0x7f3fdee6d900>, main=<bound method BuildVerb.main of <colcon_core.verb.build.BuildVerb object at 0x7f3fdee6d900>>)
[0.433s] Level 1:colcon.colcon_core.package_discovery:discover_packages(colcon_meta) check parameters
[0.433s] Level 1:colcon.colcon_core.package_discovery:discover_packages(recursive) check parameters
[0.433s] Level 1:colcon.colcon_core.package_discovery:discover_packages(ignore) check parameters
[0.433s] Level 1:colcon.colcon_core.package_discovery:discover_packages(path) check parameters
[0.433s] Level 1:colcon.colcon_core.package_discovery:discover_packages(colcon_meta) discover
[0.433s] Level 1:colcon.colcon_core.package_discovery:discover_packages(recursive) discover
[0.433s] INFO:colcon.colcon_core.package_discovery:Crawling recursively for packages in '/home/yuanxiao/gold_hw'
[0.434s] Level 1:colcon.colcon_core.package_identification:_identify(.) by extensions ['ignore', 'ignore_ament_install']
[0.434s] Level 1:colcon.colcon_core.package_identification:_identify(.) by extension 'ignore'
[0.434s] Level 1:colcon.colcon_core.package_identification:_identify(.) by extension 'ignore_ament_install'
[0.434s] Level 1:colcon.colcon_core.package_identification:_identify(.) by extensions ['colcon_pkg']
[0.434s] Level 1:colcon.colcon_core.package_identification:_identify(.) by extension 'colcon_pkg'
[0.434s] Level 1:colcon.colcon_core.package_identification:_identify(.) by extensions ['colcon_meta']
[0.434s] Level 1:colcon.colcon_core.package_identification:_identify(.) by extension 'colcon_meta'
[0.434s] Level 1:colcon.colcon_core.package_identification:_identify(.) by extensions ['ros']
[0.434s] Level 1:colcon.colcon_core.package_identification:_identify(.) by extension 'ros'
[0.448s] Level 1:colcon.colcon_core.package_identification:_identify(.) by extensions ['cmake', 'python']
[0.448s] Level 1:colcon.colcon_core.package_identification:_identify(.) by extension 'cmake'
[0.448s] Level 1:colcon.colcon_core.package_identification:_identify(.) by extension 'python'
[0.448s] Level 1:colcon.colcon_core.package_identification:_identify(.) by extensions ['python_setup_py']
[0.448s] Level 1:colcon.colcon_core.package_identification:_identify(.) by extension 'python_setup_py'
[0.448s] Level 1:colcon.colcon_core.package_identification:_identify(build) by extensions ['ignore', 'ignore_ament_install']
[0.449s] Level 1:colcon.colcon_core.package_identification:_identify(build) by extension 'ignore'
[0.449s] Level 1:colcon.colcon_core.package_identification:_identify(build) ignored
[0.449s] Level 1:colcon.colcon_core.package_identification:_identify(install) by extensions ['ignore', 'ignore_ament_install']
[0.449s] Level 1:colcon.colcon_core.package_identification:_identify(install) by extension 'ignore'
[0.449s] Level 1:colcon.colcon_core.package_identification:_identify(install) ignored
[0.449s] Level 1:colcon.colcon_core.package_identification:_identify(log) by extensions ['ignore', 'ignore_ament_install']
[0.449s] Level 1:colcon.colcon_core.package_identification:_identify(log) by extension 'ignore'
[0.449s] Level 1:colcon.colcon_core.package_identification:_identify(log) ignored
[0.449s] Level 1:colcon.colcon_core.package_identification:_identify(src) by extensions ['ignore', 'ignore_ament_install']
[0.449s] Level 1:colcon.colcon_core.package_identification:_identify(src) by extension 'ignore'
[0.449s] Level 1:colcon.colcon_core.package_identification:_identify(src) by extension 'ignore_ament_install'
[0.450s] Level 1:colcon.colcon_core.package_identification:_identify(src) by extensions ['colcon_pkg']
[0.450s] Level 1:colcon.colcon_core.package_identification:_identify(src) by extension 'colcon_pkg'
[0.450s] Level 1:colcon.colcon_core.package_identification:_identify(src) by extensions ['colcon_meta']
[0.450s] Level 1:colcon.colcon_core.package_identification:_identify(src) by extension 'colcon_meta'
[0.450s] Level 1:colcon.colcon_core.package_identification:_identify(src) by extensions ['ros']
[0.450s] Level 1:colcon.colcon_core.package_identification:_identify(src) by extension 'ros'
[0.450s] Level 1:colcon.colcon_core.package_identification:_identify(src) by extensions ['cmake', 'python']
[0.450s] Level 1:colcon.colcon_core.package_identification:_identify(src) by extension 'cmake'
[0.450s] Level 1:colcon.colcon_core.package_identification:_identify(src) by extension 'python'
[0.450s] Level 1:colcon.colcon_core.package_identification:_identify(src) by extensions ['python_setup_py']
[0.450s] Level 1:colcon.colcon_core.package_identification:_identify(src) by extension 'python_setup_py'
[0.450s] Level 1:colcon.colcon_core.package_identification:_identify(src/gold_miner) by extensions ['ignore', 'ignore_ament_install']
[0.450s] Level 1:colcon.colcon_core.package_identification:_identify(src/gold_miner) by extension 'ignore'
[0.450s] Level 1:colcon.colcon_core.package_identification:_identify(src/gold_miner) by extension 'ignore_ament_install'
[0.450s] Level 1:colcon.colcon_core.package_identification:_identify(src/gold_miner) by extensions ['colcon_pkg']
[0.450s] Level 1:colcon.colcon_core.package_identification:_identify(src/gold_miner) by extension 'colcon_pkg'
[0.450s] Level 1:colcon.colcon_core.package_identification:_identify(src/gold_miner) by extensions ['colcon_meta']
[0.450s] Level 1:colcon.colcon_core.package_identification:_identify(src/gold_miner) by extension 'colcon_meta'
[0.450s] Level 1:colcon.colcon_core.package_identification:_identify(src/gold_miner) by extensions ['ros']
[0.450s] Level 1:colcon.colcon_core.package_identification:_identify(src/gold_miner) by extension 'ros'
[0.454s] DEBUG:colcon.colcon_core.package_identification:Package 'src/gold_miner' with type 'ros.ament_cmake' and name 'gold_miner'
[0.454s] Level 1:colcon.colcon_core.package_identification:_identify(src/interfaces) by extensions ['ignore', 'ignore_ament_install']
[0.454s] Level 1:colcon.colcon_core.package_identification:_identify(src/interfaces) by extension 'ignore'
[0.454s] Level 1:colcon.colcon_core.package_identification:_identify(src/interfaces) by extension 'ignore_ament_install'
[0.454s] Level 1:colcon.colcon_core.package_identification:_identify(src/interfaces) by extensions ['colcon_pkg']
[0.454s] Level 1:colcon.colcon_core.package_identification:_identify(src/interfaces) by extension 'colcon_pkg'
[0.454s] Level 1:colcon.colcon_core.package_identification:_identify(src/interfaces) by extensions ['colcon_meta']
[0.454s] Level 1:colcon.colcon_core.package_identification:_identify(src/interfaces) by extension 'colcon_meta'
[0.454s] Level 1:colcon.colcon_core.package_identification:_identify(src/interfaces) by extensions ['ros']
[0.454s] Level 1:colcon.colcon_core.package_identification:_identify(src/interfaces) by extension 'ros'
[0.455s] DEBUG:colcon.colcon_core.package_identification:Package 'src/interfaces' with type 'ros.ament_cmake' and name 'interfaces'
[0.455s] Level 1:colcon.colcon_core.package_discovery:discover_packages(recursive) using defaults
[0.455s] Level 1:colcon.colcon_core.package_discovery:discover_packages(ignore) discover
[0.456s] Level 1:colcon.colcon_core.package_discovery:discover_packages(ignore) using defaults
[0.456s] Level 1:colcon.colcon_core.package_discovery:discover_packages(path) discover
[0.456s] Level 1:colcon.colcon_core.package_discovery:discover_packages(path) using defaults
[0.492s] INFO:colcon.colcon_core.package_selection:Skipping not selected package 'interfaces' in 'src/interfaces'
[0.493s] Level 1:colcon.colcon_core.package_discovery:discover_packages(prefix_path) check parameters
[0.494s] Level 1:colcon.colcon_core.package_discovery:discover_packages(prefix_path) discover
[0.497s] DEBUG:colcon.colcon_installed_package_information.package_discovery:Found 2 installed packages in /home/yuanxiao/gold_hw/install
[0.498s] DEBUG:colcon.colcon_installed_package_information.package_discovery:Found 13 installed packages in /home/yuanxiao/dev_ws/install
[0.501s] DEBUG:colcon.colcon_installed_package_information.package_discovery:Found 348 installed packages in /opt/ros/humble
[0.504s] Level 1:colcon.colcon_core.package_discovery:discover_packages(prefix_path) using defaults
[0.608s] Level 5:colcon.colcon_core.verb:set package 'gold_miner' build argument 'cmake_args' from command line to 'None'
[0.608s] Level 5:colcon.colcon_core.verb:set package 'gold_miner' build argument 'cmake_target' from command line to 'None'
[0.608s] Level 5:colcon.colcon_core.verb:set package 'gold_miner' build argument 'cmake_target_skip_unavailable' from command line to 'False'
[0.608s] Level 5:colcon.colcon_core.verb:set package 'gold_miner' build argument 'cmake_clean_cache' from command line to 'False'
[0.608s] Level 5:colcon.colcon_core.verb:set package 'gold_miner' build argument 'cmake_clean_first' from command line to 'False'
[0.608s] Level 5:colcon.colcon_core.verb:set package 'gold_miner' build argument 'cmake_force_configure' from command line to 'False'
[0.608s] Level 5:colcon.colcon_core.verb:set package 'gold_miner' build argument 'ament_cmake_args' from command line to 'None'
[0.608s] Level 5:colcon.colcon_core.verb:set package 'gold_miner' build argument 'catkin_cmake_args' from command line to 'None'
[0.608s] Level 5:colcon.colcon_core.verb:set package 'gold_miner' build argument 'catkin_skip_building_tests' from command line to 'False'
[0.608s] DEBUG:colcon.colcon_core.verb:Building package 'gold_miner' with the following arguments: {'ament_cmake_args': None, 'build_base': '/home/yuanxiao/gold_hw/build/gold_miner', 'catkin_cmake_args': None, 'catkin_skip_building_tests': False, 'cmake_args': None, 'cmake_clean_cache': False, 'cmake_clean_first': False, 'cmake_force_configure': False, 'cmake_target': None, 'cmake_target_skip_unavailable': False, 'install_base': '/home/yuanxiao/gold_hw/install/gold_miner', 'merge_install': False, 'path': '/home/yuanxiao/gold_hw/src/gold_miner', 'symlink_install': False, 'test_result_base': None}
[0.610s] INFO:colcon.colcon_core.executor:Executing jobs using 'parallel' executor
[0.614s] DEBUG:colcon.colcon_parallel_executor.executor.parallel:run_until_complete
[0.615s] INFO:colcon.colcon_ros.task.ament_cmake.build:Building ROS package in '/home/yuanxiao/gold_hw/src/gold_miner' with build type 'ament_cmake'
[0.615s] INFO:colcon.colcon_cmake.task.cmake.build:Building CMake package in '/home/yuanxiao/gold_hw/src/gold_miner'
[0.622s] INFO:colcon.colcon_core.plugin_system:Skipping extension 'colcon_core.shell.bat': Not used on non-Windows systems
[0.622s] INFO:colcon.colcon_core.shell:Skip shell extension 'powershell' for command environment: Not usable outside of PowerShell
[0.622s] DEBUG:colcon.colcon_core.shell:Skip shell extension 'dsv' for command environment
[0.645s] DEBUG:colcon.colcon_core.event_handler.log_command:Invoking command in '/home/yuanxiao/gold_hw/build/gold_miner': CMAKE_PREFIX_PATH=/home/yuanxiao/gold_hw/install/interfaces:/home/yuanxiao/gold_hw/install/gold_miner:/home/yuanxiao/dev_ws/install/learning_pkg_c:/home/yuanxiao/dev_ws/install/learning_interface:/home/yuanxiao/dev_ws/install/learning_urdf:/home/yuanxiao/dev_ws/install/learning_topic:/home/yuanxiao/dev_ws/install/learning_tf:/home/yuanxiao/dev_ws/install/learning_service:/home/yuanxiao/dev_ws/install/learning_qos:/home/yuanxiao/dev_ws/install/learning_pkg_python:/home/yuanxiao/dev_ws/install/learning_parameter:/home/yuanxiao/dev_ws/install/learning_node:/home/yuanxiao/dev_ws/install/learning_launch:/home/yuanxiao/dev_ws/install/learning_action:/home/yuanxiao/dev_ws/install/learning_gazebo:/opt/ros/humble /usr/bin/cmake --build /home/yuanxiao/gold_hw/build/gold_miner -- -j4 -l4
[5.949s] DEBUG:colcon.colcon_core.event_handler.log_command:Invoked command in '/home/yuanxiao/gold_hw/build/gold_miner' returned '0': CMAKE_PREFIX_PATH=/home/yuanxiao/gold_hw/install/interfaces:/home/yuanxiao/gold_hw/install/gold_miner:/home/yuanxiao/dev_ws/install/learning_pkg_c:/home/yuanxiao/dev_ws/install/learning_interface:/home/yuanxiao/dev_ws/install/learning_urdf:/home/yuanxiao/dev_ws/install/learning_topic:/home/yuanxiao/dev_ws/install/learning_tf:/home/yuanxiao/dev_ws/install/learning_service:/home/yuanxiao/dev_ws/install/learning_qos:/home/yuanxiao/dev_ws/install/learning_pkg_python:/home/yuanxiao/dev_ws/install/learning_parameter:/home/yuanxiao/dev_ws/install/learning_node:/home/yuanxiao/dev_ws/install/learning_launch:/home/yuanxiao/dev_ws/install/learning_action:/home/yuanxiao/dev_ws/install/learning_gazebo:/opt/ros/humble /usr/bin/cmake --build /home/yuanxiao/gold_hw/build/gold_miner -- -j4 -l4
[5.992s] DEBUG:colcon.colcon_core.event_handler.log_command:Invoking command in '/home/yuanxiao/gold_hw/build/gold_miner': CMAKE_PREFIX_PATH=/home/yuanxiao/gold_hw/install/interfaces:/home/yuanxiao/gold_hw/install/gold_miner:/home/yuanxiao/dev_ws/install/learning_pkg_c:/home/yuanxiao/dev_ws/install/learning_interface:/home/yuanxiao/dev_ws/install/learning_urdf:/home/yuanxiao/dev_ws/install/learning_topic:/home/yuanxiao/dev_ws/install/learning_tf:/home/yuanxiao/dev_ws/install/learning_service:/home/yuanxiao/dev_ws/install/learning_qos:/home/yuanxiao/dev_ws/install/learning_pkg_python:/home/yuanxiao/dev_ws/install/learning_parameter:/home/yuanxiao/dev_ws/install/learning_node:/home/yuanxiao/dev_ws/install/learning_launch:/home/yuanxiao/dev_ws/install/learning_action:/home/yuanxiao/dev_ws/install/learning_gazebo:/opt/ros/humble /usr/bin/cmake --install /home/yuanxiao/gold_hw/build/gold_miner
[6.017s] Level 1:colcon.colcon_core.environment:create_environment_scripts_only(gold_miner)
[6.020s] DEBUG:colcon.colcon_core.event_handler.log_command:Invoked command in '/home/yuanxiao/gold_hw/build/gold_miner' returned '0': CMAKE_PREFIX_PATH=/home/yuanxiao/gold_hw/install/interfaces:/home/yuanxiao/gold_hw/install/gold_miner:/home/yuanxiao/dev_ws/install/learning_pkg_c:/home/yuanxiao/dev_ws/install/learning_interface:/home/yuanxiao/dev_ws/install/learning_urdf:/home/yuanxiao/dev_ws/install/learning_topic:/home/yuanxiao/dev_ws/install/learning_tf:/home/yuanxiao/dev_ws/install/learning_service:/home/yuanxiao/dev_ws/install/learning_qos:/home/yuanxiao/dev_ws/install/learning_pkg_python:/home/yuanxiao/dev_ws/install/learning_parameter:/home/yuanxiao/dev_ws/install/learning_node:/home/yuanxiao/dev_ws/install/learning_launch:/home/yuanxiao/dev_ws/install/learning_action:/home/yuanxiao/dev_ws/install/learning_gazebo:/opt/ros/humble /usr/bin/cmake --install /home/yuanxiao/gold_hw/build/gold_miner
[6.025s] Level 1:colcon.colcon_core.environment:checking '/home/yuanxiao/gold_hw/install/gold_miner' for CMake module files
[6.026s] Level 1:colcon.colcon_core.environment:checking '/home/yuanxiao/gold_hw/install/gold_miner' for CMake config files
[6.026s] Level 1:colcon.colcon_core.shell:create_environment_hook('gold_miner', 'cmake_prefix_path')
[6.028s] INFO:colcon.colcon_core.shell:Creating environment hook '/home/yuanxiao/gold_hw/install/gold_miner/share/gold_miner/hook/cmake_prefix_path.ps1'
[6.029s] INFO:colcon.colcon_core.shell:Creating environment descriptor '/home/yuanxiao/gold_hw/install/gold_miner/share/gold_miner/hook/cmake_prefix_path.dsv'
[6.030s] INFO:colcon.colcon_core.shell:Creating environment hook '/home/yuanxiao/gold_hw/install/gold_miner/share/gold_miner/hook/cmake_prefix_path.sh'
[6.031s] Level 1:colcon.colcon_core.environment:checking '/home/yuanxiao/gold_hw/install/gold_miner/lib'
[6.031s] Level 1:colcon.colcon_core.environment:checking '/home/yuanxiao/gold_hw/install/gold_miner/bin'
[6.031s] Level 1:colcon.colcon_core.environment:checking '/home/yuanxiao/gold_hw/install/gold_miner/lib/pkgconfig/gold_miner.pc'
[6.032s] Level 1:colcon.colcon_core.environment:checking '/home/yuanxiao/gold_hw/install/gold_miner/lib/python3.10/site-packages'
[6.032s] Level 1:colcon.colcon_core.environment:checking '/home/yuanxiao/gold_hw/install/gold_miner/bin'
[6.034s] INFO:colcon.colcon_core.shell:Creating package script '/home/yuanxiao/gold_hw/install/gold_miner/share/gold_miner/package.ps1'
[6.035s] INFO:colcon.colcon_core.shell:Creating package descriptor '/home/yuanxiao/gold_hw/install/gold_miner/share/gold_miner/package.dsv'
[6.036s] INFO:colcon.colcon_core.shell:Creating package script '/home/yuanxiao/gold_hw/install/gold_miner/share/gold_miner/package.sh'
[6.037s] INFO:colcon.colcon_core.shell:Creating package script '/home/yuanxiao/gold_hw/install/gold_miner/share/gold_miner/package.bash'
[6.038s] INFO:colcon.colcon_core.shell:Creating package script '/home/yuanxiao/gold_hw/install/gold_miner/share/gold_miner/package.zsh'
[6.039s] Level 1:colcon.colcon_core.environment:create_file_with_runtime_dependencies(/home/yuanxiao/gold_hw/install/gold_miner/share/colcon-core/packages/gold_miner)
[6.066s] Level 1:colcon.colcon_core.environment:create_environment_scripts_only(gold_miner)
[6.069s] Level 1:colcon.colcon_core.environment:checking '/home/yuanxiao/gold_hw/install/gold_miner' for CMake module files
[6.069s] Level 1:colcon.colcon_core.environment:checking '/home/yuanxiao/gold_hw/install/gold_miner' for CMake config files
[6.070s] Level 1:colcon.colcon_core.shell:create_environment_hook('gold_miner', 'cmake_prefix_path')
[6.072s] INFO:colcon.colcon_core.shell:Creating environment hook '/home/yuanxiao/gold_hw/install/gold_miner/share/gold_miner/hook/cmake_prefix_path.ps1'
[6.073s] INFO:colcon.colcon_core.shell:Creating environment descriptor '/home/yuanxiao/gold_hw/install/gold_miner/share/gold_miner/hook/cmake_prefix_path.dsv'
[6.074s] INFO:colcon.colcon_core.shell:Creating environment hook '/home/yuanxiao/gold_hw/install/gold_miner/share/gold_miner/hook/cmake_prefix_path.sh'
[6.074s] Level 1:colcon.colcon_core.environment:checking '/home/yuanxiao/gold_hw/install/gold_miner/lib'
[6.074s] Level 1:colcon.colcon_core.environment:checking '/home/yuanxiao/gold_hw/install/gold_miner/bin'
[6.074s] Level 1:colcon.colcon_core.environment:checking '/home/yuanxiao/gold_hw/install/gold_miner/lib/pkgconfig/gold_miner.pc'
[6.075s] Level 1:colcon.colcon_core.environment:checking '/home/yuanxiao/gold_hw/install/gold_miner/lib/python3.10/site-packages'
[6.075s] Level 1:colcon.colcon_core.environment:checking '/home/yuanxiao/gold_hw/install/gold_miner/bin'
[6.077s] INFO:colcon.colcon_core.shell:Creating package script '/home/yuanxiao/gold_hw/install/gold_miner/share/gold_miner/package.ps1'
[6.077s] INFO:colcon.colcon_core.shell:Creating package descriptor '/home/yuanxiao/gold_hw/install/gold_miner/share/gold_miner/package.dsv'
[6.078s] INFO:colcon.colcon_core.shell:Creating package script '/home/yuanxiao/gold_hw/install/gold_miner/share/gold_miner/package.sh'
[6.078s] INFO:colcon.colcon_core.shell:Creating package script '/home/yuanxiao/gold_hw/install/gold_miner/share/gold_miner/package.bash'
[6.079s] INFO:colcon.colcon_core.shell:Creating package script '/home/yuanxiao/gold_hw/install/gold_miner/share/gold_miner/package.zsh'
[6.079s] Level 1:colcon.colcon_core.environment:create_file_with_runtime_dependencies(/home/yuanxiao/gold_hw/install/gold_miner/share/colcon-core/packages/gold_miner)
[6.080s] DEBUG:colcon.colcon_parallel_executor.executor.parallel:closing loop
[6.080s] DEBUG:colcon.colcon_parallel_executor.executor.parallel:loop closed
[6.081s] DEBUG:colcon.colcon_parallel_executor.executor.parallel:run_until_complete finished with '0'
[6.081s] DEBUG:colcon.colcon_core.event_reactor:joining thread
[6.088s] INFO:colcon.colcon_core.plugin_system:Skipping extension 'colcon_notification.desktop_notification.terminal_notifier': Not used on non-Darwin systems
[6.088s] INFO:colcon.colcon_core.plugin_system:Skipping extension 'colcon_notification.desktop_notification.win32': Not used on non-Windows systems
[6.088s] INFO:colcon.colcon_notification.desktop_notification:Sending desktop notification using 'notify2'
[6.111s] DEBUG:colcon.colcon_core.event_reactor:joined thread
[6.114s] INFO:colcon.colcon_core.shell:Creating prefix script '/home/yuanxiao/gold_hw/install/local_setup.ps1'
[6.115s] INFO:colcon.colcon_core.shell:Creating prefix util module '/home/yuanxiao/gold_hw/install/_local_setup_util_ps1.py'
[6.117s] INFO:colcon.colcon_core.shell:Creating prefix chain script '/home/yuanxiao/gold_hw/install/setup.ps1'
[6.119s] INFO:colcon.colcon_core.shell:Creating prefix script '/home/yuanxiao/gold_hw/install/local_setup.sh'
[6.120s] INFO:colcon.colcon_core.shell:Creating prefix util module '/home/yuanxiao/gold_hw/install/_local_setup_util_sh.py'
[6.120s] INFO:colcon.colcon_core.shell:Creating prefix chain script '/home/yuanxiao/gold_hw/install/setup.sh'
[6.123s] INFO:colcon.colcon_core.shell:Creating prefix script '/home/yuanxiao/gold_hw/install/local_setup.bash'
[6.124s] INFO:colcon.colcon_core.shell:Creating prefix chain script '/home/yuanxiao/gold_hw/install/setup.bash'
[6.126s] INFO:colcon.colcon_core.shell:Creating prefix script '/home/yuanxiao/gold_hw/install/local_setup.zsh'
[6.126s] INFO:colcon.colcon_core.shell:Creating prefix chain script '/home/yuanxiao/gold_hw/install/setup.zsh'
