[35m[1mConsolidate compiler generated dependencies of target mining_industry[0m
[ 25%] [32mBuilding CXX object CMakeFiles/mining_industry.dir/src/mining_industry.cpp.o[0m
[ 50%] [32m[1mLinking CXX executable mining_industry[0m
[ 50%] Built target mining_industry
[35m[1mConsolidate compiler generated dependencies of target miner[0m
[ 75%] [32mBuilding CXX object CMakeFiles/miner.dir/src/miner.cpp.o[0m
[01m[K/home/yuanxiao/gold_hw/src/gold_miner/src/miner.cpp:[m[K In member function ‘[01m[Kvoid Miner::oreInfoCallback(const OreArray&)[m[K’:
[01m[K/home/yuanxiao/gold_hw/src/gold_miner/src/miner.cpp:57:43:[m[K [01;31m[Kerror: [m[Kunable to find numeric literal operator ‘[01m[Koperator""s[m[K’
   57 |         while (!client_->wait_for_service([01;31m[K1s[m[K)) {
      |                                           [01;31m[K^~[m[K
[01m[K/home/yuanxiao/gold_hw/src/gold_miner/src/miner.cpp:69:47:[m[K [01;31m[Kerror: [m[Kno matching function for call to ‘[01m[Kspin_until_future_complete(const char [6], rclcpp::Client<interfaces::srv::OrePosition>::FutureAndRequestId&)[m[K’
   69 |         if ([01;31m[Krclcpp::spin_until_future_complete("miner", result)[m[K ==
      |             [01;31m[K~~~~~~~~~~~~~~~~~~~~~~~~~~~~~~~~~~^~~~~~~~~~~~~~~~~[m[K
In file included from [01m[K/opt/ros/humble/include/rclcpp/rclcpp/rclcpp.hpp:155[m[K,
                 from [01m[K/home/yuanxiao/gold_hw/src/gold_miner/src/miner.cpp:1[m[K:
[01m[K/opt/ros/humble/include/rclcpp/rclcpp/executors.hpp:105:1:[m[K [01;36m[Knote: [m[Kcandidate: ‘[01m[Ktemplate<class FutureT, class TimeRepT, class TimeT> rclcpp::FutureReturnCode rclcpp::spin_until_future_complete(rclcpp::node_interfaces::NodeBaseInterface::SharedPtr, const FutureT&, std::chrono::duration<_Rep, _Period>)[m[K’
  105 | [01;36m[Kspin_until_future_complete[m[K(
      | [01;36m[K^~~~~~~~~~~~~~~~~~~~~~~~~~[m[K
[01m[K/opt/ros/humble/include/rclcpp/rclcpp/executors.hpp:105:1:[m[K [01;36m[Knote: [m[K  template argument deduction/substitution failed:
[01m[K/home/yuanxiao/gold_hw/src/gold_miner/src/miner.cpp:69:48:[m[K [01;36m[Knote: [m[K  cannot convert ‘[01m[K"miner"[m[K’ (type ‘[01m[Kconst char [6][m[K’) to type ‘[01m[Krclcpp::node_interfaces::NodeBaseInterface::SharedPtr[m[K’ {aka ‘[01m[Kstd::shared_ptr<rclcpp::node_interfaces::NodeBaseInterface>[m[K’}
   69 |         if (rclcpp::spin_until_future_complete([01;36m[K"miner"[m[K, result) ==
      |                                                [01;36m[K^~~~~~~[m[K
In file included from [01m[K/opt/ros/humble/include/rclcpp/rclcpp/rclcpp.hpp:155[m[K,
                 from [01m[K/home/yuanxiao/gold_hw/src/gold_miner/src/miner.cpp:1[m[K:
[01m[K/opt/ros/humble/include/rclcpp/rclcpp/executors.hpp:117:1:[m[K [01;36m[Knote: [m[Kcandidate: ‘[01m[Ktemplate<class NodeT, class FutureT, class TimeRepT, class TimeT> rclcpp::FutureReturnCode rclcpp::spin_until_future_complete(std::shared_ptr<_Tp>, const FutureT&, std::chrono::duration<_Rep2, _Period2>)[m[K’
  117 | [01;36m[Kspin_until_future_complete[m[K(
      | [01;36m[K^~~~~~~~~~~~~~~~~~~~~~~~~~[m[K
[01m[K/opt/ros/humble/include/rclcpp/rclcpp/executors.hpp:117:1:[m[K [01;36m[Knote: [m[K  template argument deduction/substitution failed:
[01m[K/home/yuanxiao/gold_hw/src/gold_miner/src/miner.cpp:69:47:[m[K [01;36m[Knote: [m[K  mismatched types ‘[01m[Kstd::shared_ptr<_Tp>[m[K’ and ‘[01m[Kconst char*[m[K’
   69 |         if ([01;36m[Krclcpp::spin_until_future_complete("miner", result)[m[K ==
      |             [01;36m[K~~~~~~~~~~~~~~~~~~~~~~~~~~~~~~~~~~^~~~~~~~~~~~~~~~~[m[K
gmake[2]: *** [CMakeFiles/miner.dir/build.make:76: CMakeFiles/miner.dir/src/miner.cpp.o] Error 1
gmake[1]: *** [CMakeFiles/Makefile2:165: CMakeFiles/miner.dir/all] Error 2
gmake: *** [Makefile:146: all] Error 2
