[0.029s] Invoking command in '/home/yuanxiao/gold_hw/build/interfaces': CMAKE_PREFIX_PATH=${CMAKE_PREFIX_PATH}:/home/yuanxiao/dev_ws/install/learning_urdf:/home/yuanxiao/dev_ws/install/learning_topic:/home/yuanxiao/dev_ws/install/learning_tf:/home/yuanxiao/dev_ws/install/learning_service:/home/yuanxiao/dev_ws/install/learning_qos:/home/yuanxiao/dev_ws/install/learning_pkg_python:/home/yuanxiao/dev_ws/install/learning_parameter:/home/yuanxiao/dev_ws/install/learning_node:/home/yuanxiao/dev_ws/install/learning_launch:/home/yuanxiao/dev_ws/install/learning_action:/home/yuanxiao/dev_ws/install/learning_gazebo:/opt/ros/humble /usr/bin/cmake --build /home/yuanxiao/gold_hw/build/interfaces -- -j4 -l4
[0.115s] [  2%] Built target interfaces__cpp
[0.154s] [  2%] Built target ament_cmake_python_copy_interfaces
[0.173s] [35m[1mConsolidate compiler generated dependencies of target interfaces__rosidl_typesupport_fastrtps_cpp[0m
[0.188s] [ 12%] Built target interfaces__rosidl_typesupport_fastrtps_cpp
[0.202s] [35m[1mConsolidate compiler generated dependencies of target interfaces__rosidl_typesupport_introspection_cpp[0m
[0.217s] [ 23%] Built target interfaces__rosidl_typesupport_introspection_cpp
[0.558s] running egg_info
[0.559s] writing interfaces.egg-info/PKG-INFO
[0.568s] writing dependency_links to interfaces.egg-info/dependency_links.txt
[0.568s] writing top-level names to interfaces.egg-info/top_level.txt
[0.572s] reading manifest file 'interfaces.egg-info/SOURCES.txt'
[0.574s] writing manifest file 'interfaces.egg-info/SOURCES.txt'
[0.609s] [ 23%] Built target ament_cmake_python_build_interfaces_egg
[0.620s] [35m[1mConsolidate compiler generated dependencies of target interfaces__rosidl_typesupport_cpp[0m
[0.638s] [ 34%] Built target interfaces__rosidl_typesupport_cpp
[0.650s] [35m[1mConsolidate compiler generated dependencies of target interfaces__rosidl_generator_c[0m
[0.662s] [ 44%] Built target interfaces__rosidl_generator_c
[0.673s] [35m[1mConsolidate compiler generated dependencies of target interfaces__rosidl_typesupport_fastrtps_c[0m
[0.690s] [ 55%] Built target interfaces__rosidl_typesupport_fastrtps_c
[0.702s] [35m[1mConsolidate compiler generated dependencies of target interfaces__rosidl_typesupport_c[0m
[0.713s] [ 65%] Built target interfaces__rosidl_typesupport_c
[0.723s] [35m[1mConsolidate compiler generated dependencies of target interfaces__rosidl_typesupport_introspection_c[0m
[0.736s] [ 76%] Built target interfaces__rosidl_typesupport_introspection_c
[0.765s] [ 76%] Built target interfaces
[0.785s] [ 78%] Built target interfaces__py
[0.795s] [35m[1mConsolidate compiler generated dependencies of target interfaces__rosidl_generator_py[0m
[0.811s] [ 87%] Built target interfaces__rosidl_generator_py
[0.821s] [35m[1mConsolidate compiler generated dependencies of target interfaces__rosidl_typesupport_fastrtps_c__pyext[0m
[0.835s] [ 91%] Built target interfaces__rosidl_typesupport_fastrtps_c__pyext
[0.845s] [35m[1mConsolidate compiler generated dependencies of target interfaces__rosidl_typesupport_c__pyext[0m
[0.860s] [ 95%] Built target interfaces__rosidl_typesupport_c__pyext
[0.874s] [35m[1mConsolidate compiler generated dependencies of target interfaces__rosidl_typesupport_introspection_c__pyext[0m
[0.887s] [100%] Built target interfaces__rosidl_typesupport_introspection_c__pyext
[0.900s] Invoked command in '/home/yuanxiao/gold_hw/build/interfaces' returned '0': CMAKE_PREFIX_PATH=${CMAKE_PREFIX_PATH}:/home/yuanxiao/dev_ws/install/learning_urdf:/home/yuanxiao/dev_ws/install/learning_topic:/home/yuanxiao/dev_ws/install/learning_tf:/home/yuanxiao/dev_ws/install/learning_service:/home/yuanxiao/dev_ws/install/learning_qos:/home/yuanxiao/dev_ws/install/learning_pkg_python:/home/yuanxiao/dev_ws/install/learning_parameter:/home/yuanxiao/dev_ws/install/learning_node:/home/yuanxiao/dev_ws/install/learning_launch:/home/yuanxiao/dev_ws/install/learning_action:/home/yuanxiao/dev_ws/install/learning_gazebo:/opt/ros/humble /usr/bin/cmake --build /home/yuanxiao/gold_hw/build/interfaces -- -j4 -l4
[1.005s] Invoking command in '/home/yuanxiao/gold_hw/build/interfaces': CMAKE_PREFIX_PATH=${CMAKE_PREFIX_PATH}:/home/yuanxiao/dev_ws/install/learning_urdf:/home/yuanxiao/dev_ws/install/learning_topic:/home/yuanxiao/dev_ws/install/learning_tf:/home/yuanxiao/dev_ws/install/learning_service:/home/yuanxiao/dev_ws/install/learning_qos:/home/yuanxiao/dev_ws/install/learning_pkg_python:/home/yuanxiao/dev_ws/install/learning_parameter:/home/yuanxiao/dev_ws/install/learning_node:/home/yuanxiao/dev_ws/install/learning_launch:/home/yuanxiao/dev_ws/install/learning_action:/home/yuanxiao/dev_ws/install/learning_gazebo:/opt/ros/humble /usr/bin/cmake --install /home/yuanxiao/gold_hw/build/interfaces
[1.014s] -- Install configuration: ""
[1.014s] -- Up-to-date: /home/yuanxiao/gold_hw/install/interfaces/share/ament_index/resource_index/rosidl_interfaces/interfaces
[1.014s] -- Up-to-date: /home/yuanxiao/gold_hw/install/interfaces/include/interfaces/interfaces
[1.015s] -- Up-to-date: /home/yuanxiao/gold_hw/install/interfaces/include/interfaces/interfaces/srv
[1.015s] -- Up-to-date: /home/yuanxiao/gold_hw/install/interfaces/include/interfaces/interfaces/srv/ore_position.h
[1.015s] -- Up-to-date: /home/yuanxiao/gold_hw/install/interfaces/include/interfaces/interfaces/srv/detail
[1.015s] -- Up-to-date: /home/yuanxiao/gold_hw/install/interfaces/include/interfaces/interfaces/srv/detail/ore_position__type_support.h
[1.015s] -- Up-to-date: /home/yuanxiao/gold_hw/install/interfaces/include/interfaces/interfaces/srv/detail/ore_position__functions.h
[1.016s] -- Up-to-date: /home/yuanxiao/gold_hw/install/interfaces/include/interfaces/interfaces/srv/detail/ore_position__functions.c
[1.016s] -- Up-to-date: /home/yuanxiao/gold_hw/install/interfaces/include/interfaces/interfaces/srv/detail/ore_position__struct.h
[1.016s] -- Up-to-date: /home/yuanxiao/gold_hw/install/interfaces/include/interfaces/interfaces/msg
[1.016s] -- Up-to-date: /home/yuanxiao/gold_hw/install/interfaces/include/interfaces/interfaces/msg/rosidl_generator_c__visibility_control.h
[1.016s] -- Up-to-date: /home/yuanxiao/gold_hw/install/interfaces/include/interfaces/interfaces/msg/ore_info.h
[1.016s] -- Up-to-date: /home/yuanxiao/gold_hw/install/interfaces/include/interfaces/interfaces/msg/detail
[1.017s] -- Up-to-date: /home/yuanxiao/gold_hw/install/interfaces/include/interfaces/interfaces/msg/detail/ore_info__type_support.h
[1.017s] -- Up-to-date: /home/yuanxiao/gold_hw/install/interfaces/include/interfaces/interfaces/msg/detail/ore_info__functions.c
[1.017s] -- Up-to-date: /home/yuanxiao/gold_hw/install/interfaces/include/interfaces/interfaces/msg/detail/ore_info__functions.h
[1.017s] -- Up-to-date: /home/yuanxiao/gold_hw/install/interfaces/include/interfaces/interfaces/msg/detail/ore_array__functions.c
[1.017s] -- Up-to-date: /home/yuanxiao/gold_hw/install/interfaces/include/interfaces/interfaces/msg/detail/ore_array__functions.h
[1.017s] -- Up-to-date: /home/yuanxiao/gold_hw/install/interfaces/include/interfaces/interfaces/msg/detail/ore_info__struct.h
[1.018s] -- Up-to-date: /home/yuanxiao/gold_hw/install/interfaces/include/interfaces/interfaces/msg/detail/ore_array__struct.h
[1.018s] -- Up-to-date: /home/yuanxiao/gold_hw/install/interfaces/include/interfaces/interfaces/msg/detail/ore_array__type_support.h
[1.018s] -- Up-to-date: /home/yuanxiao/gold_hw/install/interfaces/include/interfaces/interfaces/msg/ore_array.h
[1.018s] -- Up-to-date: /home/yuanxiao/gold_hw/install/interfaces/share/interfaces/environment/library_path.sh
[1.019s] -- Up-to-date: /home/yuanxiao/gold_hw/install/interfaces/share/interfaces/environment/library_path.dsv
[1.019s] -- Up-to-date: /home/yuanxiao/gold_hw/install/interfaces/lib/libinterfaces__rosidl_generator_c.so
[1.019s] -- Up-to-date: /home/yuanxiao/gold_hw/install/interfaces/include/interfaces/interfaces
[1.020s] -- Up-to-date: /home/yuanxiao/gold_hw/install/interfaces/include/interfaces/interfaces/srv
[1.020s] -- Up-to-date: /home/yuanxiao/gold_hw/install/interfaces/include/interfaces/interfaces/srv/detail
[1.020s] -- Up-to-date: /home/yuanxiao/gold_hw/install/interfaces/include/interfaces/interfaces/srv/detail/ore_position__rosidl_typesupport_fastrtps_c.h
[1.020s] -- Up-to-date: /home/yuanxiao/gold_hw/install/interfaces/include/interfaces/interfaces/msg
[1.021s] -- Up-to-date: /home/yuanxiao/gold_hw/install/interfaces/include/interfaces/interfaces/msg/rosidl_typesupport_fastrtps_c__visibility_control.h
[1.021s] -- Up-to-date: /home/yuanxiao/gold_hw/install/interfaces/include/interfaces/interfaces/msg/detail
[1.021s] -- Up-to-date: /home/yuanxiao/gold_hw/install/interfaces/include/interfaces/interfaces/msg/detail/ore_array__rosidl_typesupport_fastrtps_c.h
[1.021s] -- Up-to-date: /home/yuanxiao/gold_hw/install/interfaces/include/interfaces/interfaces/msg/detail/ore_info__rosidl_typesupport_fastrtps_c.h
[1.021s] -- Up-to-date: /home/yuanxiao/gold_hw/install/interfaces/lib/libinterfaces__rosidl_typesupport_fastrtps_c.so
[1.022s] -- Up-to-date: /home/yuanxiao/gold_hw/install/interfaces/include/interfaces/interfaces
[1.022s] -- Up-to-date: /home/yuanxiao/gold_hw/install/interfaces/include/interfaces/interfaces/srv
[1.022s] -- Up-to-date: /home/yuanxiao/gold_hw/install/interfaces/include/interfaces/interfaces/srv/ore_position.hpp
[1.022s] -- Up-to-date: /home/yuanxiao/gold_hw/install/interfaces/include/interfaces/interfaces/srv/detail
[1.023s] -- Up-to-date: /home/yuanxiao/gold_hw/install/interfaces/include/interfaces/interfaces/srv/detail/ore_position__builder.hpp
[1.023s] -- Up-to-date: /home/yuanxiao/gold_hw/install/interfaces/include/interfaces/interfaces/srv/detail/ore_position__struct.hpp
[1.023s] -- Up-to-date: /home/yuanxiao/gold_hw/install/interfaces/include/interfaces/interfaces/srv/detail/ore_position__traits.hpp
[1.023s] -- Up-to-date: /home/yuanxiao/gold_hw/install/interfaces/include/interfaces/interfaces/msg
[1.023s] -- Up-to-date: /home/yuanxiao/gold_hw/install/interfaces/include/interfaces/interfaces/msg/ore_array.hpp
[1.023s] -- Up-to-date: /home/yuanxiao/gold_hw/install/interfaces/include/interfaces/interfaces/msg/ore_info.hpp
[1.024s] -- Up-to-date: /home/yuanxiao/gold_hw/install/interfaces/include/interfaces/interfaces/msg/detail
[1.024s] -- Up-to-date: /home/yuanxiao/gold_hw/install/interfaces/include/interfaces/interfaces/msg/detail/ore_array__traits.hpp
[1.024s] -- Up-to-date: /home/yuanxiao/gold_hw/install/interfaces/include/interfaces/interfaces/msg/detail/ore_info__traits.hpp
[1.024s] -- Up-to-date: /home/yuanxiao/gold_hw/install/interfaces/include/interfaces/interfaces/msg/detail/ore_info__struct.hpp
[1.024s] -- Up-to-date: /home/yuanxiao/gold_hw/install/interfaces/include/interfaces/interfaces/msg/detail/ore_info__builder.hpp
[1.025s] -- Up-to-date: /home/yuanxiao/gold_hw/install/interfaces/include/interfaces/interfaces/msg/detail/ore_array__builder.hpp
[1.025s] -- Up-to-date: /home/yuanxiao/gold_hw/install/interfaces/include/interfaces/interfaces/msg/detail/ore_array__struct.hpp
[1.025s] -- Up-to-date: /home/yuanxiao/gold_hw/install/interfaces/include/interfaces/interfaces
[1.025s] -- Up-to-date: /home/yuanxiao/gold_hw/install/interfaces/include/interfaces/interfaces/srv
[1.025s] -- Up-to-date: /home/yuanxiao/gold_hw/install/interfaces/include/interfaces/interfaces/srv/detail
[1.025s] -- Up-to-date: /home/yuanxiao/gold_hw/install/interfaces/include/interfaces/interfaces/srv/detail/dds_fastrtps
[1.026s] -- Up-to-date: /home/yuanxiao/gold_hw/install/interfaces/include/interfaces/interfaces/srv/detail/ore_position__rosidl_typesupport_fastrtps_cpp.hpp
[1.026s] -- Up-to-date: /home/yuanxiao/gold_hw/install/interfaces/include/interfaces/interfaces/msg
[1.026s] -- Up-to-date: /home/yuanxiao/gold_hw/install/interfaces/include/interfaces/interfaces/msg/rosidl_typesupport_fastrtps_cpp__visibility_control.h
[1.026s] -- Up-to-date: /home/yuanxiao/gold_hw/install/interfaces/include/interfaces/interfaces/msg/detail
[1.026s] -- Up-to-date: /home/yuanxiao/gold_hw/install/interfaces/include/interfaces/interfaces/msg/detail/dds_fastrtps
[1.027s] -- Up-to-date: /home/yuanxiao/gold_hw/install/interfaces/include/interfaces/interfaces/msg/detail/ore_info__rosidl_typesupport_fastrtps_cpp.hpp
[1.027s] -- Up-to-date: /home/yuanxiao/gold_hw/install/interfaces/include/interfaces/interfaces/msg/detail/ore_array__rosidl_typesupport_fastrtps_cpp.hpp
[1.027s] -- Up-to-date: /home/yuanxiao/gold_hw/install/interfaces/lib/libinterfaces__rosidl_typesupport_fastrtps_cpp.so
[1.028s] -- Up-to-date: /home/yuanxiao/gold_hw/install/interfaces/include/interfaces/interfaces
[1.028s] -- Up-to-date: /home/yuanxiao/gold_hw/install/interfaces/include/interfaces/interfaces/srv
[1.028s] -- Up-to-date: /home/yuanxiao/gold_hw/install/interfaces/include/interfaces/interfaces/srv/detail
[1.028s] -- Up-to-date: /home/yuanxiao/gold_hw/install/interfaces/include/interfaces/interfaces/srv/detail/ore_position__rosidl_typesupport_introspection_c.h
[1.028s] -- Up-to-date: /home/yuanxiao/gold_hw/install/interfaces/include/interfaces/interfaces/srv/detail/ore_position__type_support.c
[1.028s] -- Up-to-date: /home/yuanxiao/gold_hw/install/interfaces/include/interfaces/interfaces/msg
[1.029s] -- Up-to-date: /home/yuanxiao/gold_hw/install/interfaces/include/interfaces/interfaces/msg/rosidl_typesupport_introspection_c__visibility_control.h
[1.029s] -- Up-to-date: /home/yuanxiao/gold_hw/install/interfaces/include/interfaces/interfaces/msg/detail
[1.029s] -- Up-to-date: /home/yuanxiao/gold_hw/install/interfaces/include/interfaces/interfaces/msg/detail/ore_info__rosidl_typesupport_introspection_c.h
[1.029s] -- Up-to-date: /home/yuanxiao/gold_hw/install/interfaces/include/interfaces/interfaces/msg/detail/ore_array__rosidl_typesupport_introspection_c.h
[1.029s] -- Up-to-date: /home/yuanxiao/gold_hw/install/interfaces/include/interfaces/interfaces/msg/detail/ore_array__type_support.c
[1.030s] -- Up-to-date: /home/yuanxiao/gold_hw/install/interfaces/include/interfaces/interfaces/msg/detail/ore_info__type_support.c
[1.030s] -- Up-to-date: /home/yuanxiao/gold_hw/install/interfaces/lib/libinterfaces__rosidl_typesupport_introspection_c.so
[1.030s] -- Up-to-date: /home/yuanxiao/gold_hw/install/interfaces/lib/libinterfaces__rosidl_typesupport_c.so
[1.031s] -- Up-to-date: /home/yuanxiao/gold_hw/install/interfaces/include/interfaces/interfaces
[1.031s] -- Up-to-date: /home/yuanxiao/gold_hw/install/interfaces/include/interfaces/interfaces/srv
[1.031s] -- Up-to-date: /home/yuanxiao/gold_hw/install/interfaces/include/interfaces/interfaces/srv/detail
[1.031s] -- Up-to-date: /home/yuanxiao/gold_hw/install/interfaces/include/interfaces/interfaces/srv/detail/ore_position__rosidl_typesupport_introspection_cpp.hpp
[1.031s] -- Up-to-date: /home/yuanxiao/gold_hw/install/interfaces/include/interfaces/interfaces/srv/detail/ore_position__type_support.cpp
[1.031s] -- Up-to-date: /home/yuanxiao/gold_hw/install/interfaces/include/interfaces/interfaces/msg
[1.032s] -- Up-to-date: /home/yuanxiao/gold_hw/install/interfaces/include/interfaces/interfaces/msg/detail
[1.032s] -- Up-to-date: /home/yuanxiao/gold_hw/install/interfaces/include/interfaces/interfaces/msg/detail/ore_info__type_support.cpp
[1.032s] -- Up-to-date: /home/yuanxiao/gold_hw/install/interfaces/include/interfaces/interfaces/msg/detail/ore_info__rosidl_typesupport_introspection_cpp.hpp
[1.032s] -- Up-to-date: /home/yuanxiao/gold_hw/install/interfaces/include/interfaces/interfaces/msg/detail/ore_array__type_support.cpp
[1.032s] -- Up-to-date: /home/yuanxiao/gold_hw/install/interfaces/include/interfaces/interfaces/msg/detail/ore_array__rosidl_typesupport_introspection_cpp.hpp
[1.033s] -- Up-to-date: /home/yuanxiao/gold_hw/install/interfaces/lib/libinterfaces__rosidl_typesupport_introspection_cpp.so
[1.033s] -- Up-to-date: /home/yuanxiao/gold_hw/install/interfaces/lib/libinterfaces__rosidl_typesupport_cpp.so
[1.033s] -- Up-to-date: /home/yuanxiao/gold_hw/install/interfaces/share/interfaces/environment/pythonpath.sh
[1.034s] -- Up-to-date: /home/yuanxiao/gold_hw/install/interfaces/share/interfaces/environment/pythonpath.dsv
[1.034s] -- Up-to-date: /home/yuanxiao/gold_hw/install/interfaces/local/lib/python3.10/dist-packages/interfaces-0.0.0-py3.10.egg-info
[1.034s] -- Installing: /home/yuanxiao/gold_hw/install/interfaces/local/lib/python3.10/dist-packages/interfaces-0.0.0-py3.10.egg-info/SOURCES.txt
[1.034s] -- Installing: /home/yuanxiao/gold_hw/install/interfaces/local/lib/python3.10/dist-packages/interfaces-0.0.0-py3.10.egg-info/top_level.txt
[1.035s] -- Installing: /home/yuanxiao/gold_hw/install/interfaces/local/lib/python3.10/dist-packages/interfaces-0.0.0-py3.10.egg-info/dependency_links.txt
[1.035s] -- Installing: /home/yuanxiao/gold_hw/install/interfaces/local/lib/python3.10/dist-packages/interfaces-0.0.0-py3.10.egg-info/PKG-INFO
[1.035s] -- Up-to-date: /home/yuanxiao/gold_hw/install/interfaces/local/lib/python3.10/dist-packages/interfaces
[1.035s] -- Up-to-date: /home/yuanxiao/gold_hw/install/interfaces/local/lib/python3.10/dist-packages/interfaces/_interfaces_s.ep.rosidl_typesupport_introspection_c.c
[1.036s] -- Up-to-date: /home/yuanxiao/gold_hw/install/interfaces/local/lib/python3.10/dist-packages/interfaces/_interfaces_s.ep.rosidl_typesupport_fastrtps_c.c
[1.036s] -- Up-to-date: /home/yuanxiao/gold_hw/install/interfaces/local/lib/python3.10/dist-packages/interfaces/interfaces_s__rosidl_typesupport_introspection_c.cpython-310-x86_64-linux-gnu.so
[1.036s] -- Up-to-date: /home/yuanxiao/gold_hw/install/interfaces/local/lib/python3.10/dist-packages/interfaces/interfaces_s__rosidl_typesupport_fastrtps_c.cpython-310-x86_64-linux-gnu.so
[1.036s] -- Up-to-date: /home/yuanxiao/gold_hw/install/interfaces/local/lib/python3.10/dist-packages/interfaces/interfaces_s__rosidl_typesupport_c.cpython-310-x86_64-linux-gnu.so
[1.036s] -- Up-to-date: /home/yuanxiao/gold_hw/install/interfaces/local/lib/python3.10/dist-packages/interfaces/srv
[1.036s] -- Up-to-date: /home/yuanxiao/gold_hw/install/interfaces/local/lib/python3.10/dist-packages/interfaces/srv/_ore_position_s.c
[1.036s] -- Up-to-date: /home/yuanxiao/gold_hw/install/interfaces/local/lib/python3.10/dist-packages/interfaces/srv/_ore_position.py
[1.036s] -- Up-to-date: /home/yuanxiao/gold_hw/install/interfaces/local/lib/python3.10/dist-packages/interfaces/srv/__init__.py
[1.036s] -- Up-to-date: /home/yuanxiao/gold_hw/install/interfaces/local/lib/python3.10/dist-packages/interfaces/_interfaces_s.ep.rosidl_typesupport_c.c
[1.037s] -- Up-to-date: /home/yuanxiao/gold_hw/install/interfaces/local/lib/python3.10/dist-packages/interfaces/libinterfaces__rosidl_generator_py.so
[1.037s] -- Up-to-date: /home/yuanxiao/gold_hw/install/interfaces/local/lib/python3.10/dist-packages/interfaces/__init__.py
[1.037s] -- Up-to-date: /home/yuanxiao/gold_hw/install/interfaces/local/lib/python3.10/dist-packages/interfaces/msg
[1.037s] -- Up-to-date: /home/yuanxiao/gold_hw/install/interfaces/local/lib/python3.10/dist-packages/interfaces/msg/_ore_info_s.c
[1.037s] -- Up-to-date: /home/yuanxiao/gold_hw/install/interfaces/local/lib/python3.10/dist-packages/interfaces/msg/_ore_info.py
[1.037s] -- Up-to-date: /home/yuanxiao/gold_hw/install/interfaces/local/lib/python3.10/dist-packages/interfaces/msg/_ore_array_s.c
[1.037s] -- Up-to-date: /home/yuanxiao/gold_hw/install/interfaces/local/lib/python3.10/dist-packages/interfaces/msg/_ore_array.py
[1.037s] -- Up-to-date: /home/yuanxiao/gold_hw/install/interfaces/local/lib/python3.10/dist-packages/interfaces/msg/__init__.py
[1.090s] Listing '/home/yuanxiao/gold_hw/install/interfaces/local/lib/python3.10/dist-packages/interfaces'...
[1.090s] Listing '/home/yuanxiao/gold_hw/install/interfaces/local/lib/python3.10/dist-packages/interfaces/msg'...
[1.090s] Listing '/home/yuanxiao/gold_hw/install/interfaces/local/lib/python3.10/dist-packages/interfaces/srv'...
[1.095s] -- Up-to-date: /home/yuanxiao/gold_hw/install/interfaces/local/lib/python3.10/dist-packages/interfaces/interfaces_s__rosidl_typesupport_fastrtps_c.cpython-310-x86_64-linux-gnu.so
[1.095s] -- Up-to-date: /home/yuanxiao/gold_hw/install/interfaces/local/lib/python3.10/dist-packages/interfaces/interfaces_s__rosidl_typesupport_introspection_c.cpython-310-x86_64-linux-gnu.so
[1.095s] -- Up-to-date: /home/yuanxiao/gold_hw/install/interfaces/local/lib/python3.10/dist-packages/interfaces/interfaces_s__rosidl_typesupport_c.cpython-310-x86_64-linux-gnu.so
[1.096s] -- Up-to-date: /home/yuanxiao/gold_hw/install/interfaces/lib/libinterfaces__rosidl_generator_py.so
[1.096s] -- Up-to-date: /home/yuanxiao/gold_hw/install/interfaces/share/interfaces/msg/OreArray.idl
[1.096s] -- Up-to-date: /home/yuanxiao/gold_hw/install/interfaces/share/interfaces/msg/OreInfo.idl
[1.096s] -- Up-to-date: /home/yuanxiao/gold_hw/install/interfaces/share/interfaces/srv/OrePosition.idl
[1.097s] -- Up-to-date: /home/yuanxiao/gold_hw/install/interfaces/share/interfaces/msg/OreArray.msg
[1.097s] -- Up-to-date: /home/yuanxiao/gold_hw/install/interfaces/share/interfaces/msg/OreInfo.msg
[1.097s] -- Up-to-date: /home/yuanxiao/gold_hw/install/interfaces/share/interfaces/srv/OrePosition.srv
[1.097s] -- Up-to-date: /home/yuanxiao/gold_hw/install/interfaces/share/interfaces/srv/OrePosition_Request.msg
[1.097s] -- Up-to-date: /home/yuanxiao/gold_hw/install/interfaces/share/interfaces/srv/OrePosition_Response.msg
[1.097s] -- Up-to-date: /home/yuanxiao/gold_hw/install/interfaces/share/ament_index/resource_index/package_run_dependencies/interfaces
[1.097s] -- Up-to-date: /home/yuanxiao/gold_hw/install/interfaces/share/ament_index/resource_index/parent_prefix_path/interfaces
[1.098s] -- Up-to-date: /home/yuanxiao/gold_hw/install/interfaces/share/interfaces/environment/ament_prefix_path.sh
[1.098s] -- Up-to-date: /home/yuanxiao/gold_hw/install/interfaces/share/interfaces/environment/ament_prefix_path.dsv
[1.098s] -- Up-to-date: /home/yuanxiao/gold_hw/install/interfaces/share/interfaces/environment/path.sh
[1.098s] -- Up-to-date: /home/yuanxiao/gold_hw/install/interfaces/share/interfaces/environment/path.dsv
[1.098s] -- Up-to-date: /home/yuanxiao/gold_hw/install/interfaces/share/interfaces/local_setup.bash
[1.099s] -- Up-to-date: /home/yuanxiao/gold_hw/install/interfaces/share/interfaces/local_setup.sh
[1.099s] -- Up-to-date: /home/yuanxiao/gold_hw/install/interfaces/share/interfaces/local_setup.zsh
[1.099s] -- Up-to-date: /home/yuanxiao/gold_hw/install/interfaces/share/interfaces/local_setup.dsv
[1.099s] -- Installing: /home/yuanxiao/gold_hw/install/interfaces/share/interfaces/package.dsv
[1.099s] -- Up-to-date: /home/yuanxiao/gold_hw/install/interfaces/share/ament_index/resource_index/packages/interfaces
[1.099s] -- Up-to-date: /home/yuanxiao/gold_hw/install/interfaces/share/interfaces/cmake/export_interfaces__rosidl_generator_cExport.cmake
[1.099s] -- Up-to-date: /home/yuanxiao/gold_hw/install/interfaces/share/interfaces/cmake/export_interfaces__rosidl_generator_cExport-noconfig.cmake
[1.099s] -- Up-to-date: /home/yuanxiao/gold_hw/install/interfaces/share/interfaces/cmake/export_interfaces__rosidl_typesupport_fastrtps_cExport.cmake
[1.099s] -- Up-to-date: /home/yuanxiao/gold_hw/install/interfaces/share/interfaces/cmake/export_interfaces__rosidl_typesupport_fastrtps_cExport-noconfig.cmake
[1.099s] -- Up-to-date: /home/yuanxiao/gold_hw/install/interfaces/share/interfaces/cmake/export_interfaces__rosidl_generator_cppExport.cmake
[1.099s] -- Up-to-date: /home/yuanxiao/gold_hw/install/interfaces/share/interfaces/cmake/export_interfaces__rosidl_typesupport_fastrtps_cppExport.cmake
[1.099s] -- Up-to-date: /home/yuanxiao/gold_hw/install/interfaces/share/interfaces/cmake/export_interfaces__rosidl_typesupport_fastrtps_cppExport-noconfig.cmake
[1.100s] -- Up-to-date: /home/yuanxiao/gold_hw/install/interfaces/share/interfaces/cmake/interfaces__rosidl_typesupport_introspection_cExport.cmake
[1.100s] -- Up-to-date: /home/yuanxiao/gold_hw/install/interfaces/share/interfaces/cmake/interfaces__rosidl_typesupport_introspection_cExport-noconfig.cmake
[1.100s] -- Up-to-date: /home/yuanxiao/gold_hw/install/interfaces/share/interfaces/cmake/interfaces__rosidl_typesupport_cExport.cmake
[1.100s] -- Up-to-date: /home/yuanxiao/gold_hw/install/interfaces/share/interfaces/cmake/interfaces__rosidl_typesupport_cExport-noconfig.cmake
[1.100s] -- Up-to-date: /home/yuanxiao/gold_hw/install/interfaces/share/interfaces/cmake/interfaces__rosidl_typesupport_introspection_cppExport.cmake
[1.100s] -- Up-to-date: /home/yuanxiao/gold_hw/install/interfaces/share/interfaces/cmake/interfaces__rosidl_typesupport_introspection_cppExport-noconfig.cmake
[1.100s] -- Up-to-date: /home/yuanxiao/gold_hw/install/interfaces/share/interfaces/cmake/interfaces__rosidl_typesupport_cppExport.cmake
[1.100s] -- Up-to-date: /home/yuanxiao/gold_hw/install/interfaces/share/interfaces/cmake/interfaces__rosidl_typesupport_cppExport-noconfig.cmake
[1.100s] -- Up-to-date: /home/yuanxiao/gold_hw/install/interfaces/share/interfaces/cmake/export_interfaces__rosidl_generator_pyExport.cmake
[1.100s] -- Up-to-date: /home/yuanxiao/gold_hw/install/interfaces/share/interfaces/cmake/export_interfaces__rosidl_generator_pyExport-noconfig.cmake
[1.100s] -- Up-to-date: /home/yuanxiao/gold_hw/install/interfaces/share/interfaces/cmake/rosidl_cmake-extras.cmake
[1.100s] -- Up-to-date: /home/yuanxiao/gold_hw/install/interfaces/share/interfaces/cmake/ament_cmake_export_dependencies-extras.cmake
[1.101s] -- Up-to-date: /home/yuanxiao/gold_hw/install/interfaces/share/interfaces/cmake/ament_cmake_export_include_directories-extras.cmake
[1.101s] -- Up-to-date: /home/yuanxiao/gold_hw/install/interfaces/share/interfaces/cmake/ament_cmake_export_libraries-extras.cmake
[1.102s] -- Up-to-date: /home/yuanxiao/gold_hw/install/interfaces/share/interfaces/cmake/ament_cmake_export_targets-extras.cmake
[1.102s] -- Up-to-date: /home/yuanxiao/gold_hw/install/interfaces/share/interfaces/cmake/rosidl_cmake_export_typesupport_targets-extras.cmake
[1.109s] -- Up-to-date: /home/yuanxiao/gold_hw/install/interfaces/share/interfaces/cmake/rosidl_cmake_export_typesupport_libraries-extras.cmake
[1.109s] -- Up-to-date: /home/yuanxiao/gold_hw/install/interfaces/share/interfaces/cmake/interfacesConfig.cmake
[1.110s] -- Up-to-date: /home/yuanxiao/gold_hw/install/interfaces/share/interfaces/cmake/interfacesConfig-version.cmake
[1.110s] -- Up-to-date: /home/yuanxiao/gold_hw/install/interfaces/share/interfaces/package.xml
[1.110s] Invoked command in '/home/yuanxiao/gold_hw/build/interfaces' returned '0': CMAKE_PREFIX_PATH=${CMAKE_PREFIX_PATH}:/home/yuanxiao/dev_ws/install/learning_urdf:/home/yuanxiao/dev_ws/install/learning_topic:/home/yuanxiao/dev_ws/install/learning_tf:/home/yuanxiao/dev_ws/install/learning_service:/home/yuanxiao/dev_ws/install/learning_qos:/home/yuanxiao/dev_ws/install/learning_pkg_python:/home/yuanxiao/dev_ws/install/learning_parameter:/home/yuanxiao/dev_ws/install/learning_node:/home/yuanxiao/dev_ws/install/learning_launch:/home/yuanxiao/dev_ws/install/learning_action:/home/yuanxiao/dev_ws/install/learning_gazebo:/opt/ros/humble /usr/bin/cmake --install /home/yuanxiao/gold_hw/build/interfaces
