[0.036s] Invoking command in '/home/yuanxiao/gold_hw/build/gold_miner': CMAKE_PREFIX_PATH=/home/yuanxiao/gold_hw/install/interfaces:/home/yuanxiao/gold_hw/install/gold_miner:/home/yuanxiao/dev_ws/install/learning_pkg_c:/home/yuanxiao/dev_ws/install/learning_interface:/home/yuanxiao/dev_ws/install/learning_urdf:/home/yuanxiao/dev_ws/install/learning_topic:/home/yuanxiao/dev_ws/install/learning_tf:/home/yuanxiao/dev_ws/install/learning_service:/home/yuanxiao/dev_ws/install/learning_qos:/home/yuanxiao/dev_ws/install/learning_pkg_python:/home/yuanxiao/dev_ws/install/learning_parameter:/home/yuanxiao/dev_ws/install/learning_node:/home/yuanxiao/dev_ws/install/learning_launch:/home/yuanxiao/dev_ws/install/learning_action:/home/yuanxiao/dev_ws/install/learning_gazebo:/opt/ros/humble /usr/bin/cmake --build /home/yuanxiao/gold_hw/build/gold_miner -- -j4 -l4
[0.095s] [ 50%] Built target mining_industry
[0.109s] [35m[1mConsolidate compiler generated dependencies of target miner[0m
[0.142s] [ 75%] [32mBuilding CXX object CMakeFiles/miner.dir/src/miner.cpp.o[0m
[2.960s] [01m[K/home/yuanxiao/gold_hw/src/gold_miner/src/miner.cpp:[m[K In member function ‘[01m[Kvoid Miner::oreInfoCallback(const OreArray&)[m[K’:
[2.961s] [01m[K/home/yuanxiao/gold_hw/src/gold_miner/src/miner.cpp:36:14:[m[K [01;31m[Kerror: [m[K‘[01m[Kunordered[m[K’ is not a member of ‘[01m[Kstd[m[K’; did you mean ‘[01m[Kisunordered[m[K’?
[2.961s]    36 |         std::[01;31m[Kunordered[m[K<float, > dis;     //yong nage nidongde
[2.961s]       |              [01;31m[K^~~~~~~~~[m[K
[2.961s]       |              [32m[Kisunordered[m[K
[2.961s] [01m[K/home/yuanxiao/gold_hw/src/gold_miner/src/miner.cpp:36:24:[m[K [01;31m[Kerror: [m[Kexpected primary-expression before ‘[01m[Kfloat[m[K’
[2.961s]    36 |         std::unordered<[01;31m[Kfloat[m[K, > dis;     //yong nage nidongde
[2.961s]       |                        [01;31m[K^~~~~[m[K
[2.969s] [01m[K/home/yuanxiao/gold_hw/src/gold_miner/src/miner.cpp:40:13:[m[K [01;31m[Kerror: [m[K‘[01m[Kdis[m[K’ was not declared in this scope; did you mean ‘[01m[Kdiv[m[K’?
[2.969s]    40 |             [01;31m[Kdis[m[K.push_back(mid);
[2.969s]       |             [01;31m[K^~~[m[K
[2.969s]       |             [32m[Kdiv[m[K
[2.973s] [01m[K/home/yuanxiao/gold_hw/src/gold_miner/src/miner.cpp:42:42:[m[K [01;31m[Kerror: [m[K‘[01m[Kdis[m[K’ was not declared in this scope; did you mean ‘[01m[Kdiv[m[K’?
[2.973s]    42 |         size_t minPosition = min_element([01;31m[Kdis[m[K.begin(),dis.end()) - dis.begin();
[2.973s]       |                                          [01;31m[K^~~[m[K
[2.973s]       |                                          [32m[Kdiv[m[K
[2.973s] [01m[K/home/yuanxiao/gold_hw/src/gold_miner/src/miner.cpp:42:30:[m[K [01;31m[Kerror: [m[K‘[01m[Kmin_element[m[K’ was not declared in this scope; did you mean ‘[01m[Kstd::min_element[m[K’?
[2.974s]    42 |         size_t minPosition = [01;31m[Kmin_element[m[K(dis.begin(),dis.end()) - dis.begin();
[2.974s]       |                              [01;31m[K^~~~~~~~~~~[m[K
[2.974s]       |                              [32m[Kstd::min_element[m[K
[2.974s] In file included from [01m[K/usr/include/c++/11/algorithm:74[m[K,
[2.974s]                  from [01m[K/opt/ros/humble/include/rclcpp/rclcpp/executor.hpp:18[m[K,
[2.974s]                  from [01m[K/opt/ros/humble/include/rclcpp/rclcpp/executors/multi_threaded_executor.hpp:25[m[K,
[2.974s]                  from [01m[K/opt/ros/humble/include/rclcpp/rclcpp/executors.hpp:21[m[K,
[2.975s]                  from [01m[K/opt/ros/humble/include/rclcpp/rclcpp/rclcpp.hpp:155[m[K,
[2.975s]                  from [01m[K/home/yuanxiao/gold_hw/src/gold_miner/src/miner.cpp:1[m[K:
[2.975s] [01m[K/usr/include/c++/11/pstl/glue_algorithm_defs.h:520:1:[m[K [01;36m[Knote: [m[K‘[01m[Kstd::min_element[m[K’ declared here
[2.975s]   520 | [01;36m[Kmin_element[m[K(_ExecutionPolicy&& __exec, _ForwardIterator __first, _ForwardIterator __last);
[2.975s]       | [01;36m[K^~~~~~~~~~~[m[K
[2.975s] In file included from [01m[K/opt/ros/humble/include/rclcpp/rclcpp/logging.hpp:24[m[K,
[2.975s]                  from [01m[K/opt/ros/humble/include/rclcpp/rclcpp/client.hpp:40[m[K,
[2.975s]                  from [01m[K/opt/ros/humble/include/rclcpp/rclcpp/callback_group.hpp:24[m[K,
[2.975s]                  from [01m[K/opt/ros/humble/include/rclcpp/rclcpp/any_executable.hpp:20[m[K,
[2.975s]                  from [01m[K/opt/ros/humble/include/rclcpp/rclcpp/memory_strategy.hpp:25[m[K,
[2.975s]                  from [01m[K/opt/ros/humble/include/rclcpp/rclcpp/memory_strategies.hpp:18[m[K,
[2.975s]                  from [01m[K/opt/ros/humble/include/rclcpp/rclcpp/executor_options.hpp:20[m[K,
[2.976s]                  from [01m[K/opt/ros/humble/include/rclcpp/rclcpp/executor.hpp:37[m[K,
[2.976s]                  from [01m[K/opt/ros/humble/include/rclcpp/rclcpp/executors/multi_threaded_executor.hpp:25[m[K,
[2.976s]                  from [01m[K/opt/ros/humble/include/rclcpp/rclcpp/executors.hpp:21[m[K,
[2.976s]                  from [01m[K/opt/ros/humble/include/rclcpp/rclcpp/rclcpp.hpp:155[m[K,
[2.976s]                  from [01m[K/home/yuanxiao/gold_hw/src/gold_miner/src/miner.cpp:1[m[K:
[2.976s] [01m[K/home/yuanxiao/gold_hw/src/gold_miner/src/miner.cpp:43:221:[m[K [01;31m[Kerror: [m[Kinvalid use of non-static member function ‘[01m[Kconst _CharT* std::__cxx11::basic_string<_CharT, _Traits, _Alloc>::c_str() const [with _CharT = char; _Traits = std::char_traits<char>; _Alloc = std::allocator<char>][m[K’
[2.976s]    43 | .position.x,msg.ores[1].position.y,msg.ores[1].position.z, msg.ores[1].type.c_str, msg.ores[1].value);
[2.976s] 
[2.976s] In file included from [01m[K/usr/include/c++/11/string:55[m[K,
[2.976s]                  from [01m[K/usr/include/c++/11/stdexcept:39[m[K,
[2.976s]                  from [01m[K/usr/include/c++/11/system_error:41[m[K,
[2.976s]                  from [01m[K/usr/include/c++/11/mutex:42[m[K,
[2.976s]                  from [01m[K/usr/include/c++/11/future:38[m[K,
[2.976s]                  from [01m[K/opt/ros/humble/include/rclcpp/rclcpp/executors.hpp:18[m[K,
[2.976s]                  from [01m[K/opt/ros/humble/include/rclcpp/rclcpp/rclcpp.hpp:155[m[K,
[2.977s]                  from [01m[K/home/yuanxiao/gold_hw/src/gold_miner/src/miner.cpp:1[m[K:
[2.977s] [01m[K/usr/include/c++/11/bits/basic_string.h:2320:7:[m[K [01;36m[Knote: [m[Kdeclared here
[2.977s]  2320 |       [01;36m[Kc_str[m[K() const _GLIBCXX_NOEXCEPT
[2.977s]       |       [01;36m[K^~~~~[m[K
[5.860s] gmake[2]: *** [CMakeFiles/miner.dir/build.make:76: CMakeFiles/miner.dir/src/miner.cpp.o] Error 1
[5.860s] gmake[1]: *** [CMakeFiles/Makefile2:165: CMakeFiles/miner.dir/all] Error 2
[5.862s] gmake: *** [Makefile:146: all] Error 2
[5.863s] Invoked command in '/home/yuanxiao/gold_hw/build/gold_miner' returned '2': CMAKE_PREFIX_PATH=/home/yuanxiao/gold_hw/install/interfaces:/home/yuanxiao/gold_hw/install/gold_miner:/home/yuanxiao/dev_ws/install/learning_pkg_c:/home/yuanxiao/dev_ws/install/learning_interface:/home/yuanxiao/dev_ws/install/learning_urdf:/home/yuanxiao/dev_ws/install/learning_topic:/home/yuanxiao/dev_ws/install/learning_tf:/home/yuanxiao/dev_ws/install/learning_service:/home/yuanxiao/dev_ws/install/learning_qos:/home/yuanxiao/dev_ws/install/learning_pkg_python:/home/yuanxiao/dev_ws/install/learning_parameter:/home/yuanxiao/dev_ws/install/learning_node:/home/yuanxiao/dev_ws/install/learning_launch:/home/yuanxiao/dev_ws/install/learning_action:/home/yuanxiao/dev_ws/install/learning_gazebo:/opt/ros/humble /usr/bin/cmake --build /home/yuanxiao/gold_hw/build/gold_miner -- -j4 -l4
