[0.033s] Invoking command in '/home/yuanxiao/gold_hw/build/gold_miner': CMAKE_PREFIX_PATH=/home/yuanxiao/gold_hw/install/interfaces:/home/yuanxiao/gold_hw/install/gold_miner:/home/yuanxiao/dev_ws/install/learning_pkg_c:/home/yuanxiao/dev_ws/install/learning_interface:/home/yuanxiao/dev_ws/install/learning_urdf:/home/yuanxiao/dev_ws/install/learning_topic:/home/yuanxiao/dev_ws/install/learning_tf:/home/yuanxiao/dev_ws/install/learning_service:/home/yuanxiao/dev_ws/install/learning_qos:/home/yuanxiao/dev_ws/install/learning_pkg_python:/home/yuanxiao/dev_ws/install/learning_parameter:/home/yuanxiao/dev_ws/install/learning_node:/home/yuanxiao/dev_ws/install/learning_launch:/home/yuanxiao/dev_ws/install/learning_action:/home/yuanxiao/dev_ws/install/learning_gazebo:/opt/ros/humble /usr/bin/cmake --build /home/yuanxiao/gold_hw/build/gold_miner -- -j4 -l4
[0.086s] [35m[1mConsolidate compiler generated dependencies of target mining_industry[0m
[0.113s] [ 25%] [32mBuilding CXX object CMakeFiles/mining_industry.dir/src/mining_industry.cpp.o[0m
[5.273s] [ 50%] [32m[1mLinking CXX executable mining_industry[0m
[5.513s] [ 50%] Built target mining_industry
[5.526s] [35m[1mConsolidate compiler generated dependencies of target miner[0m
[5.546s] [ 75%] [32mBuilding CXX object CMakeFiles/miner.dir/src/miner.cpp.o[0m
[8.113s] In file included from [01m[K/opt/ros/humble/include/rclcpp/rclcpp/callback_group.hpp:24[m[K,
[8.114s]                  from [01m[K/opt/ros/humble/include/rclcpp/rclcpp/any_executable.hpp:20[m[K,
[8.114s]                  from [01m[K/opt/ros/humble/include/rclcpp/rclcpp/memory_strategy.hpp:25[m[K,
[8.114s]                  from [01m[K/opt/ros/humble/include/rclcpp/rclcpp/memory_strategies.hpp:18[m[K,
[8.114s]                  from [01m[K/opt/ros/humble/include/rclcpp/rclcpp/executor_options.hpp:20[m[K,
[8.114s]                  from [01m[K/opt/ros/humble/include/rclcpp/rclcpp/executor.hpp:37[m[K,
[8.114s]                  from [01m[K/opt/ros/humble/include/rclcpp/rclcpp/executors/multi_threaded_executor.hpp:25[m[K,
[8.114s]                  from [01m[K/opt/ros/humble/include/rclcpp/rclcpp/executors.hpp:21[m[K,
[8.114s]                  from [01m[K/opt/ros/humble/include/rclcpp/rclcpp/rclcpp.hpp:155[m[K,
[8.114s]                  from [01m[K/home/yuanxiao/gold_hw/src/gold_miner/src/miner.cpp:1[m[K:
[8.114s] /opt/ros/humble/include/rclcpp/rclcpp/client.hpp: In instantiation of ‘[01m[Kclass rclcpp::Client<interfaces::srv::OrePosition_Request_<std::allocator<void> > >[m[K’:
[8.114s] [01m[K/opt/ros/humble/include/rclcpp/rclcpp/node_impl.hpp:125:1:[m[K   required by substitution of ‘[01m[Ktemplate<class ServiceT> typename rclcpp::Client<ServiceT>::SharedPtr rclcpp::Node::create_client(const string&, const rmw_qos_profile_t&, rclcpp::CallbackGroup::SharedPtr) [with ServiceT = interfaces::srv::OrePosition_Request_<std::allocator<void> >][m[K’
[8.114s] [01m[K/home/yuanxiao/gold_hw/src/gold_miner/src/miner.cpp:17:77:[m[K   required from here
[8.114s] [01m[K/opt/ros/humble/include/rclcpp/rclcpp/client.hpp:374:9:[m[K [01;31m[Kerror: [m[Kno type named ‘[01m[KRequest[m[K’ in ‘[01m[Kstruct interfaces::srv::OrePosition_Request_<std::allocator<void> >[m[K’
[8.115s]   374 |   using [01;31m[KRequest[m[K = typename ServiceT::Request;
[8.115s]       |         [01;31m[K^~~~~~~[m[K
[8.115s] [01m[K/opt/ros/humble/include/rclcpp/rclcpp/client.hpp:375:9:[m[K [01;31m[Kerror: [m[Kno type named ‘[01m[KResponse[m[K’ in ‘[01m[Kstruct interfaces::srv::OrePosition_Request_<std::allocator<void> >[m[K’
[8.115s]   375 |   using [01;31m[KResponse[m[K = typename ServiceT::Response;
[8.115s]       |         [01;31m[K^~~~~~~~[m[K
[8.116s] [01m[K/opt/ros/humble/include/rclcpp/rclcpp/client.hpp:377:9:[m[K [01;31m[Kerror: [m[Kno type named ‘[01m[KRequest[m[K’ in ‘[01m[Kstruct interfaces::srv::OrePosition_Request_<std::allocator<void> >[m[K’
[8.116s]   377 |   using [01;31m[KSharedRequest[m[K = typename ServiceT::Request::SharedPtr;
[8.116s]       |         [01;31m[K^~~~~~~~~~~~~[m[K
[8.116s] [01m[K/opt/ros/humble/include/rclcpp/rclcpp/client.hpp:378:9:[m[K [01;31m[Kerror: [m[Kno type named ‘[01m[KResponse[m[K’ in ‘[01m[Kstruct interfaces::srv::OrePosition_Request_<std::allocator<void> >[m[K’
[8.116s]   378 |   using [01;31m[KSharedResponse[m[K = typename ServiceT::Response::SharedPtr;
[8.116s]       |         [01;31m[K^~~~~~~~~~~~~~[m[K
[8.116s] [01m[K/opt/ros/humble/include/rclcpp/rclcpp/client.hpp:380:9:[m[K [01;31m[Kerror: [m[Kno type named ‘[01m[KResponse[m[K’ in ‘[01m[Kstruct interfaces::srv::OrePosition_Request_<std::allocator<void> >[m[K’
[8.116s]   380 |   using [01;31m[KPromise[m[K = std::promise<SharedResponse>;
[8.116s]       |         [01;31m[K^~~~~~~[m[K
[8.116s] [01m[K/opt/ros/humble/include/rclcpp/rclcpp/client.hpp:381:9:[m[K [01;31m[Kerror: [m[Kno type named ‘[01m[KRequest[m[K’ in ‘[01m[Kstruct interfaces::srv::OrePosition_Request_<std::allocator<void> >[m[K’
[8.116s]   381 |   using [01;31m[KPromiseWithRequest[m[K = std::promise<std::pair<SharedRequest, SharedResponse>>;
[8.117s]       |         [01;31m[K^~~~~~~~~~~~~~~~~~[m[K
[8.117s] [01m[K/opt/ros/humble/include/rclcpp/rclcpp/client.hpp:383:9:[m[K [01;31m[Kerror: [m[Kno type named ‘[01m[KResponse[m[K’ in ‘[01m[Kstruct interfaces::srv::OrePosition_Request_<std::allocator<void> >[m[K’
[8.117s]   383 |   using [01;31m[KSharedPromise[m[K = std::shared_ptr<Promise>;
[8.117s]       |         [01;31m[K^~~~~~~~~~~~~[m[K
[8.117s] [01m[K/opt/ros/humble/include/rclcpp/rclcpp/client.hpp:384:9:[m[K [01;31m[Kerror: [m[Kno type named ‘[01m[KRequest[m[K’ in ‘[01m[Kstruct interfaces::srv::OrePosition_Request_<std::allocator<void> >[m[K’
[8.117s]   384 |   using [01;31m[KSharedPromiseWithRequest[m[K = std::shared_ptr<PromiseWithRequest>;
[8.117s]       |         [01;31m[K^~~~~~~~~~~~~~~~~~~~~~~~[m[K
[8.117s] [01m[K/opt/ros/humble/include/rclcpp/rclcpp/client.hpp:386:9:[m[K [01;31m[Kerror: [m[Kno type named ‘[01m[KResponse[m[K’ in ‘[01m[Kstruct interfaces::srv::OrePosition_Request_<std::allocator<void> >[m[K’
[8.117s]   386 |   using [01;31m[KFuture[m[K = std::future<SharedResponse>;
[8.117s]       |         [01;31m[K^~~~~~[m[K
[8.117s] [01m[K/opt/ros/humble/include/rclcpp/rclcpp/client.hpp:387:9:[m[K [01;31m[Kerror: [m[Kno type named ‘[01m[KResponse[m[K’ in ‘[01m[Kstruct interfaces::srv::OrePosition_Request_<std::allocator<void> >[m[K’
[8.117s]   387 |   using [01;31m[KSharedFuture[m[K = std::shared_future<SharedResponse>;
[8.117s]       |         [01;31m[K^~~~~~~~~~~~[m[K
[8.117s] [01m[K/opt/ros/humble/include/rclcpp/rclcpp/client.hpp:388:9:[m[K [01;31m[Kerror: [m[Kno type named ‘[01m[KRequest[m[K’ in ‘[01m[Kstruct interfaces::srv::OrePosition_Request_<std::allocator<void> >[m[K’
[8.117s]   388 |   using [01;31m[KSharedFutureWithRequest[m[K = std::shared_future<std::pair<SharedRequest, SharedResponse>>;
[8.118s]       |         [01;31m[K^~~~~~~~~~~~~~~~~~~~~~~[m[K
[8.118s] [01m[K/opt/ros/humble/include/rclcpp/rclcpp/client.hpp:390:9:[m[K [01;31m[Kerror: [m[Kno type named ‘[01m[KResponse[m[K’ in ‘[01m[Kstruct interfaces::srv::OrePosition_Request_<std::allocator<void> >[m[K’
[8.118s]   390 |   using [01;31m[KCallbackType[m[K = std::function<void (SharedFuture)>;
[8.118s]       |         [01;31m[K^~~~~~~~~~~~[m[K
[8.118s] [01m[K/opt/ros/humble/include/rclcpp/rclcpp/client.hpp:391:9:[m[K [01;31m[Kerror: [m[Kno type named ‘[01m[KRequest[m[K’ in ‘[01m[Kstruct interfaces::srv::OrePosition_Request_<std::allocator<void> >[m[K’
[8.118s]   391 |   using [01;31m[KCallbackWithRequestType[m[K = std::function<void (SharedFutureWithRequest)>;
[8.118s]       |         [01;31m[K^~~~~~~~~~~~~~~~~~~~~~~[m[K
[8.118s] [01m[K/opt/ros/humble/include/rclcpp/rclcpp/client.hpp:513:3:[m[K [01;31m[Kerror: [m[Kno type named ‘[01m[KResponse[m[K’ in ‘[01m[Kstruct interfaces::srv::OrePosition_Request_<std::allocator<void> >[m[K’
[8.118s]   513 |   [01;31m[Ktake_response[m[K(typename ServiceT::Response & response_out, rmw_request_id_t & request_header_out)
[8.118s]       |   [01;31m[K^~~~~~~~~~~~~[m[K
[8.118s] [01m[K/opt/ros/humble/include/rclcpp/rclcpp/client.hpp:643:3:[m[K [01;31m[Kerror: [m[Kno type named ‘[01m[KResponse[m[K’ in ‘[01m[Kstruct interfaces::srv::OrePosition_Request_<std::allocator<void> >[m[K’
[8.118s]   643 |   [01;31m[Kasync_send_request[m[K(SharedRequest request, CallbackT && cb)
[8.118s]       |   [01;31m[K^~~~~~~~~~~~~~~~~~[m[K
[8.118s] [01m[K/opt/ros/humble/include/rclcpp/rclcpp/client.hpp:674:3:[m[K [01;31m[Kerror: [m[Kno type named ‘[01m[KRequest[m[K’ in ‘[01m[Kstruct interfaces::srv::OrePosition_Request_<std::allocator<void> >[m[K’
[8.119s]   674 |   [01;31m[Kasync_send_request[m[K(SharedRequest request, CallbackT && cb)
[8.119s]       |   [01;31m[K^~~~~~~~~~~~~~~~~~[m[K
[8.119s] [01m[K/opt/ros/humble/include/rclcpp/rclcpp/client.hpp:784:9:[m[K [01;31m[Kerror: [m[Kno type named ‘[01m[KResponse[m[K’ in ‘[01m[Kstruct interfaces::srv::OrePosition_Request_<std::allocator<void> >[m[K’
[8.119s]   784 |   using [01;31m[KCallbackTypeValueVariant[m[K = std::tuple<CallbackType, SharedFuture, Promise>;
[8.119s]       |         [01;31m[K^~~~~~~~~~~~~~~~~~~~~~~~[m[K
[8.119s] [01m[K/opt/ros/humble/include/rclcpp/rclcpp/client.hpp:785:9:[m[K [01;31m[Kerror: [m[Kno type named ‘[01m[KRequest[m[K’ in ‘[01m[Kstruct interfaces::srv::OrePosition_Request_<std::allocator<void> >[m[K’
[8.119s]   785 |   using [01;31m[KCallbackWithRequestTypeValueVariant[m[K = std::tuple<
[8.119s]       |         [01;31m[K^~~~~~~~~~~~~~~~~~~~~~~~~~~~~~~~~~~[m[K
[8.119s] [01m[K/opt/ros/humble/include/rclcpp/rclcpp/client.hpp:788:9:[m[K [01;31m[Kerror: [m[Kno type named ‘[01m[KResponse[m[K’ in ‘[01m[Kstruct interfaces::srv::OrePosition_Request_<std::allocator<void> >[m[K’
[8.119s]   788 |   using [01;31m[KCallbackInfoVariant[m[K = std::variant<
[8.119s]       |         [01;31m[K^~~~~~~~~~~~~~~~~~~[m[K
[8.119s] [01m[K/opt/ros/humble/include/rclcpp/rclcpp/client.hpp:809:3:[m[K [01;31m[Kerror: [m[Kno type named ‘[01m[KResponse[m[K’ in ‘[01m[Kstruct interfaces::srv::OrePosition_Request_<std::allocator<void> >[m[K’
[8.119s]   809 |   [01;31m[Kget_and_erase_pending_request[m[K(int64_t request_number)
[8.120s]       |   [01;31m[K^~~~~~~~~~~~~~~~~~~~~~~~~~~~~[m[K
[8.122s] [01m[K/opt/ros/humble/include/rclcpp/rclcpp/client.hpp:831:3:[m[K [01;31m[Kerror: [m[Kno type named ‘[01m[KResponse[m[K’ in ‘[01m[Kstruct interfaces::srv::OrePosition_Request_<std::allocator<void> >[m[K’
[8.123s]   831 |   [01;31m[Kpending_requests_[m[K;
[8.123s]       |   [01;31m[K^~~~~~~~~~~~~~~~~[m[K
[8.123s] [01m[K/home/yuanxiao/gold_hw/src/gold_miner/src/miner.cpp:[m[K In constructor ‘[01m[KMiner::Miner()[m[K’:
[8.123s] [01m[K/home/yuanxiao/gold_hw/src/gold_miner/src/miner.cpp:17:87:[m[K [01;31m[Kerror: [m[Kno match for ‘[01m[Koperator=[m[K’ (operand types are ‘[01m[Krclcpp::Client<interfaces::srv::OrePosition>::SharedPtr[m[K’ {aka ‘[01m[Kstd::shared_ptr<rclcpp::Client<interfaces::srv::OrePosition> >[m[K’} and ‘[01m[Krclcpp::Client<interfaces::srv::OrePosition_Request_<std::allocator<void> > >::SharedPtr[m[K’ {aka ‘[01m[Kstd::shared_ptr<rclcpp::Client<interfaces::srv::OrePosition_Request_<std::allocator<void> > > >[m[K’})
[8.123s]    17 |  this->create_client<interfaces::srv::OrePosition::Request>("ore_srv"[01;31m[K)[m[K;
[8.123s]       |                                                                      [01;31m[K^[m[K
[8.124s] 
[8.124s] In file included from [01m[K/usr/include/c++/11/memory:77[m[K,
[8.124s]                  from [01m[K/opt/ros/humble/include/rclcpp/rclcpp/rclcpp.hpp:153[m[K,
[8.124s]                  from [01m[K/home/yuanxiao/gold_hw/src/gold_miner/src/miner.cpp:1[m[K:
[8.124s] [01m[K/usr/include/c++/11/bits/shared_ptr.h:363:9:[m[K [01;36m[Knote: [m[Kcandidate: ‘[01m[Ktemplate<class _Yp> std::shared_ptr<_Tp>::_Assignable<const std::shared_ptr<_Yp>&> std::shared_ptr<_Tp>::operator=(const std::shared_ptr<_Yp>&) [with _Yp = _Yp; _Tp = rclcpp::Client<interfaces::srv::OrePosition>][m[K’
[8.124s]   363 |         [01;36m[Koperator[m[K=(const shared_ptr<_Yp>& __r) noexcept
[8.125s]       |         [01;36m[K^~~~~~~~[m[K
[8.125s] [01m[K/usr/include/c++/11/bits/shared_ptr.h:363:9:[m[K [01;36m[Knote: [m[K  template argument deduction/substitution failed:
[8.125s] /usr/include/c++/11/bits/shared_ptr.h: In substitution of ‘[01m[Ktemplate<class _Tp> template<class _Arg> using _Assignable = typename std::enable_if<std::is_assignable<std::__shared_ptr<_Tp>&, _Arg>::value, std::shared_ptr<_Tp>&>::type [with _Arg = const std::shared_ptr<rclcpp::Client<interfaces::srv::OrePosition_Request_<std::allocator<void> > > >&; _Tp = rclcpp::Client<interfaces::srv::OrePosition>][m[K’:
[8.125s] [01m[K/usr/include/c++/11/bits/shared_ptr.h:363:2:[m[K   required by substitution of ‘[01m[Ktemplate<class _Yp> std::shared_ptr<rclcpp::Client<interfaces::srv::OrePosition> >::_Assignable<const std::shared_ptr<_Tp>&> std::shared_ptr<rclcpp::Client<interfaces::srv::OrePosition> >::operator=<_Yp>(const std::shared_ptr<_Tp>&) [with _Yp = rclcpp::Client<interfaces::srv::OrePosition_Request_<std::allocator<void> > >][m[K’
[8.125s] [01m[K/home/yuanxiao/gold_hw/src/gold_miner/src/miner.cpp:17:87:[m[K   required from here
[8.125s] [01m[K/usr/include/c++/11/bits/shared_ptr.h:130:15:[m[K [01;31m[Kerror: [m[Kno type named ‘[01m[Ktype[m[K’ in ‘[01m[Kstruct std::enable_if<false, std::shared_ptr<rclcpp::Client<interfaces::srv::OrePosition> >&>[m[K’
[8.125s]   130 |         using [01;31m[K_Assignable[m[K = typename enable_if<
[8.125s]       |               [01;31m[K^~~~~~~~~~~[m[K
[8.125s] [01m[K/usr/include/c++/11/bits/shared_ptr.h:374:9:[m[K [01;36m[Knote: [m[Kcandidate: ‘[01m[Ktemplate<class _Yp> std::shared_ptr<_Tp>::_Assignable<std::auto_ptr<_Up> > std::shared_ptr<_Tp>::operator=(std::auto_ptr<_Up>&&) [with _Yp = _Yp; _Tp = rclcpp::Client<interfaces::srv::OrePosition>][m[K’
[8.125s]   374 |         [01;36m[Koperator[m[K=(auto_ptr<_Yp>&& __r)
[8.126s]       |         [01;36m[K^~~~~~~~[m[K
[8.126s] [01m[K/usr/include/c++/11/bits/shared_ptr.h:374:9:[m[K [01;36m[Knote: [m[K  template argument deduction/substitution failed:
[8.126s] [01m[K/home/yuanxiao/gold_hw/src/gold_miner/src/miner.cpp:17:87:[m[K [01;36m[Knote: [m[K  ‘[01m[Krclcpp::Client<interfaces::srv::OrePosition_Request_<std::allocator<void> > >::SharedPtr[m[K’ {aka ‘[01m[Kstd::shared_ptr<rclcpp::Client<interfaces::srv::OrePosition_Request_<std::allocator<void> > > >[m[K’} is not derived from ‘[01m[Kstd::auto_ptr<_Up>[m[K’
[8.126s]    17 |  this->create_client<interfaces::srv::OrePosition::Request>("ore_srv"[01;36m[K)[m[K;
[8.126s]       |                                                                      [01;36m[K^[m[K
[8.126s] 
[8.126s] In file included from [01m[K/usr/include/c++/11/memory:77[m[K,
[8.126s]                  from [01m[K/opt/ros/humble/include/rclcpp/rclcpp/rclcpp.hpp:153[m[K,
[8.126s]                  from [01m[K/home/yuanxiao/gold_hw/src/gold_miner/src/miner.cpp:1[m[K:
[8.126s] [01m[K/usr/include/c++/11/bits/shared_ptr.h:391:9:[m[K [01;36m[Knote: [m[Kcandidate: ‘[01m[Ktemplate<class _Yp> std::shared_ptr<_Tp>::_Assignable<std::shared_ptr<_Yp> > std::shared_ptr<_Tp>::operator=(std::shared_ptr<_Yp>&&) [with _Yp = _Yp; _Tp = rclcpp::Client<interfaces::srv::OrePosition>][m[K’
[8.126s]   391 |         [01;36m[Koperator[m[K=(shared_ptr<_Yp>&& __r) noexcept
[8.126s]       |         [01;36m[K^~~~~~~~[m[K
[8.126s] [01m[K/usr/include/c++/11/bits/shared_ptr.h:391:9:[m[K [01;36m[Knote: [m[K  template argument deduction/substitution failed:
[8.126s] /usr/include/c++/11/bits/shared_ptr.h: In substitution of ‘[01m[Ktemplate<class _Tp> template<class _Arg> using _Assignable = typename std::enable_if<std::is_assignable<std::__shared_ptr<_Tp>&, _Arg>::value, std::shared_ptr<_Tp>&>::type [with _Arg = std::shared_ptr<rclcpp::Client<interfaces::srv::OrePosition_Request_<std::allocator<void> > > >; _Tp = rclcpp::Client<interfaces::srv::OrePosition>][m[K’:
[8.127s] [01m[K/usr/include/c++/11/bits/shared_ptr.h:391:2:[m[K   required by substitution of ‘[01m[Ktemplate<class _Yp> std::shared_ptr<rclcpp::Client<interfaces::srv::OrePosition> >::_Assignable<std::shared_ptr<_Tp> > std::shared_ptr<rclcpp::Client<interfaces::srv::OrePosition> >::operator=<_Yp>(std::shared_ptr<_Tp>&&) [with _Yp = rclcpp::Client<interfaces::srv::OrePosition_Request_<std::allocator<void> > >][m[K’
[8.127s] [01m[K/home/yuanxiao/gold_hw/src/gold_miner/src/miner.cpp:17:87:[m[K   required from here
[8.127s] [01m[K/usr/include/c++/11/bits/shared_ptr.h:130:15:[m[K [01;31m[Kerror: [m[Kno type named ‘[01m[Ktype[m[K’ in ‘[01m[Kstruct std::enable_if<false, std::shared_ptr<rclcpp::Client<interfaces::srv::OrePosition> >&>[m[K’
[8.127s]   130 |         using [01;31m[K_Assignable[m[K = typename enable_if<
[8.127s]       |               [01;31m[K^~~~~~~~~~~[m[K
[8.127s] [01m[K/usr/include/c++/11/bits/shared_ptr.h:399:9:[m[K [01;36m[Knote: [m[Kcandidate: ‘[01m[Ktemplate<class _Yp, class _Del> std::shared_ptr<_Tp>::_Assignable<std::unique_ptr<_Up, _Ep> > std::shared_ptr<_Tp>::operator=(std::unique_ptr<_Up, _Ep>&&) [with _Yp = _Yp; _Del = _Del; _Tp = rclcpp::Client<interfaces::srv::OrePosition>][m[K’
[8.127s]   399 |         [01;36m[Koperator[m[K=(unique_ptr<_Yp, _Del>&& __r)
[8.127s]       |         [01;36m[K^~~~~~~~[m[K
[8.127s] [01m[K/usr/include/c++/11/bits/shared_ptr.h:399:9:[m[K [01;36m[Knote: [m[K  template argument deduction/substitution failed:
[8.127s] [01m[K/home/yuanxiao/gold_hw/src/gold_miner/src/miner.cpp:17:87:[m[K [01;36m[Knote: [m[K  ‘[01m[Krclcpp::Client<interfaces::srv::OrePosition_Request_<std::allocator<void> > >::SharedPtr[m[K’ {aka ‘[01m[Kstd::shared_ptr<rclcpp::Client<interfaces::srv::OrePosition_Request_<std::allocator<void> > > >[m[K’} is not derived from ‘[01m[Kstd::unique_ptr<_Tp, _Dp>[m[K’
[8.127s]    17 |  this->create_client<interfaces::srv::OrePosition::Request>("ore_srv"[01;36m[K)[m[K;
[8.127s]       |                                                                      [01;36m[K^[m[K
[8.127s] 
[8.127s] In file included from [01m[K/usr/include/c++/11/memory:77[m[K,
[8.128s]                  from [01m[K/opt/ros/humble/include/rclcpp/rclcpp/rclcpp.hpp:153[m[K,
[8.128s]                  from [01m[K/home/yuanxiao/gold_hw/src/gold_miner/src/miner.cpp:1[m[K:
[8.128s] [01m[K/usr/include/c++/11/bits/shared_ptr.h:359:19:[m[K [01;36m[Knote: [m[Kcandidate: ‘[01m[Kstd::shared_ptr<_Tp>& std::shared_ptr<_Tp>::operator=(const std::shared_ptr<_Tp>&) [with _Tp = rclcpp::Client<interfaces::srv::OrePosition>][m[K’
[8.128s]   359 |       shared_ptr& [01;36m[Koperator[m[K=(const shared_ptr&) noexcept = default;
[8.128s]       |                   [01;36m[K^~~~~~~~[m[K
[8.128s] [01m[K/usr/include/c++/11/bits/shared_ptr.h:359:29:[m[K [01;36m[Knote: [m[K  no known conversion for argument 1 from ‘[01m[Krclcpp::Client<interfaces::srv::OrePosition_Request_<std::allocator<void> > >::SharedPtr[m[K’ {aka ‘[01m[Kstd::shared_ptr<rclcpp::Client<interfaces::srv::OrePosition_Request_<std::allocator<void> > > >[m[K’} to ‘[01m[Kconst std::shared_ptr<rclcpp::Client<interfaces::srv::OrePosition> >&[m[K’
[8.128s]   359 |       shared_ptr& operator=([01;36m[Kconst shared_ptr&[m[K) noexcept = default;
[8.128s]       |                             [01;36m[K^~~~~~~~~~~~~~~~~[m[K
[8.128s] [01m[K/usr/include/c++/11/bits/shared_ptr.h:383:7:[m[K [01;36m[Knote: [m[Kcandidate: ‘[01m[Kstd::shared_ptr<_Tp>& std::shared_ptr<_Tp>::operator=(std::shared_ptr<_Tp>&&) [with _Tp = rclcpp::Client<interfaces::srv::OrePosition>][m[K’
[8.128s]   383 |       [01;36m[Koperator[m[K=(shared_ptr&& __r) noexcept
[8.128s]       |       [01;36m[K^~~~~~~~[m[K
[8.128s] [01m[K/usr/include/c++/11/bits/shared_ptr.h:383:30:[m[K [01;36m[Knote: [m[K  no known conversion for argument 1 from ‘[01m[Krclcpp::Client<interfaces::srv::OrePosition_Request_<std::allocator<void> > >::SharedPtr[m[K’ {aka ‘[01m[Kstd::shared_ptr<rclcpp::Client<interfaces::srv::OrePosition_Request_<std::allocator<void> > > >[m[K’} to ‘[01m[Kstd::shared_ptr<rclcpp::Client<interfaces::srv::OrePosition> >&&[m[K’
[8.128s]   383 |       operator=([01;36m[Kshared_ptr&& __r[m[K) noexcept
[8.128s]       |                 [01;36m[K~~~~~~~~~~~~~^~~[m[K
[8.129s] [01m[K/home/yuanxiao/gold_hw/src/gold_miner/src/miner.cpp:[m[K In member function ‘[01m[Kvoid Miner::oreInfoCallback(const OreArray&)[m[K’:
[8.129s] [01m[K/home/yuanxiao/gold_hw/src/gold_miner/src/miner.cpp:34:9:[m[K [01;31m[Kerror: [m[K‘[01m[Kvector[m[K’ was not declared in this scope
[8.129s]    34 |         [01;31m[Kvector[m[K<float> dis;
[8.129s]       |         [01;31m[K^~~~~~[m[K
[8.129s] [01m[K/home/yuanxiao/gold_hw/src/gold_miner/src/miner.cpp:34:9:[m[K [01;36m[Knote: [m[Ksuggested alternatives:
[8.129s] In file included from [01m[K/usr/include/c++/11/vector:67[m[K,
[8.129s]                  from [01m[K/usr/include/c++/11/functional:62[m[K,
[8.129s]                  from [01m[K/usr/include/c++/11/pstl/glue_algorithm_defs.h:13[m[K,
[8.129s]                  from [01m[K/usr/include/c++/11/algorithm:74[m[K,
[8.129s]                  from [01m[K/opt/ros/humble/include/rclcpp/rclcpp/executor.hpp:18[m[K,
[8.129s]                  from [01m[K/opt/ros/humble/include/rclcpp/rclcpp/executors/multi_threaded_executor.hpp:25[m[K,
[8.129s]                  from [01m[K/opt/ros/humble/include/rclcpp/rclcpp/executors.hpp:21[m[K,
[8.129s]                  from [01m[K/opt/ros/humble/include/rclcpp/rclcpp/rclcpp.hpp:155[m[K,
[8.129s]                  from [01m[K/home/yuanxiao/gold_hw/src/gold_miner/src/miner.cpp:1[m[K:
[8.129s] [01m[K/usr/include/c++/11/bits/stl_vector.h:389:11:[m[K [01;36m[Knote: [m[K  ‘[01m[Kstd::vector[m[K’
[8.130s]   389 |     class [01;36m[Kvector[m[K : protected _Vector_base<_Tp, _Alloc>
[8.130s]       |           [01;36m[K^~~~~~[m[K
[8.130s] In file included from [01m[K/usr/include/c++/11/functional:62[m[K,
[8.130s]                  from [01m[K/usr/include/c++/11/pstl/glue_algorithm_defs.h:13[m[K,
[8.130s]                  from [01m[K/usr/include/c++/11/algorithm:74[m[K,
[8.130s]                  from [01m[K/opt/ros/humble/include/rclcpp/rclcpp/executor.hpp:18[m[K,
[8.130s]                  from [01m[K/opt/ros/humble/include/rclcpp/rclcpp/executors/multi_threaded_executor.hpp:25[m[K,
[8.130s]                  from [01m[K/opt/ros/humble/include/rclcpp/rclcpp/executors.hpp:21[m[K,
[8.130s]                  from [01m[K/opt/ros/humble/include/rclcpp/rclcpp/rclcpp.hpp:155[m[K,
[8.130s]                  from [01m[K/home/yuanxiao/gold_hw/src/gold_miner/src/miner.cpp:1[m[K:
[8.130s] [01m[K/usr/include/c++/11/vector:86:13:[m[K [01;36m[Knote: [m[K  ‘[01m[Kstd::pmr::vector[m[K’
[8.130s]    86 |       using [01;36m[Kvector[m[K = std::vector<_Tp, polymorphic_allocator<_Tp>>;
[8.130s]       |             [01;36m[K^~~~~~[m[K
[8.130s] [01m[K/home/yuanxiao/gold_hw/src/gold_miner/src/miner.cpp:34:16:[m[K [01;31m[Kerror: [m[Kexpected primary-expression before ‘[01m[Kfloat[m[K’
[8.130s]    34 |         vector<[01;31m[Kfloat[m[K> dis;
[8.131s]       |                [01;31m[K^~~~~[m[K
[8.131s] [01m[K/home/yuanxiao/gold_hw/src/gold_miner/src/miner.cpp:35:26:[m[K [01;31m[Kerror: [m[K‘[01m[Kconst OreArray[m[K’ {aka ‘[01m[Kconst struct interfaces::msg::OreArray_<std::allocator<void> >[m[K’} has no member named ‘[01m[Ksize[m[K’
[8.131s]    35 |         int64_t n_ = msg.[01;31m[Ksize[m[K();
[8.131s]       |                          [01;31m[K^~~~[m[K
[8.131s] [01m[K/home/yuanxiao/gold_hw/src/gold_miner/src/miner.cpp:37:39:[m[K [01;31m[Kerror: [m[Kno match for ‘[01m[Koperator[][m[K’ (operand types are ‘[01m[Kconst OreArray[m[K’ {aka ‘[01m[Kconst interfaces::msg::OreArray_<std::allocator<void> >[m[K’} and ‘[01m[Kint64_t[m[K’ {aka ‘[01m[Klong int[m[K’})
[8.131s]    37 |             float_t mid = Distance(msg[01;31m[K[[m[Ki].opsition.x, msg[i].opsition.y,msg[i].opsition.z);
[8.131s]       |                                       [01;31m[K^[m[K
[8.131s] [01m[K/home/yuanxiao/gold_hw/src/gold_miner/src/miner.cpp:37:58:[m[K [01;31m[Kerror: [m[Kno match for ‘[01m[Koperator[][m[K’ (operand types are ‘[01m[Kconst OreArray[m[K’ {aka ‘[01m[Kconst interfaces::msg::OreArray_<std::allocator<void> >[m[K’} and ‘[01m[Kint64_t[m[K’ {aka ‘[01m[Klong int[m[K’})
[8.131s]    37 |             float_t mid = Distance(msg[i].opsition.x, msg[01;31m[K[[m[Ki].opsition.y,msg[i].opsition.z);
[8.131s]       |                                                          [01;31m[K^[m[K
[8.131s] [01m[K/home/yuanxiao/gold_hw/src/gold_miner/src/miner.cpp:37:76:[m[K [01;31m[Kerror: [m[Kno match for ‘[01m[Koperator[][m[K’ (operand types are ‘[01m[Kconst OreArray[m[K’ {aka ‘[01m[Kconst interfaces::msg::OreArray_<std::allocator<void> >[m[K’} and ‘[01m[Kint64_t[m[K’ {aka ‘[01m[Klong int[m[K’})
[8.131s]    37 | at_t mid = Distance(msg[i].opsition.x, msg[i].opsition.y,msg[01;31m[K[[m[Ki].opsition.z);
[8.132s]       |                                                             [01;31m[K^[m[K
[8.135s] 
[8.135s] [01m[K/home/yuanxiao/gold_hw/src/gold_miner/src/miner.cpp:38:13:[m[K [01;31m[Kerror: [m[K‘[01m[Kdis[m[K’ was not declared in this scope; did you mean ‘[01m[Kdiv[m[K’?
[8.135s]    38 |             [01;31m[Kdis[m[K.push_back(mid);
[8.135s]       |             [01;31m[K^~~[m[K
[8.136s]       |             [32m[Kdiv[m[K
[8.140s] [01m[K/home/yuanxiao/gold_hw/src/gold_miner/src/miner.cpp:40:43:[m[K [01;31m[Kerror: [m[K‘[01m[Kdis[m[K’ was not declared in this scope; did you mean ‘[01m[Kdiv[m[K’?
[8.140s]    40 |         int64_t minPosition = min_element([01;31m[Kdis[m[K.begin(),dis.end()) - dis.begin();
[8.140s]       |                                           [01;31m[K^~~[m[K
[8.140s]       |                                           [32m[Kdiv[m[K
[8.140s] [01m[K/home/yuanxiao/gold_hw/src/gold_miner/src/miner.cpp:40:31:[m[K [01;31m[Kerror: [m[K‘[01m[Kmin_element[m[K’ was not declared in this scope; did you mean ‘[01m[Kstd::min_element[m[K’?
[8.140s]    40 |         int64_t minPosition = [01;31m[Kmin_element[m[K(dis.begin(),dis.end()) - dis.begin();
[8.140s]       |                               [01;31m[K^~~~~~~~~~~[m[K
[8.141s]       |                               [32m[Kstd::min_element[m[K
[8.141s] In file included from [01m[K/usr/include/c++/11/algorithm:74[m[K,
[8.141s]                  from [01m[K/opt/ros/humble/include/rclcpp/rclcpp/executor.hpp:18[m[K,
[8.141s]                  from [01m[K/opt/ros/humble/include/rclcpp/rclcpp/executors/multi_threaded_executor.hpp:25[m[K,
[8.141s]                  from [01m[K/opt/ros/humble/include/rclcpp/rclcpp/executors.hpp:21[m[K,
[8.141s]                  from [01m[K/opt/ros/humble/include/rclcpp/rclcpp/rclcpp.hpp:155[m[K,
[8.141s]                  from [01m[K/home/yuanxiao/gold_hw/src/gold_miner/src/miner.cpp:1[m[K:
[8.141s] [01m[K/usr/include/c++/11/pstl/glue_algorithm_defs.h:520:1:[m[K [01;36m[Knote: [m[K‘[01m[Kstd::min_element[m[K’ declared here
[8.141s]   520 | [01;36m[Kmin_element[m[K(_ExecutionPolicy&& __exec, _ForwardIterator __first, _ForwardIterator __last);
[8.141s]       | [01;36m[K^~~~~~~~~~~[m[K
[8.148s] [01m[K/home/yuanxiao/gold_hw/src/gold_miner/src/miner.cpp:45:19:[m[K [01;31m[Kerror: [m[K‘[01m[Kores[m[K’ was not declared in this scope
[8.148s]    45 |         miner_x = [01;31m[Kores[m[K[minPosition].position.x;
[8.148s]       |                   [01;31m[K^~~~[m[K
[10.232s] In file included from [01m[K/opt/ros/humble/include/rclcpp/rclcpp/callback_group.hpp:24[m[K,
[10.232s]                  from [01m[K/opt/ros/humble/include/rclcpp/rclcpp/any_executable.hpp:20[m[K,
[10.232s]                  from [01m[K/opt/ros/humble/include/rclcpp/rclcpp/memory_strategy.hpp:25[m[K,
[10.233s]                  from [01m[K/opt/ros/humble/include/rclcpp/rclcpp/memory_strategies.hpp:18[m[K,
[10.233s]                  from [01m[K/opt/ros/humble/include/rclcpp/rclcpp/executor_options.hpp:20[m[K,
[10.233s]                  from [01m[K/opt/ros/humble/include/rclcpp/rclcpp/executor.hpp:37[m[K,
[10.233s]                  from [01m[K/opt/ros/humble/include/rclcpp/rclcpp/executors/multi_threaded_executor.hpp:25[m[K,
[10.233s]                  from [01m[K/opt/ros/humble/include/rclcpp/rclcpp/executors.hpp:21[m[K,
[10.233s]                  from [01m[K/opt/ros/humble/include/rclcpp/rclcpp/rclcpp.hpp:155[m[K,
[10.233s]                  from [01m[K/home/yuanxiao/gold_hw/src/gold_miner/src/miner.cpp:1[m[K:
[10.233s] /opt/ros/humble/include/rclcpp/rclcpp/client.hpp: In instantiation of ‘[01m[Kstd::shared_ptr<void> rclcpp::Client<ServiceT>::create_response() [with ServiceT = interfaces::srv::OrePosition_Request_<std::allocator<void> >][m[K’:
[10.233s] [01m[K/opt/ros/humble/include/rclcpp/rclcpp/client.hpp:523:3:[m[K   required from here
[10.233s] [01m[K/opt/ros/humble/include/rclcpp/rclcpp/client.hpp:525:34:[m[K [01;31m[Kerror: [m[Kno type named ‘[01m[KResponse[m[K’ in ‘[01m[Kstruct interfaces::srv::OrePosition_Request_<std::allocator<void> >[m[K’
[10.233s]   525 |     return std::shared_ptr<void>([01;31m[Knew typename ServiceT::Response()[m[K);
[10.233s]       |                                  [01;31m[K^~~~~~~~~~~~~~~~~~~~~~~~~~~~~~~~~[m[K
[10.233s] /opt/ros/humble/include/rclcpp/rclcpp/client.hpp: In instantiation of ‘[01m[Kvoid rclcpp::Client<ServiceT>::handle_response(std::shared_ptr<rmw_request_id_s>, std::shared_ptr<void>) [with ServiceT = interfaces::srv::OrePosition_Request_<std::allocator<void> >][m[K’:
[10.234s] [01m[K/opt/ros/humble/include/rclcpp/rclcpp/client.hpp:546:3:[m[K   required from here
[10.234s] [01m[K/opt/ros/humble/include/rclcpp/rclcpp/client.hpp:551:5:[m[K [01;31m[Kerror: [m[Kno type named ‘[01m[KResponse[m[K’ in ‘[01m[Kstruct interfaces::srv::OrePosition_Request_<std::allocator<void> >[m[K’
[10.234s]   551 |     [01;31m[Koptional_pending_request[m[K = this->get_and_erase_pending_request(request_header->sequence_number);
[10.234s]       |     [01;31m[K^~~~~~~~~~~~~~~~~~~~~~~~[m[K
[10.234s] [01m[K/opt/ros/humble/include/rclcpp/rclcpp/client.hpp:551:5:[m[K [01;31m[Kerror: [m[Kno type named ‘[01m[KResponse[m[K’ in ‘[01m[Kstruct interfaces::srv::OrePosition_Request_<std::allocator<void> >[m[K’
[10.234s] [01m[K/opt/ros/humble/include/rclcpp/rclcpp/client.hpp:556:32:[m[K [01;31m[Kerror: [m[Kno type named ‘[01m[KResponse[m[K’ in ‘[01m[Kstruct interfaces::srv::OrePosition_Request_<std::allocator<void> >[m[K’
[10.234s]   556 |     auto typed_response = [01;31m[Kstd::static_pointer_cast<typename ServiceT::Response>[m[K(
[10.234s]       |                           [01;31m[K~~~~~^~~~~~~~~~~~~~~~~~~~~~~~~~~~~~~~~~~~~~~~~~~~~~~~[m[K
[10.860s] gmake[2]: *** [CMakeFiles/miner.dir/build.make:76: CMakeFiles/miner.dir/src/miner.cpp.o] Error 1
[10.860s] gmake[1]: *** [CMakeFiles/Makefile2:165: CMakeFiles/miner.dir/all] Error 2
[10.860s] gmake: *** [Makefile:146: all] Error 2
[10.864s] Invoked command in '/home/yuanxiao/gold_hw/build/gold_miner' returned '2': CMAKE_PREFIX_PATH=/home/yuanxiao/gold_hw/install/interfaces:/home/yuanxiao/gold_hw/install/gold_miner:/home/yuanxiao/dev_ws/install/learning_pkg_c:/home/yuanxiao/dev_ws/install/learning_interface:/home/yuanxiao/dev_ws/install/learning_urdf:/home/yuanxiao/dev_ws/install/learning_topic:/home/yuanxiao/dev_ws/install/learning_tf:/home/yuanxiao/dev_ws/install/learning_service:/home/yuanxiao/dev_ws/install/learning_qos:/home/yuanxiao/dev_ws/install/learning_pkg_python:/home/yuanxiao/dev_ws/install/learning_parameter:/home/yuanxiao/dev_ws/install/learning_node:/home/yuanxiao/dev_ws/install/learning_launch:/home/yuanxiao/dev_ws/install/learning_action:/home/yuanxiao/dev_ws/install/learning_gazebo:/opt/ros/humble /usr/bin/cmake --build /home/yuanxiao/gold_hw/build/gold_miner -- -j4 -l4
