[0.484s] DEBUG:colcon:Command line arguments: ['/usr/bin/colcon', 'build', '--packages-select', 'gold_miner']
[0.484s] DEBUG:colcon:Parsed command line arguments: Namespace(log_base=None, log_level=None, verb_name='build', build_base='build', install_base='install', merge_install=False, symlink_install=False, test_result_base=None, continue_on_error=False, executor='parallel', parallel_workers=4, event_handlers=None, ignore_user_meta=False, metas=['./colcon.meta'], base_paths=['.'], packages_ignore=None, packages_ignore_regex=None, paths=None, packages_up_to=None, packages_up_to_regex=None, packages_above=None, packages_above_and_dependencies=None, packages_above_depth=None, packages_select_by_dep=None, packages_skip_by_dep=None, packages_skip_up_to=None, packages_select_build_failed=False, packages_skip_build_finished=False, packages_select_test_failures=False, packages_skip_test_passed=False, packages_select=['gold_miner'], packages_skip=None, packages_select_regex=None, packages_skip_regex=None, packages_start=None, packages_end=None, allow_overriding=[], cmake_args=None, cmake_target=None, cmake_target_skip_unavailable=False, cmake_clean_cache=False, cmake_clean_first=False, cmake_force_configure=False, ament_cmake_args=None, catkin_cmake_args=None, catkin_skip_building_tests=False, verb_parser=<colcon_defaults.argument_parser.defaults.DefaultArgumentsDecorator object at 0x7fbbe12341f0>, verb_extension=<colcon_core.verb.build.BuildVerb object at 0x7fbbe1bf7430>, main=<bound method BuildVerb.main of <colcon_core.verb.build.BuildVerb object at 0x7fbbe1bf7430>>)
[0.515s] Level 1:colcon.colcon_core.package_discovery:discover_packages(colcon_meta) check parameters
[0.515s] Level 1:colcon.colcon_core.package_discovery:discover_packages(recursive) check parameters
[0.515s] Level 1:colcon.colcon_core.package_discovery:discover_packages(ignore) check parameters
[0.515s] Level 1:colcon.colcon_core.package_discovery:discover_packages(path) check parameters
[0.515s] Level 1:colcon.colcon_core.package_discovery:discover_packages(colcon_meta) discover
[0.515s] Level 1:colcon.colcon_core.package_discovery:discover_packages(recursive) discover
[0.515s] INFO:colcon.colcon_core.package_discovery:Crawling recursively for packages in '/home/yuanxiao/gold_hw'
[0.515s] Level 1:colcon.colcon_core.package_identification:_identify(.) by extensions ['ignore', 'ignore_ament_install']
[0.516s] Level 1:colcon.colcon_core.package_identification:_identify(.) by extension 'ignore'
[0.516s] Level 1:colcon.colcon_core.package_identification:_identify(.) by extension 'ignore_ament_install'
[0.516s] Level 1:colcon.colcon_core.package_identification:_identify(.) by extensions ['colcon_pkg']
[0.516s] Level 1:colcon.colcon_core.package_identification:_identify(.) by extension 'colcon_pkg'
[0.516s] Level 1:colcon.colcon_core.package_identification:_identify(.) by extensions ['colcon_meta']
[0.516s] Level 1:colcon.colcon_core.package_identification:_identify(.) by extension 'colcon_meta'
[0.516s] Level 1:colcon.colcon_core.package_identification:_identify(.) by extensions ['ros']
[0.516s] Level 1:colcon.colcon_core.package_identification:_identify(.) by extension 'ros'
[0.533s] Level 1:colcon.colcon_core.package_identification:_identify(.) by extensions ['cmake', 'python']
[0.533s] Level 1:colcon.colcon_core.package_identification:_identify(.) by extension 'cmake'
[0.533s] Level 1:colcon.colcon_core.package_identification:_identify(.) by extension 'python'
[0.534s] Level 1:colcon.colcon_core.package_identification:_identify(.) by extensions ['python_setup_py']
[0.534s] Level 1:colcon.colcon_core.package_identification:_identify(.) by extension 'python_setup_py'
[0.534s] Level 1:colcon.colcon_core.package_identification:_identify(build) by extensions ['ignore', 'ignore_ament_install']
[0.534s] Level 1:colcon.colcon_core.package_identification:_identify(build) by extension 'ignore'
[0.534s] Level 1:colcon.colcon_core.package_identification:_identify(build) ignored
[0.534s] Level 1:colcon.colcon_core.package_identification:_identify(install) by extensions ['ignore', 'ignore_ament_install']
[0.534s] Level 1:colcon.colcon_core.package_identification:_identify(install) by extension 'ignore'
[0.534s] Level 1:colcon.colcon_core.package_identification:_identify(install) ignored
[0.534s] Level 1:colcon.colcon_core.package_identification:_identify(log) by extensions ['ignore', 'ignore_ament_install']
[0.535s] Level 1:colcon.colcon_core.package_identification:_identify(log) by extension 'ignore'
[0.535s] Level 1:colcon.colcon_core.package_identification:_identify(log) ignored
[0.535s] Level 1:colcon.colcon_core.package_identification:_identify(src) by extensions ['ignore', 'ignore_ament_install']
[0.535s] Level 1:colcon.colcon_core.package_identification:_identify(src) by extension 'ignore'
[0.535s] Level 1:colcon.colcon_core.package_identification:_identify(src) by extension 'ignore_ament_install'
[0.535s] Level 1:colcon.colcon_core.package_identification:_identify(src) by extensions ['colcon_pkg']
[0.535s] Level 1:colcon.colcon_core.package_identification:_identify(src) by extension 'colcon_pkg'
[0.535s] Level 1:colcon.colcon_core.package_identification:_identify(src) by extensions ['colcon_meta']
[0.535s] Level 1:colcon.colcon_core.package_identification:_identify(src) by extension 'colcon_meta'
[0.535s] Level 1:colcon.colcon_core.package_identification:_identify(src) by extensions ['ros']
[0.535s] Level 1:colcon.colcon_core.package_identification:_identify(src) by extension 'ros'
[0.535s] Level 1:colcon.colcon_core.package_identification:_identify(src) by extensions ['cmake', 'python']
[0.535s] Level 1:colcon.colcon_core.package_identification:_identify(src) by extension 'cmake'
[0.535s] Level 1:colcon.colcon_core.package_identification:_identify(src) by extension 'python'
[0.535s] Level 1:colcon.colcon_core.package_identification:_identify(src) by extensions ['python_setup_py']
[0.535s] Level 1:colcon.colcon_core.package_identification:_identify(src) by extension 'python_setup_py'
[0.536s] Level 1:colcon.colcon_core.package_identification:_identify(src/gold_miner) by extensions ['ignore', 'ignore_ament_install']
[0.536s] Level 1:colcon.colcon_core.package_identification:_identify(src/gold_miner) by extension 'ignore'
[0.536s] Level 1:colcon.colcon_core.package_identification:_identify(src/gold_miner) by extension 'ignore_ament_install'
[0.536s] Level 1:colcon.colcon_core.package_identification:_identify(src/gold_miner) by extensions ['colcon_pkg']
[0.536s] Level 1:colcon.colcon_core.package_identification:_identify(src/gold_miner) by extension 'colcon_pkg'
[0.536s] Level 1:colcon.colcon_core.package_identification:_identify(src/gold_miner) by extensions ['colcon_meta']
[0.536s] Level 1:colcon.colcon_core.package_identification:_identify(src/gold_miner) by extension 'colcon_meta'
[0.536s] Level 1:colcon.colcon_core.package_identification:_identify(src/gold_miner) by extensions ['ros']
[0.536s] Level 1:colcon.colcon_core.package_identification:_identify(src/gold_miner) by extension 'ros'
[0.540s] DEBUG:colcon.colcon_core.package_identification:Package 'src/gold_miner' with type 'ros.ament_cmake' and name 'gold_miner'
[0.540s] Level 1:colcon.colcon_core.package_identification:_identify(src/interfaces) by extensions ['ignore', 'ignore_ament_install']
[0.540s] Level 1:colcon.colcon_core.package_identification:_identify(src/interfaces) by extension 'ignore'
[0.541s] Level 1:colcon.colcon_core.package_identification:_identify(src/interfaces) by extension 'ignore_ament_install'
[0.541s] Level 1:colcon.colcon_core.package_identification:_identify(src/interfaces) by extensions ['colcon_pkg']
[0.541s] Level 1:colcon.colcon_core.package_identification:_identify(src/interfaces) by extension 'colcon_pkg'
[0.541s] Level 1:colcon.colcon_core.package_identification:_identify(src/interfaces) by extensions ['colcon_meta']
[0.541s] Level 1:colcon.colcon_core.package_identification:_identify(src/interfaces) by extension 'colcon_meta'
[0.541s] Level 1:colcon.colcon_core.package_identification:_identify(src/interfaces) by extensions ['ros']
[0.541s] Level 1:colcon.colcon_core.package_identification:_identify(src/interfaces) by extension 'ros'
[0.542s] DEBUG:colcon.colcon_core.package_identification:Package 'src/interfaces' with type 'ros.ament_cmake' and name 'interfaces'
[0.542s] Level 1:colcon.colcon_core.package_discovery:discover_packages(recursive) using defaults
[0.542s] Level 1:colcon.colcon_core.package_discovery:discover_packages(ignore) discover
[0.542s] Level 1:colcon.colcon_core.package_discovery:discover_packages(ignore) using defaults
[0.542s] Level 1:colcon.colcon_core.package_discovery:discover_packages(path) discover
[0.542s] Level 1:colcon.colcon_core.package_discovery:discover_packages(path) using defaults
[0.574s] INFO:colcon.colcon_core.package_selection:Skipping not selected package 'interfaces' in 'src/interfaces'
[0.576s] Level 1:colcon.colcon_core.package_discovery:discover_packages(prefix_path) check parameters
[0.576s] Level 1:colcon.colcon_core.package_discovery:discover_packages(prefix_path) discover
[0.580s] DEBUG:colcon.colcon_installed_package_information.package_discovery:Found 2 installed packages in /home/yuanxiao/gold_hw/install
[0.582s] DEBUG:colcon.colcon_installed_package_information.package_discovery:Found 13 installed packages in /home/yuanxiao/dev_ws/install
[0.584s] DEBUG:colcon.colcon_installed_package_information.package_discovery:Found 348 installed packages in /opt/ros/humble
[0.587s] Level 1:colcon.colcon_core.package_discovery:discover_packages(prefix_path) using defaults
[0.663s] Level 5:colcon.colcon_core.verb:set package 'gold_miner' build argument 'cmake_args' from command line to 'None'
[0.663s] Level 5:colcon.colcon_core.verb:set package 'gold_miner' build argument 'cmake_target' from command line to 'None'
[0.663s] Level 5:colcon.colcon_core.verb:set package 'gold_miner' build argument 'cmake_target_skip_unavailable' from command line to 'False'
[0.663s] Level 5:colcon.colcon_core.verb:set package 'gold_miner' build argument 'cmake_clean_cache' from command line to 'False'
[0.663s] Level 5:colcon.colcon_core.verb:set package 'gold_miner' build argument 'cmake_clean_first' from command line to 'False'
[0.663s] Level 5:colcon.colcon_core.verb:set package 'gold_miner' build argument 'cmake_force_configure' from command line to 'False'
[0.663s] Level 5:colcon.colcon_core.verb:set package 'gold_miner' build argument 'ament_cmake_args' from command line to 'None'
[0.663s] Level 5:colcon.colcon_core.verb:set package 'gold_miner' build argument 'catkin_cmake_args' from command line to 'None'
[0.663s] Level 5:colcon.colcon_core.verb:set package 'gold_miner' build argument 'catkin_skip_building_tests' from command line to 'False'
[0.663s] DEBUG:colcon.colcon_core.verb:Building package 'gold_miner' with the following arguments: {'ament_cmake_args': None, 'build_base': '/home/yuanxiao/gold_hw/build/gold_miner', 'catkin_cmake_args': None, 'catkin_skip_building_tests': False, 'cmake_args': None, 'cmake_clean_cache': False, 'cmake_clean_first': False, 'cmake_force_configure': False, 'cmake_target': None, 'cmake_target_skip_unavailable': False, 'install_base': '/home/yuanxiao/gold_hw/install/gold_miner', 'merge_install': False, 'path': '/home/yuanxiao/gold_hw/src/gold_miner', 'symlink_install': False, 'test_result_base': None}
[0.664s] INFO:colcon.colcon_core.executor:Executing jobs using 'parallel' executor
[0.667s] DEBUG:colcon.colcon_parallel_executor.executor.parallel:run_until_complete
[0.667s] INFO:colcon.colcon_ros.task.ament_cmake.build:Building ROS package in '/home/yuanxiao/gold_hw/src/gold_miner' with build type 'ament_cmake'
[0.667s] INFO:colcon.colcon_cmake.task.cmake.build:Building CMake package in '/home/yuanxiao/gold_hw/src/gold_miner'
[0.673s] INFO:colcon.colcon_core.plugin_system:Skipping extension 'colcon_core.shell.bat': Not used on non-Windows systems
[0.673s] INFO:colcon.colcon_core.shell:Skip shell extension 'powershell' for command environment: Not usable outside of PowerShell
[0.674s] DEBUG:colcon.colcon_core.shell:Skip shell extension 'dsv' for command environment
[0.710s] DEBUG:colcon.colcon_core.event_handler.log_command:Invoking command in '/home/yuanxiao/gold_hw/build/gold_miner': CMAKE_PREFIX_PATH=/home/yuanxiao/gold_hw/install/interfaces:/home/yuanxiao/gold_hw/install/gold_miner:/home/yuanxiao/dev_ws/install/learning_pkg_c:/home/yuanxiao/dev_ws/install/learning_interface:/home/yuanxiao/dev_ws/install/learning_urdf:/home/yuanxiao/dev_ws/install/learning_topic:/home/yuanxiao/dev_ws/install/learning_tf:/home/yuanxiao/dev_ws/install/learning_service:/home/yuanxiao/dev_ws/install/learning_qos:/home/yuanxiao/dev_ws/install/learning_pkg_python:/home/yuanxiao/dev_ws/install/learning_parameter:/home/yuanxiao/dev_ws/install/learning_node:/home/yuanxiao/dev_ws/install/learning_launch:/home/yuanxiao/dev_ws/install/learning_action:/home/yuanxiao/dev_ws/install/learning_gazebo:/opt/ros/humble /usr/bin/cmake --build /home/yuanxiao/gold_hw/build/gold_miner -- -j4 -l4
[1.683s] DEBUG:colcon.colcon_core.event_handler.log_command:Invoked command in '/home/yuanxiao/gold_hw/build/gold_miner' returned '0': CMAKE_PREFIX_PATH=/home/yuanxiao/gold_hw/install/interfaces:/home/yuanxiao/gold_hw/install/gold_miner:/home/yuanxiao/dev_ws/install/learning_pkg_c:/home/yuanxiao/dev_ws/install/learning_interface:/home/yuanxiao/dev_ws/install/learning_urdf:/home/yuanxiao/dev_ws/install/learning_topic:/home/yuanxiao/dev_ws/install/learning_tf:/home/yuanxiao/dev_ws/install/learning_service:/home/yuanxiao/dev_ws/install/learning_qos:/home/yuanxiao/dev_ws/install/learning_pkg_python:/home/yuanxiao/dev_ws/install/learning_parameter:/home/yuanxiao/dev_ws/install/learning_node:/home/yuanxiao/dev_ws/install/learning_launch:/home/yuanxiao/dev_ws/install/learning_action:/home/yuanxiao/dev_ws/install/learning_gazebo:/opt/ros/humble /usr/bin/cmake --build /home/yuanxiao/gold_hw/build/gold_miner -- -j4 -l4
[1.723s] DEBUG:colcon.colcon_core.event_handler.log_command:Invoking command in '/home/yuanxiao/gold_hw/build/gold_miner': CMAKE_PREFIX_PATH=/home/yuanxiao/gold_hw/install/interfaces:/home/yuanxiao/gold_hw/install/gold_miner:/home/yuanxiao/dev_ws/install/learning_pkg_c:/home/yuanxiao/dev_ws/install/learning_interface:/home/yuanxiao/dev_ws/install/learning_urdf:/home/yuanxiao/dev_ws/install/learning_topic:/home/yuanxiao/dev_ws/install/learning_tf:/home/yuanxiao/dev_ws/install/learning_service:/home/yuanxiao/dev_ws/install/learning_qos:/home/yuanxiao/dev_ws/install/learning_pkg_python:/home/yuanxiao/dev_ws/install/learning_parameter:/home/yuanxiao/dev_ws/install/learning_node:/home/yuanxiao/dev_ws/install/learning_launch:/home/yuanxiao/dev_ws/install/learning_action:/home/yuanxiao/dev_ws/install/learning_gazebo:/opt/ros/humble /usr/bin/cmake --install /home/yuanxiao/gold_hw/build/gold_miner
[1.738s] Level 1:colcon.colcon_core.environment:create_environment_scripts_only(gold_miner)
[1.739s] DEBUG:colcon.colcon_core.event_handler.log_command:Invoked command in '/home/yuanxiao/gold_hw/build/gold_miner' returned '0': CMAKE_PREFIX_PATH=/home/yuanxiao/gold_hw/install/interfaces:/home/yuanxiao/gold_hw/install/gold_miner:/home/yuanxiao/dev_ws/install/learning_pkg_c:/home/yuanxiao/dev_ws/install/learning_interface:/home/yuanxiao/dev_ws/install/learning_urdf:/home/yuanxiao/dev_ws/install/learning_topic:/home/yuanxiao/dev_ws/install/learning_tf:/home/yuanxiao/dev_ws/install/learning_service:/home/yuanxiao/dev_ws/install/learning_qos:/home/yuanxiao/dev_ws/install/learning_pkg_python:/home/yuanxiao/dev_ws/install/learning_parameter:/home/yuanxiao/dev_ws/install/learning_node:/home/yuanxiao/dev_ws/install/learning_launch:/home/yuanxiao/dev_ws/install/learning_action:/home/yuanxiao/dev_ws/install/learning_gazebo:/opt/ros/humble /usr/bin/cmake --install /home/yuanxiao/gold_hw/build/gold_miner
[1.749s] Level 1:colcon.colcon_core.environment:checking '/home/yuanxiao/gold_hw/install/gold_miner' for CMake module files
[1.749s] Level 1:colcon.colcon_core.environment:checking '/home/yuanxiao/gold_hw/install/gold_miner' for CMake config files
[1.750s] Level 1:colcon.colcon_core.shell:create_environment_hook('gold_miner', 'cmake_prefix_path')
[1.753s] INFO:colcon.colcon_core.shell:Creating environment hook '/home/yuanxiao/gold_hw/install/gold_miner/share/gold_miner/hook/cmake_prefix_path.ps1'
[1.754s] INFO:colcon.colcon_core.shell:Creating environment descriptor '/home/yuanxiao/gold_hw/install/gold_miner/share/gold_miner/hook/cmake_prefix_path.dsv'
[1.755s] INFO:colcon.colcon_core.shell:Creating environment hook '/home/yuanxiao/gold_hw/install/gold_miner/share/gold_miner/hook/cmake_prefix_path.sh'
[1.756s] Level 1:colcon.colcon_core.environment:checking '/home/yuanxiao/gold_hw/install/gold_miner/lib'
[1.756s] Level 1:colcon.colcon_core.environment:checking '/home/yuanxiao/gold_hw/install/gold_miner/bin'
[1.756s] Level 1:colcon.colcon_core.environment:checking '/home/yuanxiao/gold_hw/install/gold_miner/lib/pkgconfig/gold_miner.pc'
[1.756s] Level 1:colcon.colcon_core.environment:checking '/home/yuanxiao/gold_hw/install/gold_miner/lib/python3.10/site-packages'
[1.757s] Level 1:colcon.colcon_core.environment:checking '/home/yuanxiao/gold_hw/install/gold_miner/bin'
[1.759s] INFO:colcon.colcon_core.shell:Creating package script '/home/yuanxiao/gold_hw/install/gold_miner/share/gold_miner/package.ps1'
[1.759s] INFO:colcon.colcon_core.shell:Creating package descriptor '/home/yuanxiao/gold_hw/install/gold_miner/share/gold_miner/package.dsv'
[1.760s] INFO:colcon.colcon_core.shell:Creating package script '/home/yuanxiao/gold_hw/install/gold_miner/share/gold_miner/package.sh'
[1.761s] INFO:colcon.colcon_core.shell:Creating package script '/home/yuanxiao/gold_hw/install/gold_miner/share/gold_miner/package.bash'
[1.762s] INFO:colcon.colcon_core.shell:Creating package script '/home/yuanxiao/gold_hw/install/gold_miner/share/gold_miner/package.zsh'
[1.763s] Level 1:colcon.colcon_core.environment:create_file_with_runtime_dependencies(/home/yuanxiao/gold_hw/install/gold_miner/share/colcon-core/packages/gold_miner)
[1.796s] Level 1:colcon.colcon_core.environment:create_environment_scripts_only(gold_miner)
[1.797s] Level 1:colcon.colcon_core.environment:checking '/home/yuanxiao/gold_hw/install/gold_miner' for CMake module files
[1.798s] Level 1:colcon.colcon_core.environment:checking '/home/yuanxiao/gold_hw/install/gold_miner' for CMake config files
[1.798s] Level 1:colcon.colcon_core.shell:create_environment_hook('gold_miner', 'cmake_prefix_path')
[1.799s] INFO:colcon.colcon_core.shell:Creating environment hook '/home/yuanxiao/gold_hw/install/gold_miner/share/gold_miner/hook/cmake_prefix_path.ps1'
[1.800s] INFO:colcon.colcon_core.shell:Creating environment descriptor '/home/yuanxiao/gold_hw/install/gold_miner/share/gold_miner/hook/cmake_prefix_path.dsv'
[1.800s] INFO:colcon.colcon_core.shell:Creating environment hook '/home/yuanxiao/gold_hw/install/gold_miner/share/gold_miner/hook/cmake_prefix_path.sh'
[1.800s] Level 1:colcon.colcon_core.environment:checking '/home/yuanxiao/gold_hw/install/gold_miner/lib'
[1.801s] Level 1:colcon.colcon_core.environment:checking '/home/yuanxiao/gold_hw/install/gold_miner/bin'
[1.801s] Level 1:colcon.colcon_core.environment:checking '/home/yuanxiao/gold_hw/install/gold_miner/lib/pkgconfig/gold_miner.pc'
[1.801s] Level 1:colcon.colcon_core.environment:checking '/home/yuanxiao/gold_hw/install/gold_miner/lib/python3.10/site-packages'
[1.801s] Level 1:colcon.colcon_core.environment:checking '/home/yuanxiao/gold_hw/install/gold_miner/bin'
[1.803s] INFO:colcon.colcon_core.shell:Creating package script '/home/yuanxiao/gold_hw/install/gold_miner/share/gold_miner/package.ps1'
[1.804s] INFO:colcon.colcon_core.shell:Creating package descriptor '/home/yuanxiao/gold_hw/install/gold_miner/share/gold_miner/package.dsv'
[1.805s] INFO:colcon.colcon_core.shell:Creating package script '/home/yuanxiao/gold_hw/install/gold_miner/share/gold_miner/package.sh'
[1.805s] INFO:colcon.colcon_core.shell:Creating package script '/home/yuanxiao/gold_hw/install/gold_miner/share/gold_miner/package.bash'
[1.805s] INFO:colcon.colcon_core.shell:Creating package script '/home/yuanxiao/gold_hw/install/gold_miner/share/gold_miner/package.zsh'
[1.806s] Level 1:colcon.colcon_core.environment:create_file_with_runtime_dependencies(/home/yuanxiao/gold_hw/install/gold_miner/share/colcon-core/packages/gold_miner)
[1.806s] DEBUG:colcon.colcon_parallel_executor.executor.parallel:closing loop
[1.808s] DEBUG:colcon.colcon_parallel_executor.executor.parallel:loop closed
[1.808s] DEBUG:colcon.colcon_parallel_executor.executor.parallel:run_until_complete finished with '0'
[1.809s] DEBUG:colcon.colcon_core.event_reactor:joining thread
[1.817s] INFO:colcon.colcon_core.plugin_system:Skipping extension 'colcon_notification.desktop_notification.terminal_notifier': Not used on non-Darwin systems
[1.817s] INFO:colcon.colcon_core.plugin_system:Skipping extension 'colcon_notification.desktop_notification.win32': Not used on non-Windows systems
[1.817s] INFO:colcon.colcon_notification.desktop_notification:Sending desktop notification using 'notify2'
[1.834s] DEBUG:colcon.colcon_core.event_reactor:joined thread
[1.836s] INFO:colcon.colcon_core.shell:Creating prefix script '/home/yuanxiao/gold_hw/install/local_setup.ps1'
[1.838s] INFO:colcon.colcon_core.shell:Creating prefix util module '/home/yuanxiao/gold_hw/install/_local_setup_util_ps1.py'
[1.840s] INFO:colcon.colcon_core.shell:Creating prefix chain script '/home/yuanxiao/gold_hw/install/setup.ps1'
[1.843s] INFO:colcon.colcon_core.shell:Creating prefix script '/home/yuanxiao/gold_hw/install/local_setup.sh'
[1.844s] INFO:colcon.colcon_core.shell:Creating prefix util module '/home/yuanxiao/gold_hw/install/_local_setup_util_sh.py'
[1.844s] INFO:colcon.colcon_core.shell:Creating prefix chain script '/home/yuanxiao/gold_hw/install/setup.sh'
[1.847s] INFO:colcon.colcon_core.shell:Creating prefix script '/home/yuanxiao/gold_hw/install/local_setup.bash'
[1.848s] INFO:colcon.colcon_core.shell:Creating prefix chain script '/home/yuanxiao/gold_hw/install/setup.bash'
[1.851s] INFO:colcon.colcon_core.shell:Creating prefix script '/home/yuanxiao/gold_hw/install/local_setup.zsh'
[1.851s] INFO:colcon.colcon_core.shell:Creating prefix chain script '/home/yuanxiao/gold_hw/install/setup.zsh'
