-- The C compiler identification is GNU 11.4.0
-- The CXX compiler identification is GNU 11.4.0
-- Detecting C compiler ABI info
-- Detecting C compiler ABI info - done
-- Check for working C compiler: /usr/bin/cc - skipped
-- Detecting C compile features
-- Detecting C compile features - done
-- Detecting CXX compiler ABI info
-- Detecting CXX compiler ABI info - done
-- Check for working CXX compiler: /usr/bin/c++ - skipped
-- Detecting CXX compile features
-- Detecting CXX compile features - done
-- Found ament_cmake: 1.3.3 (/opt/ros/humble/share/ament_cmake/cmake)
-- Found Python3: /usr/bin/python3.10 (found version "3.10.12") found components: Interpreter 
-- Found ament_lint_auto: 0.12.5 (/opt/ros/humble/share/ament_lint_auto/cmake)
-- Added test 'lint_cmake' to check CMake code style
-- Added test 'xmllint' to check XML markup files
-- Configuring done
-- Generating done
-- Build files have been written to: /home/yuanxiao/gold_hw/build/gold_miner
-- Install configuration: ""
-- Installing: /home/yuanxiao/gold_hw/install/gold_miner/share/ament_index/resource_index/package_run_dependencies/gold_miner
-- Installing: /home/yuanxiao/gold_hw/install/gold_miner/share/ament_index/resource_index/parent_prefix_path/gold_miner
-- Installing: /home/yuanxiao/gold_hw/install/gold_miner/share/gold_miner/environment/ament_prefix_path.sh
-- Installing: /home/yuanxiao/gold_hw/install/gold_miner/share/gold_miner/environment/ament_prefix_path.dsv
-- Installing: /home/yuanxiao/gold_hw/install/gold_miner/share/gold_miner/environment/path.sh
-- Installing: /home/yuanxiao/gold_hw/install/gold_miner/share/gold_miner/environment/path.dsv
-- Installing: /home/yuanxiao/gold_hw/install/gold_miner/share/gold_miner/local_setup.bash
-- Installing: /home/yuanxiao/gold_hw/install/gold_miner/share/gold_miner/local_setup.sh
-- Installing: /home/yuanxiao/gold_hw/install/gold_miner/share/gold_miner/local_setup.zsh
-- Installing: /home/yuanxiao/gold_hw/install/gold_miner/share/gold_miner/local_setup.dsv
-- Installing: /home/yuanxiao/gold_hw/install/gold_miner/share/gold_miner/package.dsv
-- Installing: /home/yuanxiao/gold_hw/install/gold_miner/share/ament_index/resource_index/packages/gold_miner
-- Installing: /home/yuanxiao/gold_hw/install/gold_miner/share/gold_miner/cmake/gold_minerConfig.cmake
-- Installing: /home/yuanxiao/gold_hw/install/gold_miner/share/gold_miner/cmake/gold_minerConfig-version.cmake
-- Installing: /home/yuanxiao/gold_hw/install/gold_miner/share/gold_miner/package.xml
