[0.047s] Invoking command in '/home/yuanxiao/gold_hw/build/gold_miner': CMAKE_PREFIX_PATH=/home/yuanxiao/gold_hw/install/interfaces:/home/yuanxiao/gold_hw/install/gold_miner:/home/yuanxiao/dev_ws/install/learning_pkg_c:/home/yuanxiao/dev_ws/install/learning_interface:/home/yuanxiao/dev_ws/install/learning_urdf:/home/yuanxiao/dev_ws/install/learning_topic:/home/yuanxiao/dev_ws/install/learning_tf:/home/yuanxiao/dev_ws/install/learning_service:/home/yuanxiao/dev_ws/install/learning_qos:/home/yuanxiao/dev_ws/install/learning_pkg_python:/home/yuanxiao/dev_ws/install/learning_parameter:/home/yuanxiao/dev_ws/install/learning_node:/home/yuanxiao/dev_ws/install/learning_launch:/home/yuanxiao/dev_ws/install/learning_action:/home/yuanxiao/dev_ws/install/learning_gazebo:/opt/ros/humble /usr/bin/cmake --build /home/yuanxiao/gold_hw/build/gold_miner -- -j4 -l4
[0.104s] [35m[1mConsolidate compiler generated dependencies of target mining_industry[0m
[0.138s] [ 50%] Built target mining_industry
[0.169s] [100%] Built target miner
[0.180s] Invoked command in '/home/yuanxiao/gold_hw/build/gold_miner' returned '0': CMAKE_PREFIX_PATH=/home/yuanxiao/gold_hw/install/interfaces:/home/yuanxiao/gold_hw/install/gold_miner:/home/yuanxiao/dev_ws/install/learning_pkg_c:/home/yuanxiao/dev_ws/install/learning_interface:/home/yuanxiao/dev_ws/install/learning_urdf:/home/yuanxiao/dev_ws/install/learning_topic:/home/yuanxiao/dev_ws/install/learning_tf:/home/yuanxiao/dev_ws/install/learning_service:/home/yuanxiao/dev_ws/install/learning_qos:/home/yuanxiao/dev_ws/install/learning_pkg_python:/home/yuanxiao/dev_ws/install/learning_parameter:/home/yuanxiao/dev_ws/install/learning_node:/home/yuanxiao/dev_ws/install/learning_launch:/home/yuanxiao/dev_ws/install/learning_action:/home/yuanxiao/dev_ws/install/learning_gazebo:/opt/ros/humble /usr/bin/cmake --build /home/yuanxiao/gold_hw/build/gold_miner -- -j4 -l4
[0.224s] Invoking command in '/home/yuanxiao/gold_hw/build/gold_miner': CMAKE_PREFIX_PATH=/home/yuanxiao/gold_hw/install/interfaces:/home/yuanxiao/gold_hw/install/gold_miner:/home/yuanxiao/dev_ws/install/learning_pkg_c:/home/yuanxiao/dev_ws/install/learning_interface:/home/yuanxiao/dev_ws/install/learning_urdf:/home/yuanxiao/dev_ws/install/learning_topic:/home/yuanxiao/dev_ws/install/learning_tf:/home/yuanxiao/dev_ws/install/learning_service:/home/yuanxiao/dev_ws/install/learning_qos:/home/yuanxiao/dev_ws/install/learning_pkg_python:/home/yuanxiao/dev_ws/install/learning_parameter:/home/yuanxiao/dev_ws/install/learning_node:/home/yuanxiao/dev_ws/install/learning_launch:/home/yuanxiao/dev_ws/install/learning_action:/home/yuanxiao/dev_ws/install/learning_gazebo:/opt/ros/humble /usr/bin/cmake --install /home/yuanxiao/gold_hw/build/gold_miner
[0.233s] -- Install configuration: ""
[0.233s] -- Up-to-date: /home/yuanxiao/gold_hw/install/gold_miner/lib/gold_miner/mining_industry
[0.235s] -- Up-to-date: /home/yuanxiao/gold_hw/install/gold_miner/lib/gold_miner/miner
[0.235s] -- Up-to-date: /home/yuanxiao/gold_hw/install/gold_miner/share/gold_miner/launch
[0.240s] -- Up-to-date: /home/yuanxiao/gold_hw/install/gold_miner/share/gold_miner/launch/gold_miner.launch.py
[0.240s] -- Up-to-date: /home/yuanxiao/gold_hw/install/gold_miner/share/gold_miner/config
[0.240s] -- Up-to-date: /home/yuanxiao/gold_hw/install/gold_miner/share/gold_miner/config/param.yaml
[0.240s] -- Up-to-date: /home/yuanxiao/gold_hw/install/gold_miner/share/ament_index/resource_index/package_run_dependencies/gold_miner
[0.240s] -- Up-to-date: /home/yuanxiao/gold_hw/install/gold_miner/share/ament_index/resource_index/parent_prefix_path/gold_miner
[0.240s] -- Up-to-date: /home/yuanxiao/gold_hw/install/gold_miner/share/gold_miner/environment/ament_prefix_path.sh
[0.240s] -- Up-to-date: /home/yuanxiao/gold_hw/install/gold_miner/share/gold_miner/environment/ament_prefix_path.dsv
[0.241s] -- Up-to-date: /home/yuanxiao/gold_hw/install/gold_miner/share/gold_miner/environment/path.sh
[0.241s] -- Up-to-date: /home/yuanxiao/gold_hw/install/gold_miner/share/gold_miner/environment/path.dsv
[0.241s] -- Up-to-date: /home/yuanxiao/gold_hw/install/gold_miner/share/gold_miner/local_setup.bash
[0.241s] -- Up-to-date: /home/yuanxiao/gold_hw/install/gold_miner/share/gold_miner/local_setup.sh
[0.241s] -- Up-to-date: /home/yuanxiao/gold_hw/install/gold_miner/share/gold_miner/local_setup.zsh
[0.241s] -- Up-to-date: /home/yuanxiao/gold_hw/install/gold_miner/share/gold_miner/local_setup.dsv
[0.241s] -- Installing: /home/yuanxiao/gold_hw/install/gold_miner/share/gold_miner/package.dsv
[0.241s] -- Up-to-date: /home/yuanxiao/gold_hw/install/gold_miner/share/ament_index/resource_index/packages/gold_miner
[0.241s] -- Up-to-date: /home/yuanxiao/gold_hw/install/gold_miner/share/gold_miner/cmake/gold_minerConfig.cmake
[0.241s] -- Up-to-date: /home/yuanxiao/gold_hw/install/gold_miner/share/gold_miner/cmake/gold_minerConfig-version.cmake
[0.241s] -- Up-to-date: /home/yuanxiao/gold_hw/install/gold_miner/share/gold_miner/package.xml
[0.241s] Invoked command in '/home/yuanxiao/gold_hw/build/gold_miner' returned '0': CMAKE_PREFIX_PATH=/home/yuanxiao/gold_hw/install/interfaces:/home/yuanxiao/gold_hw/install/gold_miner:/home/yuanxiao/dev_ws/install/learning_pkg_c:/home/yuanxiao/dev_ws/install/learning_interface:/home/yuanxiao/dev_ws/install/learning_urdf:/home/yuanxiao/dev_ws/install/learning_topic:/home/yuanxiao/dev_ws/install/learning_tf:/home/yuanxiao/dev_ws/install/learning_service:/home/yuanxiao/dev_ws/install/learning_qos:/home/yuanxiao/dev_ws/install/learning_pkg_python:/home/yuanxiao/dev_ws/install/learning_parameter:/home/yuanxiao/dev_ws/install/learning_node:/home/yuanxiao/dev_ws/install/learning_launch:/home/yuanxiao/dev_ws/install/learning_action:/home/yuanxiao/dev_ws/install/learning_gazebo:/opt/ros/humble /usr/bin/cmake --install /home/yuanxiao/gold_hw/build/gold_miner
