[0.033s] Invoking command in '/home/yuanxiao/gold_hw/build/interfaces': CMAKE_PREFIX_PATH=${CMAKE_PREFIX_PATH}:/home/yuanxiao/dev_ws/install/learning_urdf:/home/yuanxiao/dev_ws/install/learning_topic:/home/yuanxiao/dev_ws/install/learning_tf:/home/yuanxiao/dev_ws/install/learning_service:/home/yuanxiao/dev_ws/install/learning_qos:/home/yuanxiao/dev_ws/install/learning_pkg_python:/home/yuanxiao/dev_ws/install/learning_parameter:/home/yuanxiao/dev_ws/install/learning_node:/home/yuanxiao/dev_ws/install/learning_launch:/home/yuanxiao/dev_ws/install/learning_action:/home/yuanxiao/dev_ws/install/learning_gazebo:/opt/ros/humble /usr/bin/cmake --build /home/yuanxiao/gold_hw/build/interfaces -- -j4 -l4
[0.098s] [  2%] Built target interfaces__cpp
[0.106s] [ 12%] Built target interfaces__rosidl_generator_c
[0.140s] [ 14%] Built target ament_cmake_python_copy_interfaces
[0.141s] [ 23%] Built target interfaces__rosidl_typesupport_fastrtps_cpp
[0.193s] [ 34%] Built target interfaces__rosidl_typesupport_cpp
[0.194s] [ 44%] Built target interfaces__rosidl_typesupport_introspection_cpp
[0.223s] [ 65%] Built target interfaces__rosidl_typesupport_introspection_c
[0.223s] [ 65%] Built target interfaces__rosidl_typesupport_c
[0.269s] [ 76%] Built target interfaces__rosidl_typesupport_fastrtps_c
[0.304s] [ 76%] Built target interfaces
[0.344s] [ 78%] Built target interfaces__py
[0.371s] [ 87%] Built target interfaces__rosidl_generator_py
[0.406s] [ 91%] Built target interfaces__rosidl_typesupport_fastrtps_c__pyext
[0.462s] [ 95%] Built target interfaces__rosidl_typesupport_c__pyext
[0.505s] [100%] Built target interfaces__rosidl_typesupport_introspection_c__pyext
[0.576s] running egg_info
[0.576s] writing interfaces.egg-info/PKG-INFO
[0.576s] writing dependency_links to interfaces.egg-info/dependency_links.txt
[0.576s] writing top-level names to interfaces.egg-info/top_level.txt
[0.581s] reading manifest file 'interfaces.egg-info/SOURCES.txt'
[0.581s] writing manifest file 'interfaces.egg-info/SOURCES.txt'
[0.615s] [100%] Built target ament_cmake_python_build_interfaces_egg
[0.628s] Invoked command in '/home/yuanxiao/gold_hw/build/interfaces' returned '0': CMAKE_PREFIX_PATH=${CMAKE_PREFIX_PATH}:/home/yuanxiao/dev_ws/install/learning_urdf:/home/yuanxiao/dev_ws/install/learning_topic:/home/yuanxiao/dev_ws/install/learning_tf:/home/yuanxiao/dev_ws/install/learning_service:/home/yuanxiao/dev_ws/install/learning_qos:/home/yuanxiao/dev_ws/install/learning_pkg_python:/home/yuanxiao/dev_ws/install/learning_parameter:/home/yuanxiao/dev_ws/install/learning_node:/home/yuanxiao/dev_ws/install/learning_launch:/home/yuanxiao/dev_ws/install/learning_action:/home/yuanxiao/dev_ws/install/learning_gazebo:/opt/ros/humble /usr/bin/cmake --build /home/yuanxiao/gold_hw/build/interfaces -- -j4 -l4
[0.799s] Invoking command in '/home/yuanxiao/gold_hw/build/interfaces': CMAKE_PREFIX_PATH=${CMAKE_PREFIX_PATH}:/home/yuanxiao/dev_ws/install/learning_urdf:/home/yuanxiao/dev_ws/install/learning_topic:/home/yuanxiao/dev_ws/install/learning_tf:/home/yuanxiao/dev_ws/install/learning_service:/home/yuanxiao/dev_ws/install/learning_qos:/home/yuanxiao/dev_ws/install/learning_pkg_python:/home/yuanxiao/dev_ws/install/learning_parameter:/home/yuanxiao/dev_ws/install/learning_node:/home/yuanxiao/dev_ws/install/learning_launch:/home/yuanxiao/dev_ws/install/learning_action:/home/yuanxiao/dev_ws/install/learning_gazebo:/opt/ros/humble /usr/bin/cmake --install /home/yuanxiao/gold_hw/build/interfaces
[0.807s] -- Install configuration: ""
[0.807s] -- Up-to-date: /home/yuanxiao/gold_hw/install/interfaces/share/ament_index/resource_index/rosidl_interfaces/interfaces
[0.807s] -- Up-to-date: /home/yuanxiao/gold_hw/install/interfaces/include/interfaces/interfaces
[0.808s] -- Up-to-date: /home/yuanxiao/gold_hw/install/interfaces/include/interfaces/interfaces/srv
[0.808s] -- Up-to-date: /home/yuanxiao/gold_hw/install/interfaces/include/interfaces/interfaces/srv/ore_position.h
[0.808s] -- Up-to-date: /home/yuanxiao/gold_hw/install/interfaces/include/interfaces/interfaces/srv/detail
[0.808s] -- Up-to-date: /home/yuanxiao/gold_hw/install/interfaces/include/interfaces/interfaces/srv/detail/ore_position__type_support.h
[0.808s] -- Up-to-date: /home/yuanxiao/gold_hw/install/interfaces/include/interfaces/interfaces/srv/detail/ore_position__functions.h
[0.808s] -- Up-to-date: /home/yuanxiao/gold_hw/install/interfaces/include/interfaces/interfaces/srv/detail/ore_position__functions.c
[0.808s] -- Up-to-date: /home/yuanxiao/gold_hw/install/interfaces/include/interfaces/interfaces/srv/detail/ore_position__struct.h
[0.808s] -- Up-to-date: /home/yuanxiao/gold_hw/install/interfaces/include/interfaces/interfaces/msg
[0.808s] -- Up-to-date: /home/yuanxiao/gold_hw/install/interfaces/include/interfaces/interfaces/msg/rosidl_generator_c__visibility_control.h
[0.808s] -- Up-to-date: /home/yuanxiao/gold_hw/install/interfaces/include/interfaces/interfaces/msg/ore_info.h
[0.808s] -- Up-to-date: /home/yuanxiao/gold_hw/install/interfaces/include/interfaces/interfaces/msg/detail
[0.808s] -- Up-to-date: /home/yuanxiao/gold_hw/install/interfaces/include/interfaces/interfaces/msg/detail/ore_info__type_support.h
[0.808s] -- Up-to-date: /home/yuanxiao/gold_hw/install/interfaces/include/interfaces/interfaces/msg/detail/ore_info__functions.c
[0.809s] -- Up-to-date: /home/yuanxiao/gold_hw/install/interfaces/include/interfaces/interfaces/msg/detail/ore_info__functions.h
[0.809s] -- Up-to-date: /home/yuanxiao/gold_hw/install/interfaces/include/interfaces/interfaces/msg/detail/ore_array__functions.c
[0.809s] -- Up-to-date: /home/yuanxiao/gold_hw/install/interfaces/include/interfaces/interfaces/msg/detail/ore_array__functions.h
[0.809s] -- Up-to-date: /home/yuanxiao/gold_hw/install/interfaces/include/interfaces/interfaces/msg/detail/ore_info__struct.h
[0.809s] -- Up-to-date: /home/yuanxiao/gold_hw/install/interfaces/include/interfaces/interfaces/msg/detail/ore_array__struct.h
[0.809s] -- Up-to-date: /home/yuanxiao/gold_hw/install/interfaces/include/interfaces/interfaces/msg/detail/ore_array__type_support.h
[0.809s] -- Up-to-date: /home/yuanxiao/gold_hw/install/interfaces/include/interfaces/interfaces/msg/ore_array.h
[0.809s] -- Up-to-date: /home/yuanxiao/gold_hw/install/interfaces/share/interfaces/environment/library_path.sh
[0.809s] -- Up-to-date: /home/yuanxiao/gold_hw/install/interfaces/share/interfaces/environment/library_path.dsv
[0.810s] -- Up-to-date: /home/yuanxiao/gold_hw/install/interfaces/lib/libinterfaces__rosidl_generator_c.so
[0.810s] -- Up-to-date: /home/yuanxiao/gold_hw/install/interfaces/include/interfaces/interfaces
[0.810s] -- Up-to-date: /home/yuanxiao/gold_hw/install/interfaces/include/interfaces/interfaces/srv
[0.810s] -- Up-to-date: /home/yuanxiao/gold_hw/install/interfaces/include/interfaces/interfaces/srv/detail
[0.810s] -- Up-to-date: /home/yuanxiao/gold_hw/install/interfaces/include/interfaces/interfaces/srv/detail/ore_position__rosidl_typesupport_fastrtps_c.h
[0.810s] -- Up-to-date: /home/yuanxiao/gold_hw/install/interfaces/include/interfaces/interfaces/msg
[0.810s] -- Up-to-date: /home/yuanxiao/gold_hw/install/interfaces/include/interfaces/interfaces/msg/rosidl_typesupport_fastrtps_c__visibility_control.h
[0.810s] -- Up-to-date: /home/yuanxiao/gold_hw/install/interfaces/include/interfaces/interfaces/msg/detail
[0.810s] -- Up-to-date: /home/yuanxiao/gold_hw/install/interfaces/include/interfaces/interfaces/msg/detail/ore_array__rosidl_typesupport_fastrtps_c.h
[0.810s] -- Up-to-date: /home/yuanxiao/gold_hw/install/interfaces/include/interfaces/interfaces/msg/detail/ore_info__rosidl_typesupport_fastrtps_c.h
[0.810s] -- Up-to-date: /home/yuanxiao/gold_hw/install/interfaces/lib/libinterfaces__rosidl_typesupport_fastrtps_c.so
[0.810s] -- Up-to-date: /home/yuanxiao/gold_hw/install/interfaces/include/interfaces/interfaces
[0.810s] -- Up-to-date: /home/yuanxiao/gold_hw/install/interfaces/include/interfaces/interfaces/srv
[0.810s] -- Up-to-date: /home/yuanxiao/gold_hw/install/interfaces/include/interfaces/interfaces/srv/ore_position.hpp
[0.811s] -- Up-to-date: /home/yuanxiao/gold_hw/install/interfaces/include/interfaces/interfaces/srv/detail
[0.811s] -- Up-to-date: /home/yuanxiao/gold_hw/install/interfaces/include/interfaces/interfaces/srv/detail/ore_position__builder.hpp
[0.811s] -- Up-to-date: /home/yuanxiao/gold_hw/install/interfaces/include/interfaces/interfaces/srv/detail/ore_position__struct.hpp
[0.811s] -- Up-to-date: /home/yuanxiao/gold_hw/install/interfaces/include/interfaces/interfaces/srv/detail/ore_position__traits.hpp
[0.811s] -- Up-to-date: /home/yuanxiao/gold_hw/install/interfaces/include/interfaces/interfaces/msg
[0.811s] -- Up-to-date: /home/yuanxiao/gold_hw/install/interfaces/include/interfaces/interfaces/msg/ore_array.hpp
[0.811s] -- Up-to-date: /home/yuanxiao/gold_hw/install/interfaces/include/interfaces/interfaces/msg/ore_info.hpp
[0.811s] -- Up-to-date: /home/yuanxiao/gold_hw/install/interfaces/include/interfaces/interfaces/msg/detail
[0.811s] -- Up-to-date: /home/yuanxiao/gold_hw/install/interfaces/include/interfaces/interfaces/msg/detail/ore_array__traits.hpp
[0.811s] -- Up-to-date: /home/yuanxiao/gold_hw/install/interfaces/include/interfaces/interfaces/msg/detail/ore_info__traits.hpp
[0.811s] -- Up-to-date: /home/yuanxiao/gold_hw/install/interfaces/include/interfaces/interfaces/msg/detail/ore_info__struct.hpp
[0.811s] -- Up-to-date: /home/yuanxiao/gold_hw/install/interfaces/include/interfaces/interfaces/msg/detail/ore_info__builder.hpp
[0.811s] -- Up-to-date: /home/yuanxiao/gold_hw/install/interfaces/include/interfaces/interfaces/msg/detail/ore_array__builder.hpp
[0.812s] -- Up-to-date: /home/yuanxiao/gold_hw/install/interfaces/include/interfaces/interfaces/msg/detail/ore_array__struct.hpp
[0.812s] -- Up-to-date: /home/yuanxiao/gold_hw/install/interfaces/include/interfaces/interfaces
[0.812s] -- Up-to-date: /home/yuanxiao/gold_hw/install/interfaces/include/interfaces/interfaces/srv
[0.812s] -- Up-to-date: /home/yuanxiao/gold_hw/install/interfaces/include/interfaces/interfaces/srv/detail
[0.812s] -- Up-to-date: /home/yuanxiao/gold_hw/install/interfaces/include/interfaces/interfaces/srv/detail/dds_fastrtps
[0.812s] -- Up-to-date: /home/yuanxiao/gold_hw/install/interfaces/include/interfaces/interfaces/srv/detail/ore_position__rosidl_typesupport_fastrtps_cpp.hpp
[0.812s] -- Up-to-date: /home/yuanxiao/gold_hw/install/interfaces/include/interfaces/interfaces/msg
[0.812s] -- Up-to-date: /home/yuanxiao/gold_hw/install/interfaces/include/interfaces/interfaces/msg/rosidl_typesupport_fastrtps_cpp__visibility_control.h
[0.812s] -- Up-to-date: /home/yuanxiao/gold_hw/install/interfaces/include/interfaces/interfaces/msg/detail
[0.812s] -- Up-to-date: /home/yuanxiao/gold_hw/install/interfaces/include/interfaces/interfaces/msg/detail/dds_fastrtps
[0.812s] -- Up-to-date: /home/yuanxiao/gold_hw/install/interfaces/include/interfaces/interfaces/msg/detail/ore_info__rosidl_typesupport_fastrtps_cpp.hpp
[0.812s] -- Up-to-date: /home/yuanxiao/gold_hw/install/interfaces/include/interfaces/interfaces/msg/detail/ore_array__rosidl_typesupport_fastrtps_cpp.hpp
[0.812s] -- Up-to-date: /home/yuanxiao/gold_hw/install/interfaces/lib/libinterfaces__rosidl_typesupport_fastrtps_cpp.so
[0.812s] -- Up-to-date: /home/yuanxiao/gold_hw/install/interfaces/include/interfaces/interfaces
[0.812s] -- Up-to-date: /home/yuanxiao/gold_hw/install/interfaces/include/interfaces/interfaces/srv
[0.813s] -- Up-to-date: /home/yuanxiao/gold_hw/install/interfaces/include/interfaces/interfaces/srv/detail
[0.813s] -- Up-to-date: /home/yuanxiao/gold_hw/install/interfaces/include/interfaces/interfaces/srv/detail/ore_position__rosidl_typesupport_introspection_c.h
[0.813s] -- Up-to-date: /home/yuanxiao/gold_hw/install/interfaces/include/interfaces/interfaces/srv/detail/ore_position__type_support.c
[0.813s] -- Up-to-date: /home/yuanxiao/gold_hw/install/interfaces/include/interfaces/interfaces/msg
[0.813s] -- Up-to-date: /home/yuanxiao/gold_hw/install/interfaces/include/interfaces/interfaces/msg/rosidl_typesupport_introspection_c__visibility_control.h
[0.813s] -- Up-to-date: /home/yuanxiao/gold_hw/install/interfaces/include/interfaces/interfaces/msg/detail
[0.813s] -- Up-to-date: /home/yuanxiao/gold_hw/install/interfaces/include/interfaces/interfaces/msg/detail/ore_info__rosidl_typesupport_introspection_c.h
[0.813s] -- Up-to-date: /home/yuanxiao/gold_hw/install/interfaces/include/interfaces/interfaces/msg/detail/ore_array__rosidl_typesupport_introspection_c.h
[0.813s] -- Up-to-date: /home/yuanxiao/gold_hw/install/interfaces/include/interfaces/interfaces/msg/detail/ore_array__type_support.c
[0.817s] -- Up-to-date: /home/yuanxiao/gold_hw/install/interfaces/include/interfaces/interfaces/msg/detail/ore_info__type_support.c
[0.817s] -- Up-to-date: /home/yuanxiao/gold_hw/install/interfaces/lib/libinterfaces__rosidl_typesupport_introspection_c.so
[0.817s] -- Up-to-date: /home/yuanxiao/gold_hw/install/interfaces/lib/libinterfaces__rosidl_typesupport_c.so
[0.817s] -- Up-to-date: /home/yuanxiao/gold_hw/install/interfaces/include/interfaces/interfaces
[0.817s] -- Up-to-date: /home/yuanxiao/gold_hw/install/interfaces/include/interfaces/interfaces/srv
[0.817s] -- Up-to-date: /home/yuanxiao/gold_hw/install/interfaces/include/interfaces/interfaces/srv/detail
[0.817s] -- Up-to-date: /home/yuanxiao/gold_hw/install/interfaces/include/interfaces/interfaces/srv/detail/ore_position__rosidl_typesupport_introspection_cpp.hpp
[0.817s] -- Up-to-date: /home/yuanxiao/gold_hw/install/interfaces/include/interfaces/interfaces/srv/detail/ore_position__type_support.cpp
[0.817s] -- Up-to-date: /home/yuanxiao/gold_hw/install/interfaces/include/interfaces/interfaces/msg
[0.818s] -- Up-to-date: /home/yuanxiao/gold_hw/install/interfaces/include/interfaces/interfaces/msg/detail
[0.818s] -- Up-to-date: /home/yuanxiao/gold_hw/install/interfaces/include/interfaces/interfaces/msg/detail/ore_info__type_support.cpp
[0.818s] -- Up-to-date: /home/yuanxiao/gold_hw/install/interfaces/include/interfaces/interfaces/msg/detail/ore_info__rosidl_typesupport_introspection_cpp.hpp
[0.818s] -- Up-to-date: /home/yuanxiao/gold_hw/install/interfaces/include/interfaces/interfaces/msg/detail/ore_array__type_support.cpp
[0.818s] -- Up-to-date: /home/yuanxiao/gold_hw/install/interfaces/include/interfaces/interfaces/msg/detail/ore_array__rosidl_typesupport_introspection_cpp.hpp
[0.819s] -- Up-to-date: /home/yuanxiao/gold_hw/install/interfaces/lib/libinterfaces__rosidl_typesupport_introspection_cpp.so
[0.819s] -- Up-to-date: /home/yuanxiao/gold_hw/install/interfaces/lib/libinterfaces__rosidl_typesupport_cpp.so
[0.819s] -- Up-to-date: /home/yuanxiao/gold_hw/install/interfaces/share/interfaces/environment/pythonpath.sh
[0.819s] -- Up-to-date: /home/yuanxiao/gold_hw/install/interfaces/share/interfaces/environment/pythonpath.dsv
[0.819s] -- Up-to-date: /home/yuanxiao/gold_hw/install/interfaces/local/lib/python3.10/dist-packages/interfaces-0.0.0-py3.10.egg-info
[0.819s] -- Installing: /home/yuanxiao/gold_hw/install/interfaces/local/lib/python3.10/dist-packages/interfaces-0.0.0-py3.10.egg-info/SOURCES.txt
[0.819s] -- Installing: /home/yuanxiao/gold_hw/install/interfaces/local/lib/python3.10/dist-packages/interfaces-0.0.0-py3.10.egg-info/top_level.txt
[0.819s] -- Installing: /home/yuanxiao/gold_hw/install/interfaces/local/lib/python3.10/dist-packages/interfaces-0.0.0-py3.10.egg-info/dependency_links.txt
[0.819s] -- Installing: /home/yuanxiao/gold_hw/install/interfaces/local/lib/python3.10/dist-packages/interfaces-0.0.0-py3.10.egg-info/PKG-INFO
[0.819s] -- Up-to-date: /home/yuanxiao/gold_hw/install/interfaces/local/lib/python3.10/dist-packages/interfaces
[0.819s] -- Up-to-date: /home/yuanxiao/gold_hw/install/interfaces/local/lib/python3.10/dist-packages/interfaces/_interfaces_s.ep.rosidl_typesupport_introspection_c.c
[0.819s] -- Up-to-date: /home/yuanxiao/gold_hw/install/interfaces/local/lib/python3.10/dist-packages/interfaces/_interfaces_s.ep.rosidl_typesupport_fastrtps_c.c
[0.820s] -- Up-to-date: /home/yuanxiao/gold_hw/install/interfaces/local/lib/python3.10/dist-packages/interfaces/interfaces_s__rosidl_typesupport_introspection_c.cpython-310-x86_64-linux-gnu.so
[0.820s] -- Up-to-date: /home/yuanxiao/gold_hw/install/interfaces/local/lib/python3.10/dist-packages/interfaces/interfaces_s__rosidl_typesupport_fastrtps_c.cpython-310-x86_64-linux-gnu.so
[0.820s] -- Up-to-date: /home/yuanxiao/gold_hw/install/interfaces/local/lib/python3.10/dist-packages/interfaces/interfaces_s__rosidl_typesupport_c.cpython-310-x86_64-linux-gnu.so
[0.820s] -- Up-to-date: /home/yuanxiao/gold_hw/install/interfaces/local/lib/python3.10/dist-packages/interfaces/srv
[0.820s] -- Up-to-date: /home/yuanxiao/gold_hw/install/interfaces/local/lib/python3.10/dist-packages/interfaces/srv/_ore_position_s.c
[0.820s] -- Up-to-date: /home/yuanxiao/gold_hw/install/interfaces/local/lib/python3.10/dist-packages/interfaces/srv/_ore_position.py
[0.820s] -- Up-to-date: /home/yuanxiao/gold_hw/install/interfaces/local/lib/python3.10/dist-packages/interfaces/srv/__init__.py
[0.820s] -- Up-to-date: /home/yuanxiao/gold_hw/install/interfaces/local/lib/python3.10/dist-packages/interfaces/_interfaces_s.ep.rosidl_typesupport_c.c
[0.820s] -- Up-to-date: /home/yuanxiao/gold_hw/install/interfaces/local/lib/python3.10/dist-packages/interfaces/libinterfaces__rosidl_generator_py.so
[0.820s] -- Up-to-date: /home/yuanxiao/gold_hw/install/interfaces/local/lib/python3.10/dist-packages/interfaces/__init__.py
[0.820s] -- Up-to-date: /home/yuanxiao/gold_hw/install/interfaces/local/lib/python3.10/dist-packages/interfaces/msg
[0.820s] -- Up-to-date: /home/yuanxiao/gold_hw/install/interfaces/local/lib/python3.10/dist-packages/interfaces/msg/_ore_info_s.c
[0.820s] -- Up-to-date: /home/yuanxiao/gold_hw/install/interfaces/local/lib/python3.10/dist-packages/interfaces/msg/_ore_info.py
[0.820s] -- Up-to-date: /home/yuanxiao/gold_hw/install/interfaces/local/lib/python3.10/dist-packages/interfaces/msg/_ore_array_s.c
[0.821s] -- Up-to-date: /home/yuanxiao/gold_hw/install/interfaces/local/lib/python3.10/dist-packages/interfaces/msg/_ore_array.py
[0.821s] -- Up-to-date: /home/yuanxiao/gold_hw/install/interfaces/local/lib/python3.10/dist-packages/interfaces/msg/__init__.py
[0.862s] Listing '/home/yuanxiao/gold_hw/install/interfaces/local/lib/python3.10/dist-packages/interfaces'...
[0.862s] Listing '/home/yuanxiao/gold_hw/install/interfaces/local/lib/python3.10/dist-packages/interfaces/msg'...
[0.862s] Listing '/home/yuanxiao/gold_hw/install/interfaces/local/lib/python3.10/dist-packages/interfaces/srv'...
[0.862s] -- Up-to-date: /home/yuanxiao/gold_hw/install/interfaces/local/lib/python3.10/dist-packages/interfaces/interfaces_s__rosidl_typesupport_fastrtps_c.cpython-310-x86_64-linux-gnu.so
[0.863s] -- Up-to-date: /home/yuanxiao/gold_hw/install/interfaces/local/lib/python3.10/dist-packages/interfaces/interfaces_s__rosidl_typesupport_introspection_c.cpython-310-x86_64-linux-gnu.so
[0.863s] -- Up-to-date: /home/yuanxiao/gold_hw/install/interfaces/local/lib/python3.10/dist-packages/interfaces/interfaces_s__rosidl_typesupport_c.cpython-310-x86_64-linux-gnu.so
[0.863s] -- Up-to-date: /home/yuanxiao/gold_hw/install/interfaces/lib/libinterfaces__rosidl_generator_py.so
[0.863s] -- Up-to-date: /home/yuanxiao/gold_hw/install/interfaces/share/interfaces/msg/OreArray.idl
[0.864s] -- Up-to-date: /home/yuanxiao/gold_hw/install/interfaces/share/interfaces/msg/OreInfo.idl
[0.864s] -- Up-to-date: /home/yuanxiao/gold_hw/install/interfaces/share/interfaces/srv/OrePosition.idl
[0.864s] -- Up-to-date: /home/yuanxiao/gold_hw/install/interfaces/share/interfaces/msg/OreArray.msg
[0.864s] -- Up-to-date: /home/yuanxiao/gold_hw/install/interfaces/share/interfaces/msg/OreInfo.msg
[0.864s] -- Up-to-date: /home/yuanxiao/gold_hw/install/interfaces/share/interfaces/srv/OrePosition.srv
[0.864s] -- Up-to-date: /home/yuanxiao/gold_hw/install/interfaces/share/interfaces/srv/OrePosition_Request.msg
[0.864s] -- Up-to-date: /home/yuanxiao/gold_hw/install/interfaces/share/interfaces/srv/OrePosition_Response.msg
[0.865s] -- Up-to-date: /home/yuanxiao/gold_hw/install/interfaces/share/ament_index/resource_index/package_run_dependencies/interfaces
[0.865s] -- Up-to-date: /home/yuanxiao/gold_hw/install/interfaces/share/ament_index/resource_index/parent_prefix_path/interfaces
[0.865s] -- Up-to-date: /home/yuanxiao/gold_hw/install/interfaces/share/interfaces/environment/ament_prefix_path.sh
[0.865s] -- Up-to-date: /home/yuanxiao/gold_hw/install/interfaces/share/interfaces/environment/ament_prefix_path.dsv
[0.865s] -- Up-to-date: /home/yuanxiao/gold_hw/install/interfaces/share/interfaces/environment/path.sh
[0.865s] -- Up-to-date: /home/yuanxiao/gold_hw/install/interfaces/share/interfaces/environment/path.dsv
[0.865s] -- Up-to-date: /home/yuanxiao/gold_hw/install/interfaces/share/interfaces/local_setup.bash
[0.865s] -- Up-to-date: /home/yuanxiao/gold_hw/install/interfaces/share/interfaces/local_setup.sh
[0.865s] -- Up-to-date: /home/yuanxiao/gold_hw/install/interfaces/share/interfaces/local_setup.zsh
[0.865s] -- Up-to-date: /home/yuanxiao/gold_hw/install/interfaces/share/interfaces/local_setup.dsv
[0.866s] -- Installing: /home/yuanxiao/gold_hw/install/interfaces/share/interfaces/package.dsv
[0.866s] -- Up-to-date: /home/yuanxiao/gold_hw/install/interfaces/share/ament_index/resource_index/packages/interfaces
[0.866s] -- Up-to-date: /home/yuanxiao/gold_hw/install/interfaces/share/interfaces/cmake/export_interfaces__rosidl_generator_cExport.cmake
[0.866s] -- Up-to-date: /home/yuanxiao/gold_hw/install/interfaces/share/interfaces/cmake/export_interfaces__rosidl_generator_cExport-noconfig.cmake
[0.866s] -- Up-to-date: /home/yuanxiao/gold_hw/install/interfaces/share/interfaces/cmake/export_interfaces__rosidl_typesupport_fastrtps_cExport.cmake
[0.866s] -- Up-to-date: /home/yuanxiao/gold_hw/install/interfaces/share/interfaces/cmake/export_interfaces__rosidl_typesupport_fastrtps_cExport-noconfig.cmake
[0.867s] -- Up-to-date: /home/yuanxiao/gold_hw/install/interfaces/share/interfaces/cmake/export_interfaces__rosidl_generator_cppExport.cmake
[0.867s] -- Up-to-date: /home/yuanxiao/gold_hw/install/interfaces/share/interfaces/cmake/export_interfaces__rosidl_typesupport_fastrtps_cppExport.cmake
[0.867s] -- Up-to-date: /home/yuanxiao/gold_hw/install/interfaces/share/interfaces/cmake/export_interfaces__rosidl_typesupport_fastrtps_cppExport-noconfig.cmake
[0.867s] -- Up-to-date: /home/yuanxiao/gold_hw/install/interfaces/share/interfaces/cmake/interfaces__rosidl_typesupport_introspection_cExport.cmake
[0.867s] -- Up-to-date: /home/yuanxiao/gold_hw/install/interfaces/share/interfaces/cmake/interfaces__rosidl_typesupport_introspection_cExport-noconfig.cmake
[0.867s] -- Up-to-date: /home/yuanxiao/gold_hw/install/interfaces/share/interfaces/cmake/interfaces__rosidl_typesupport_cExport.cmake
[0.867s] -- Up-to-date: /home/yuanxiao/gold_hw/install/interfaces/share/interfaces/cmake/interfaces__rosidl_typesupport_cExport-noconfig.cmake
[0.867s] -- Up-to-date: /home/yuanxiao/gold_hw/install/interfaces/share/interfaces/cmake/interfaces__rosidl_typesupport_introspection_cppExport.cmake
[0.867s] -- Up-to-date: /home/yuanxiao/gold_hw/install/interfaces/share/interfaces/cmake/interfaces__rosidl_typesupport_introspection_cppExport-noconfig.cmake
[0.867s] -- Up-to-date: /home/yuanxiao/gold_hw/install/interfaces/share/interfaces/cmake/interfaces__rosidl_typesupport_cppExport.cmake
[0.867s] -- Up-to-date: /home/yuanxiao/gold_hw/install/interfaces/share/interfaces/cmake/interfaces__rosidl_typesupport_cppExport-noconfig.cmake
[0.867s] -- Up-to-date: /home/yuanxiao/gold_hw/install/interfaces/share/interfaces/cmake/export_interfaces__rosidl_generator_pyExport.cmake
[0.867s] -- Up-to-date: /home/yuanxiao/gold_hw/install/interfaces/share/interfaces/cmake/export_interfaces__rosidl_generator_pyExport-noconfig.cmake
[0.867s] -- Up-to-date: /home/yuanxiao/gold_hw/install/interfaces/share/interfaces/cmake/rosidl_cmake-extras.cmake
[0.867s] -- Up-to-date: /home/yuanxiao/gold_hw/install/interfaces/share/interfaces/cmake/ament_cmake_export_dependencies-extras.cmake
[0.868s] -- Up-to-date: /home/yuanxiao/gold_hw/install/interfaces/share/interfaces/cmake/ament_cmake_export_include_directories-extras.cmake
[0.868s] -- Up-to-date: /home/yuanxiao/gold_hw/install/interfaces/share/interfaces/cmake/ament_cmake_export_libraries-extras.cmake
[0.868s] -- Up-to-date: /home/yuanxiao/gold_hw/install/interfaces/share/interfaces/cmake/ament_cmake_export_targets-extras.cmake
[0.868s] -- Up-to-date: /home/yuanxiao/gold_hw/install/interfaces/share/interfaces/cmake/rosidl_cmake_export_typesupport_targets-extras.cmake
[0.869s] -- Up-to-date: /home/yuanxiao/gold_hw/install/interfaces/share/interfaces/cmake/rosidl_cmake_export_typesupport_libraries-extras.cmake
[0.869s] -- Up-to-date: /home/yuanxiao/gold_hw/install/interfaces/share/interfaces/cmake/interfacesConfig.cmake
[0.869s] -- Up-to-date: /home/yuanxiao/gold_hw/install/interfaces/share/interfaces/cmake/interfacesConfig-version.cmake
[0.869s] -- Up-to-date: /home/yuanxiao/gold_hw/install/interfaces/share/interfaces/package.xml
[0.873s] Invoked command in '/home/yuanxiao/gold_hw/build/interfaces' returned '0': CMAKE_PREFIX_PATH=${CMAKE_PREFIX_PATH}:/home/yuanxiao/dev_ws/install/learning_urdf:/home/yuanxiao/dev_ws/install/learning_topic:/home/yuanxiao/dev_ws/install/learning_tf:/home/yuanxiao/dev_ws/install/learning_service:/home/yuanxiao/dev_ws/install/learning_qos:/home/yuanxiao/dev_ws/install/learning_pkg_python:/home/yuanxiao/dev_ws/install/learning_parameter:/home/yuanxiao/dev_ws/install/learning_node:/home/yuanxiao/dev_ws/install/learning_launch:/home/yuanxiao/dev_ws/install/learning_action:/home/yuanxiao/dev_ws/install/learning_gazebo:/opt/ros/humble /usr/bin/cmake --install /home/yuanxiao/gold_hw/build/interfaces
