[35m[1mConsolidate compiler generated dependencies of target mining_industry[0m
[ 25%] [32mBuilding CXX object CMakeFiles/mining_industry.dir/src/mining_industry.cpp.o[0m
[ 75%] Built target miner
[01m[K/home/yuanxiao/gold_hw/src/gold_miner/src/mining_industry.cpp:[m[K In constructor ‘[01m[KMiningIndustry::MiningIndustry()[m[K’:
[01m[K/home/yuanxiao/gold_hw/src/gold_miner/src/mining_industry.cpp:16:41:[m[K [01;31m[Kerror: [m[Kno matching function for call to ‘[01m[KMiningIndustry::create_wall_timer(std::_Bind_helper<false, void (MiningIndustry::*)(), MiningIndustry*>::type)[m[K’
   16 |         timer_ = [01;31m[Kthis->create_wall_timer([m[K
      |                  [01;31m[K~~~~~~~~~~~~~~~~~~~~~~~^[m[K
   17 | [01;31m[K//            std::chrono::milliseconds(1000),  //[m[K
      | [01;31m[K~~~~~~~~~~~~~~~~~~~~~~~~~~~~~~~~~~~~~~~~~~~~~~~~~~[m[K
   18 | [01;31m[K            std::bind(&MiningIndustry::publishOreInfo, this)[m[K
      |             [01;31m[K~~~~~~~~~~~~~~~~~~~~~~~~~~~~~~~~~~~~~~~~~~~~~~~~[m[K
   19 | [01;31m[K        )[m[K;
      |         [01;31m[K~[m[K                                
In file included from [01m[K/opt/ros/humble/include/rclcpp/rclcpp/executors/single_threaded_executor.hpp:28[m[K,
                 from [01m[K/opt/ros/humble/include/rclcpp/rclcpp/executors.hpp:22[m[K,
                 from [01m[K/opt/ros/humble/include/rclcpp/rclcpp/rclcpp.hpp:155[m[K,
                 from [01m[K/home/yuanxiao/gold_hw/src/gold_miner/src/mining_industry.cpp:1[m[K:
[01m[K/opt/ros/humble/include/rclcpp/rclcpp/node.hpp:238:3:[m[K [01;36m[Knote: [m[Kcandidate: ‘[01m[Ktemplate<class DurationRepT, class DurationT, class CallbackT> typename rclcpp::WallTimer<CallbackT>::SharedPtr rclcpp::Node::create_wall_timer(std::chrono::duration<_Rep1, _Period1>, CallbackT, rclcpp::CallbackGroup::SharedPtr)[m[K’
  238 |   [01;36m[Kcreate_wall_timer[m[K(
      |   [01;36m[K^~~~~~~~~~~~~~~~~[m[K
[01m[K/opt/ros/humble/include/rclcpp/rclcpp/node.hpp:238:3:[m[K [01;36m[Knote: [m[K  template argument deduction/substitution failed:
[01m[K/home/yuanxiao/gold_hw/src/gold_miner/src/mining_industry.cpp:16:41:[m[K [01;36m[Knote: [m[K  ‘[01m[Kstd::_Bind<void (MiningIndustry::*(MiningIndustry*))()>[m[K’ is not derived from ‘[01m[Kstd::chrono::duration<_Rep1, _Period1>[m[K’
   16 |         timer_ = [01;36m[Kthis->create_wall_timer([m[K
      |                  [01;36m[K~~~~~~~~~~~~~~~~~~~~~~~^[m[K
   17 | [01;36m[K//            std::chrono::milliseconds(1000),  //[m[K
      | [01;36m[K~~~~~~~~~~~~~~~~~~~~~~~~~~~~~~~~~~~~~~~~~~~~~~~~~~[m[K
   18 | [01;36m[K            std::bind(&MiningIndustry::publishOreInfo, this)[m[K
      |             [01;36m[K~~~~~~~~~~~~~~~~~~~~~~~~~~~~~~~~~~~~~~~~~~~~~~~~[m[K
   19 | [01;36m[K        )[m[K;
      |         [01;36m[K~[m[K                                
gmake[2]: *** [CMakeFiles/mining_industry.dir/build.make:76: CMakeFiles/mining_industry.dir/src/mining_industry.cpp.o] Error 1
gmake[1]: *** [CMakeFiles/Makefile2:139: CMakeFiles/mining_industry.dir/all] Error 2
gmake: *** [Makefile:146: all] Error 2
