[35m[1mConsolidate compiler generated dependencies of target miner[0m
[ 50%] Built target mining_industry
[ 75%] [32mBuilding CXX object CMakeFiles/miner.dir/src/miner.cpp.o[0m
[01m[K/home/yuanxiao/gold_hw/src/gold_miner/src/miner.cpp:[m[K In member function ‘[01m[Kvoid Miner::oreInfoCallback(const OreArray&)[m[K’:
[01m[K/home/yuanxiao/gold_hw/src/gold_miner/src/miner.cpp:36:24:[m[K [01;31m[Kerror: [m[Kexpected ‘[01m[K;[m[K’ before ‘[01m[Ki[m[K’
   36 |         for (size_t _t [01;31m[Ki[m[K = 0; i < n_; ++i) {
      |                        [01;31m[K^[m[K
[01m[K/home/yuanxiao/gold_hw/src/gold_miner/src/miner.cpp:36:24:[m[K [01;31m[Kerror: [m[K‘[01m[Ki[m[K’ was not declared in this scope
[01m[K/home/yuanxiao/gold_hw/src/gold_miner/src/miner.cpp:36:37:[m[K [01;31m[Kerror: [m[Kexpected ‘[01m[K)[m[K’ before ‘[01m[K;[m[K’ token
   36 |         for (size_t _t i = 0; i < n_[01;31m[K;[m[K ++i) {
      |                                     [01;31m[K^[m[K
[01m[K/home/yuanxiao/gold_hw/src/gold_miner/src/miner.cpp:36:13:[m[K [01;36m[Knote: [m[Kto match this ‘[01m[K([m[K’
   36 |         for [01;36m[K([m[Ksize_t _t i = 0; i < n_; ++i) {
      |             [01;36m[K^[m[K
[01m[K/home/yuanxiao/gold_hw/src/gold_miner/src/miner.cpp:36:9:[m[K [01;35m[Kwarning: [m[Kthis ‘[01m[Kfor[m[K’ clause does not guard... [[01;35m[K]8;;https://gcc.gnu.org/onlinedocs/gcc/Warning-Options.html#index-Wmisleading-indentation-Wmisleading-indentation]8;;[m[K]
   36 |         [01;35m[Kfor[m[K (size_t _t i = 0; i < n_; ++i) {
      |         [01;35m[K^~~[m[K
[01m[K/home/yuanxiao/gold_hw/src/gold_miner/src/miner.cpp:36:39:[m[K [01;36m[Knote: [m[K...this statement, but the latter is misleadingly indented as if it were guarded by the ‘[01m[Kfor[m[K’
   36 |         for (size_t _t i = 0; i < n_; [01;36m[K++[m[Ki) {
      |                                       [01;36m[K^~[m[K
[01m[K/home/yuanxiao/gold_hw/src/gold_miner/src/miner.cpp:36:21:[m[K [01;35m[Kwarning: [m[Kunused variable ‘[01m[K_t[m[K’ [[01;35m[K]8;;https://gcc.gnu.org/onlinedocs/gcc/Warning-Options.html#index-Wunused-variable-Wunused-variable]8;;[m[K]
   36 |         for (size_t [01;35m[K_t[m[K i = 0; i < n_; ++i) {
      |                     [01;35m[K^~[m[K
[01m[K/home/yuanxiao/gold_hw/src/gold_miner/src/miner.cpp:36:41:[m[K [01;31m[Kerror: [m[K‘[01m[Ki[m[K’ was not declared in this scope
   36 |         for (size_t _t i = 0; i < n_; ++[01;31m[Ki[m[K) {
      |                                         [01;31m[K^[m[K
gmake[2]: *** [CMakeFiles/miner.dir/build.make:76: CMakeFiles/miner.dir/src/miner.cpp.o] Error 1
gmake[1]: *** [CMakeFiles/Makefile2:165: CMakeFiles/miner.dir/all] Error 2
gmake: *** [Makefile:146: all] Error 2
