[0.040s] Invoking command in '/home/yuanxiao/gold_hw/build/gold_miner': CMAKE_PREFIX_PATH=/home/yuanxiao/gold_hw/install/interfaces:/home/yuanxiao/gold_hw/install/gold_miner:/home/yuanxiao/dev_ws/install/learning_pkg_c:/home/yuanxiao/dev_ws/install/learning_interface:/home/yuanxiao/dev_ws/install/learning_urdf:/home/yuanxiao/dev_ws/install/learning_topic:/home/yuanxiao/dev_ws/install/learning_tf:/home/yuanxiao/dev_ws/install/learning_service:/home/yuanxiao/dev_ws/install/learning_qos:/home/yuanxiao/dev_ws/install/learning_pkg_python:/home/yuanxiao/dev_ws/install/learning_parameter:/home/yuanxiao/dev_ws/install/learning_node:/home/yuanxiao/dev_ws/install/learning_launch:/home/yuanxiao/dev_ws/install/learning_action:/home/yuanxiao/dev_ws/install/learning_gazebo:/opt/ros/humble /usr/bin/cmake --build /home/yuanxiao/gold_hw/build/gold_miner -- -j4 -l4
[0.092s] [ 50%] Built target mining_industry
[0.127s] [35m[1mConsolidate compiler generated dependencies of target miner[0m
[0.148s] [ 75%] [32mBuilding CXX object CMakeFiles/miner.dir/src/miner.cpp.o[0m
[9.879s] [100%] [32m[1mLinking CXX executable miner[0m
[10.401s] [100%] Built target miner
[10.417s] Invoked command in '/home/yuanxiao/gold_hw/build/gold_miner' returned '0': CMAKE_PREFIX_PATH=/home/yuanxiao/gold_hw/install/interfaces:/home/yuanxiao/gold_hw/install/gold_miner:/home/yuanxiao/dev_ws/install/learning_pkg_c:/home/yuanxiao/dev_ws/install/learning_interface:/home/yuanxiao/dev_ws/install/learning_urdf:/home/yuanxiao/dev_ws/install/learning_topic:/home/yuanxiao/dev_ws/install/learning_tf:/home/yuanxiao/dev_ws/install/learning_service:/home/yuanxiao/dev_ws/install/learning_qos:/home/yuanxiao/dev_ws/install/learning_pkg_python:/home/yuanxiao/dev_ws/install/learning_parameter:/home/yuanxiao/dev_ws/install/learning_node:/home/yuanxiao/dev_ws/install/learning_launch:/home/yuanxiao/dev_ws/install/learning_action:/home/yuanxiao/dev_ws/install/learning_gazebo:/opt/ros/humble /usr/bin/cmake --build /home/yuanxiao/gold_hw/build/gold_miner -- -j4 -l4
[10.458s] Invoking command in '/home/yuanxiao/gold_hw/build/gold_miner': CMAKE_PREFIX_PATH=/home/yuanxiao/gold_hw/install/interfaces:/home/yuanxiao/gold_hw/install/gold_miner:/home/yuanxiao/dev_ws/install/learning_pkg_c:/home/yuanxiao/dev_ws/install/learning_interface:/home/yuanxiao/dev_ws/install/learning_urdf:/home/yuanxiao/dev_ws/install/learning_topic:/home/yuanxiao/dev_ws/install/learning_tf:/home/yuanxiao/dev_ws/install/learning_service:/home/yuanxiao/dev_ws/install/learning_qos:/home/yuanxiao/dev_ws/install/learning_pkg_python:/home/yuanxiao/dev_ws/install/learning_parameter:/home/yuanxiao/dev_ws/install/learning_node:/home/yuanxiao/dev_ws/install/learning_launch:/home/yuanxiao/dev_ws/install/learning_action:/home/yuanxiao/dev_ws/install/learning_gazebo:/opt/ros/humble /usr/bin/cmake --install /home/yuanxiao/gold_hw/build/gold_miner
[10.467s] -- Install configuration: ""
[10.468s] -- Installing: /home/yuanxiao/gold_hw/install/gold_miner/lib/gold_miner/mining_industry
[10.472s] -- Set runtime path of "/home/yuanxiao/gold_hw/install/gold_miner/lib/gold_miner/mining_industry" to ""
[10.473s] -- Installing: /home/yuanxiao/gold_hw/install/gold_miner/lib/gold_miner/miner
[10.478s] -- Set runtime path of "/home/yuanxiao/gold_hw/install/gold_miner/lib/gold_miner/miner" to ""
[10.478s] -- Up-to-date: /home/yuanxiao/gold_hw/install/gold_miner/share/gold_miner/launch
[10.478s] -- Up-to-date: /home/yuanxiao/gold_hw/install/gold_miner/share/gold_miner/launch/gold_miner.launch.py
[10.479s] -- Up-to-date: /home/yuanxiao/gold_hw/install/gold_miner/share/gold_miner/config
[10.479s] -- Up-to-date: /home/yuanxiao/gold_hw/install/gold_miner/share/gold_miner/config/param.yaml
[10.479s] -- Up-to-date: /home/yuanxiao/gold_hw/install/gold_miner/share/ament_index/resource_index/package_run_dependencies/gold_miner
[10.479s] -- Up-to-date: /home/yuanxiao/gold_hw/install/gold_miner/share/ament_index/resource_index/parent_prefix_path/gold_miner
[10.479s] -- Up-to-date: /home/yuanxiao/gold_hw/install/gold_miner/share/gold_miner/environment/ament_prefix_path.sh
[10.480s] -- Up-to-date: /home/yuanxiao/gold_hw/install/gold_miner/share/gold_miner/environment/ament_prefix_path.dsv
[10.480s] -- Up-to-date: /home/yuanxiao/gold_hw/install/gold_miner/share/gold_miner/environment/path.sh
[10.480s] -- Up-to-date: /home/yuanxiao/gold_hw/install/gold_miner/share/gold_miner/environment/path.dsv
[10.480s] -- Up-to-date: /home/yuanxiao/gold_hw/install/gold_miner/share/gold_miner/local_setup.bash
[10.480s] -- Up-to-date: /home/yuanxiao/gold_hw/install/gold_miner/share/gold_miner/local_setup.sh
[10.480s] -- Up-to-date: /home/yuanxiao/gold_hw/install/gold_miner/share/gold_miner/local_setup.zsh
[10.480s] -- Up-to-date: /home/yuanxiao/gold_hw/install/gold_miner/share/gold_miner/local_setup.dsv
[10.480s] -- Installing: /home/yuanxiao/gold_hw/install/gold_miner/share/gold_miner/package.dsv
[10.480s] -- Up-to-date: /home/yuanxiao/gold_hw/install/gold_miner/share/ament_index/resource_index/packages/gold_miner
[10.481s] -- Up-to-date: /home/yuanxiao/gold_hw/install/gold_miner/share/gold_miner/cmake/gold_minerConfig.cmake
[10.481s] -- Up-to-date: /home/yuanxiao/gold_hw/install/gold_miner/share/gold_miner/cmake/gold_minerConfig-version.cmake
[10.481s] -- Up-to-date: /home/yuanxiao/gold_hw/install/gold_miner/share/gold_miner/package.xml
[10.482s] Invoked command in '/home/yuanxiao/gold_hw/build/gold_miner' returned '0': CMAKE_PREFIX_PATH=/home/yuanxiao/gold_hw/install/interfaces:/home/yuanxiao/gold_hw/install/gold_miner:/home/yuanxiao/dev_ws/install/learning_pkg_c:/home/yuanxiao/dev_ws/install/learning_interface:/home/yuanxiao/dev_ws/install/learning_urdf:/home/yuanxiao/dev_ws/install/learning_topic:/home/yuanxiao/dev_ws/install/learning_tf:/home/yuanxiao/dev_ws/install/learning_service:/home/yuanxiao/dev_ws/install/learning_qos:/home/yuanxiao/dev_ws/install/learning_pkg_python:/home/yuanxiao/dev_ws/install/learning_parameter:/home/yuanxiao/dev_ws/install/learning_node:/home/yuanxiao/dev_ws/install/learning_launch:/home/yuanxiao/dev_ws/install/learning_action:/home/yuanxiao/dev_ws/install/learning_gazebo:/opt/ros/humble /usr/bin/cmake --install /home/yuanxiao/gold_hw/build/gold_miner
