[35m[1mConsolidate compiler generated dependencies of target mining_industry[0m
[35m[1mConsolidate compiler generated dependencies of target miner[0m
[ 25%] [32mBuilding CXX object CMakeFiles/miner.dir/src/miner.cpp.o[0m
[ 75%] Built target mining_industry
In file included from [01m[K/opt/ros/humble/include/rclcpp/rclcpp/callback_group.hpp:24[m[K,
                 from [01m[K/opt/ros/humble/include/rclcpp/rclcpp/any_executable.hpp:20[m[K,
                 from [01m[K/opt/ros/humble/include/rclcpp/rclcpp/memory_strategy.hpp:25[m[K,
                 from [01m[K/opt/ros/humble/include/rclcpp/rclcpp/memory_strategies.hpp:18[m[K,
                 from [01m[K/opt/ros/humble/include/rclcpp/rclcpp/executor_options.hpp:20[m[K,
                 from [01m[K/opt/ros/humble/include/rclcpp/rclcpp/executor.hpp:37[m[K,
                 from [01m[K/opt/ros/humble/include/rclcpp/rclcpp/executors/multi_threaded_executor.hpp:25[m[K,
                 from [01m[K/opt/ros/humble/include/rclcpp/rclcpp/executors.hpp:21[m[K,
                 from [01m[K/opt/ros/humble/include/rclcpp/rclcpp/rclcpp.hpp:155[m[K,
                 from [01m[K/home/yuanxiao/gold_hw/src/gold_miner/src/miner.cpp:1[m[K:
/opt/ros/humble/include/rclcpp/rclcpp/client.hpp: In instantiation of ‘[01m[Kclass rclcpp::Client<interfaces::srv::OrePosition_Request_<std::allocator<void> > >[m[K’:
[01m[K/opt/ros/humble/include/rclcpp/rclcpp/node_impl.hpp:125:1:[m[K   required by substitution of ‘[01m[Ktemplate<class ServiceT> typename rclcpp::Client<ServiceT>::SharedPtr rclcpp::Node::create_client(const string&, const rmw_qos_profile_t&, rclcpp::CallbackGroup::SharedPtr) [with ServiceT = interfaces::srv::OrePosition_Request_<std::allocator<void> >][m[K’
[01m[K/home/yuanxiao/gold_hw/src/gold_miner/src/miner.cpp:17:77:[m[K   required from here
[01m[K/opt/ros/humble/include/rclcpp/rclcpp/client.hpp:374:9:[m[K [01;31m[Kerror: [m[Kno type named ‘[01m[KRequest[m[K’ in ‘[01m[Kstruct interfaces::srv::OrePosition_Request_<std::allocator<void> >[m[K’
  374 |   using [01;31m[KRequest[m[K = typename ServiceT::Request;
      |         [01;31m[K^~~~~~~[m[K
[01m[K/opt/ros/humble/include/rclcpp/rclcpp/client.hpp:375:9:[m[K [01;31m[Kerror: [m[Kno type named ‘[01m[KResponse[m[K’ in ‘[01m[Kstruct interfaces::srv::OrePosition_Request_<std::allocator<void> >[m[K’
  375 |   using [01;31m[KResponse[m[K = typename ServiceT::Response;
      |         [01;31m[K^~~~~~~~[m[K
[01m[K/opt/ros/humble/include/rclcpp/rclcpp/client.hpp:377:9:[m[K [01;31m[Kerror: [m[Kno type named ‘[01m[KRequest[m[K’ in ‘[01m[Kstruct interfaces::srv::OrePosition_Request_<std::allocator<void> >[m[K’
  377 |   using [01;31m[KSharedRequest[m[K = typename ServiceT::Request::SharedPtr;
      |         [01;31m[K^~~~~~~~~~~~~[m[K
[01m[K/opt/ros/humble/include/rclcpp/rclcpp/client.hpp:378:9:[m[K [01;31m[Kerror: [m[Kno type named ‘[01m[KResponse[m[K’ in ‘[01m[Kstruct interfaces::srv::OrePosition_Request_<std::allocator<void> >[m[K’
  378 |   using [01;31m[KSharedResponse[m[K = typename ServiceT::Response::SharedPtr;
      |         [01;31m[K^~~~~~~~~~~~~~[m[K
[01m[K/opt/ros/humble/include/rclcpp/rclcpp/client.hpp:380:9:[m[K [01;31m[Kerror: [m[Kno type named ‘[01m[KResponse[m[K’ in ‘[01m[Kstruct interfaces::srv::OrePosition_Request_<std::allocator<void> >[m[K’
  380 |   using [01;31m[KPromise[m[K = std::promise<SharedResponse>;
      |         [01;31m[K^~~~~~~[m[K
[01m[K/opt/ros/humble/include/rclcpp/rclcpp/client.hpp:381:9:[m[K [01;31m[Kerror: [m[Kno type named ‘[01m[KRequest[m[K’ in ‘[01m[Kstruct interfaces::srv::OrePosition_Request_<std::allocator<void> >[m[K’
  381 |   using [01;31m[KPromiseWithRequest[m[K = std::promise<std::pair<SharedRequest, SharedResponse>>;
      |         [01;31m[K^~~~~~~~~~~~~~~~~~[m[K
[01m[K/opt/ros/humble/include/rclcpp/rclcpp/client.hpp:383:9:[m[K [01;31m[Kerror: [m[Kno type named ‘[01m[KResponse[m[K’ in ‘[01m[Kstruct interfaces::srv::OrePosition_Request_<std::allocator<void> >[m[K’
  383 |   using [01;31m[KSharedPromise[m[K = std::shared_ptr<Promise>;
      |         [01;31m[K^~~~~~~~~~~~~[m[K
[01m[K/opt/ros/humble/include/rclcpp/rclcpp/client.hpp:384:9:[m[K [01;31m[Kerror: [m[Kno type named ‘[01m[KRequest[m[K’ in ‘[01m[Kstruct interfaces::srv::OrePosition_Request_<std::allocator<void> >[m[K’
  384 |   using [01;31m[KSharedPromiseWithRequest[m[K = std::shared_ptr<PromiseWithRequest>;
      |         [01;31m[K^~~~~~~~~~~~~~~~~~~~~~~~[m[K
[01m[K/opt/ros/humble/include/rclcpp/rclcpp/client.hpp:386:9:[m[K [01;31m[Kerror: [m[Kno type named ‘[01m[KResponse[m[K’ in ‘[01m[Kstruct interfaces::srv::OrePosition_Request_<std::allocator<void> >[m[K’
  386 |   using [01;31m[KFuture[m[K = std::future<SharedResponse>;
      |         [01;31m[K^~~~~~[m[K
[01m[K/opt/ros/humble/include/rclcpp/rclcpp/client.hpp:387:9:[m[K [01;31m[Kerror: [m[Kno type named ‘[01m[KResponse[m[K’ in ‘[01m[Kstruct interfaces::srv::OrePosition_Request_<std::allocator<void> >[m[K’
  387 |   using [01;31m[KSharedFuture[m[K = std::shared_future<SharedResponse>;
      |         [01;31m[K^~~~~~~~~~~~[m[K
[01m[K/opt/ros/humble/include/rclcpp/rclcpp/client.hpp:388:9:[m[K [01;31m[Kerror: [m[Kno type named ‘[01m[KRequest[m[K’ in ‘[01m[Kstruct interfaces::srv::OrePosition_Request_<std::allocator<void> >[m[K’
  388 |   using [01;31m[KSharedFutureWithRequest[m[K = std::shared_future<std::pair<SharedRequest, SharedResponse>>;
      |         [01;31m[K^~~~~~~~~~~~~~~~~~~~~~~[m[K
[01m[K/opt/ros/humble/include/rclcpp/rclcpp/client.hpp:390:9:[m[K [01;31m[Kerror: [m[Kno type named ‘[01m[KResponse[m[K’ in ‘[01m[Kstruct interfaces::srv::OrePosition_Request_<std::allocator<void> >[m[K’
  390 |   using [01;31m[KCallbackType[m[K = std::function<void (SharedFuture)>;
      |         [01;31m[K^~~~~~~~~~~~[m[K
[01m[K/opt/ros/humble/include/rclcpp/rclcpp/client.hpp:391:9:[m[K [01;31m[Kerror: [m[Kno type named ‘[01m[KRequest[m[K’ in ‘[01m[Kstruct interfaces::srv::OrePosition_Request_<std::allocator<void> >[m[K’
  391 |   using [01;31m[KCallbackWithRequestType[m[K = std::function<void (SharedFutureWithRequest)>;
      |         [01;31m[K^~~~~~~~~~~~~~~~~~~~~~~[m[K
[01m[K/opt/ros/humble/include/rclcpp/rclcpp/client.hpp:513:3:[m[K [01;31m[Kerror: [m[Kno type named ‘[01m[KResponse[m[K’ in ‘[01m[Kstruct interfaces::srv::OrePosition_Request_<std::allocator<void> >[m[K’
  513 |   [01;31m[Ktake_response[m[K(typename ServiceT::Response & response_out, rmw_request_id_t & request_header_out)
      |   [01;31m[K^~~~~~~~~~~~~[m[K
[01m[K/opt/ros/humble/include/rclcpp/rclcpp/client.hpp:643:3:[m[K [01;31m[Kerror: [m[Kno type named ‘[01m[KResponse[m[K’ in ‘[01m[Kstruct interfaces::srv::OrePosition_Request_<std::allocator<void> >[m[K’
  643 |   [01;31m[Kasync_send_request[m[K(SharedRequest request, CallbackT && cb)
      |   [01;31m[K^~~~~~~~~~~~~~~~~~[m[K
[01m[K/opt/ros/humble/include/rclcpp/rclcpp/client.hpp:674:3:[m[K [01;31m[Kerror: [m[Kno type named ‘[01m[KRequest[m[K’ in ‘[01m[Kstruct interfaces::srv::OrePosition_Request_<std::allocator<void> >[m[K’
  674 |   [01;31m[Kasync_send_request[m[K(SharedRequest request, CallbackT && cb)
      |   [01;31m[K^~~~~~~~~~~~~~~~~~[m[K
[01m[K/opt/ros/humble/include/rclcpp/rclcpp/client.hpp:784:9:[m[K [01;31m[Kerror: [m[Kno type named ‘[01m[KResponse[m[K’ in ‘[01m[Kstruct interfaces::srv::OrePosition_Request_<std::allocator<void> >[m[K’
  784 |   using [01;31m[KCallbackTypeValueVariant[m[K = std::tuple<CallbackType, SharedFuture, Promise>;
      |         [01;31m[K^~~~~~~~~~~~~~~~~~~~~~~~[m[K
[01m[K/opt/ros/humble/include/rclcpp/rclcpp/client.hpp:785:9:[m[K [01;31m[Kerror: [m[Kno type named ‘[01m[KRequest[m[K’ in ‘[01m[Kstruct interfaces::srv::OrePosition_Request_<std::allocator<void> >[m[K’
  785 |   using [01;31m[KCallbackWithRequestTypeValueVariant[m[K = std::tuple<
      |         [01;31m[K^~~~~~~~~~~~~~~~~~~~~~~~~~~~~~~~~~~[m[K
[01m[K/opt/ros/humble/include/rclcpp/rclcpp/client.hpp:788:9:[m[K [01;31m[Kerror: [m[Kno type named ‘[01m[KResponse[m[K’ in ‘[01m[Kstruct interfaces::srv::OrePosition_Request_<std::allocator<void> >[m[K’
  788 |   using [01;31m[KCallbackInfoVariant[m[K = std::variant<
      |         [01;31m[K^~~~~~~~~~~~~~~~~~~[m[K
[01m[K/opt/ros/humble/include/rclcpp/rclcpp/client.hpp:809:3:[m[K [01;31m[Kerror: [m[Kno type named ‘[01m[KResponse[m[K’ in ‘[01m[Kstruct interfaces::srv::OrePosition_Request_<std::allocator<void> >[m[K’
  809 |   [01;31m[Kget_and_erase_pending_request[m[K(int64_t request_number)
      |   [01;31m[K^~~~~~~~~~~~~~~~~~~~~~~~~~~~~[m[K
[01m[K/opt/ros/humble/include/rclcpp/rclcpp/client.hpp:831:3:[m[K [01;31m[Kerror: [m[Kno type named ‘[01m[KResponse[m[K’ in ‘[01m[Kstruct interfaces::srv::OrePosition_Request_<std::allocator<void> >[m[K’
  831 |   [01;31m[Kpending_requests_[m[K;
      |   [01;31m[K^~~~~~~~~~~~~~~~~[m[K
[01m[K/home/yuanxiao/gold_hw/src/gold_miner/src/miner.cpp:[m[K In constructor ‘[01m[KMiner::Miner()[m[K’:
[01m[K/home/yuanxiao/gold_hw/src/gold_miner/src/miner.cpp:17:87:[m[K [01;31m[Kerror: [m[Kno match for ‘[01m[Koperator=[m[K’ (operand types are ‘[01m[Krclcpp::Client<interfaces::srv::OrePosition>::SharedPtr[m[K’ {aka ‘[01m[Kstd::shared_ptr<rclcpp::Client<interfaces::srv::OrePosition> >[m[K’} and ‘[01m[Krclcpp::Client<interfaces::srv::OrePosition_Request_<std::allocator<void> > >::SharedPtr[m[K’ {aka ‘[01m[Kstd::shared_ptr<rclcpp::Client<interfaces::srv::OrePosition_Request_<std::allocator<void> > > >[m[K’})
   17 |         client_ = this->create_client<interfaces::srv::OrePosition::Request>("ore_srv"[01;31m[K)[m[K;
      |                                                                                       [01;31m[K^[m[K
In file included from [01m[K/usr/include/c++/11/memory:77[m[K,
                 from [01m[K/opt/ros/humble/include/rclcpp/rclcpp/rclcpp.hpp:153[m[K,
                 from [01m[K/home/yuanxiao/gold_hw/src/gold_miner/src/miner.cpp:1[m[K:
[01m[K/usr/include/c++/11/bits/shared_ptr.h:363:9:[m[K [01;36m[Knote: [m[Kcandidate: ‘[01m[Ktemplate<class _Yp> std::shared_ptr<_Tp>::_Assignable<const std::shared_ptr<_Yp>&> std::shared_ptr<_Tp>::operator=(const std::shared_ptr<_Yp>&) [with _Yp = _Yp; _Tp = rclcpp::Client<interfaces::srv::OrePosition>][m[K’
  363 |         [01;36m[Koperator[m[K=(const shared_ptr<_Yp>& __r) noexcept
      |         [01;36m[K^~~~~~~~[m[K
[01m[K/usr/include/c++/11/bits/shared_ptr.h:363:9:[m[K [01;36m[Knote: [m[K  template argument deduction/substitution failed:
/usr/include/c++/11/bits/shared_ptr.h: In substitution of ‘[01m[Ktemplate<class _Tp> template<class _Arg> using _Assignable = typename std::enable_if<std::is_assignable<std::__shared_ptr<_Tp>&, _Arg>::value, std::shared_ptr<_Tp>&>::type [with _Arg = const std::shared_ptr<rclcpp::Client<interfaces::srv::OrePosition_Request_<std::allocator<void> > > >&; _Tp = rclcpp::Client<interfaces::srv::OrePosition>][m[K’:
[01m[K/usr/include/c++/11/bits/shared_ptr.h:363:2:[m[K   required by substitution of ‘[01m[Ktemplate<class _Yp> std::shared_ptr<rclcpp::Client<interfaces::srv::OrePosition> >::_Assignable<const std::shared_ptr<_Tp>&> std::shared_ptr<rclcpp::Client<interfaces::srv::OrePosition> >::operator=<_Yp>(const std::shared_ptr<_Tp>&) [with _Yp = rclcpp::Client<interfaces::srv::OrePosition_Request_<std::allocator<void> > >][m[K’
[01m[K/home/yuanxiao/gold_hw/src/gold_miner/src/miner.cpp:17:87:[m[K   required from here
[01m[K/usr/include/c++/11/bits/shared_ptr.h:130:15:[m[K [01;31m[Kerror: [m[Kno type named ‘[01m[Ktype[m[K’ in ‘[01m[Kstruct std::enable_if<false, std::shared_ptr<rclcpp::Client<interfaces::srv::OrePosition> >&>[m[K’
  130 |         using [01;31m[K_Assignable[m[K = typename enable_if<
      |               [01;31m[K^~~~~~~~~~~[m[K
[01m[K/usr/include/c++/11/bits/shared_ptr.h:374:9:[m[K [01;36m[Knote: [m[Kcandidate: ‘[01m[Ktemplate<class _Yp> std::shared_ptr<_Tp>::_Assignable<std::auto_ptr<_Up> > std::shared_ptr<_Tp>::operator=(std::auto_ptr<_Up>&&) [with _Yp = _Yp; _Tp = rclcpp::Client<interfaces::srv::OrePosition>][m[K’
  374 |         [01;36m[Koperator[m[K=(auto_ptr<_Yp>&& __r)
      |         [01;36m[K^~~~~~~~[m[K
[01m[K/usr/include/c++/11/bits/shared_ptr.h:374:9:[m[K [01;36m[Knote: [m[K  template argument deduction/substitution failed:
[01m[K/home/yuanxiao/gold_hw/src/gold_miner/src/miner.cpp:17:87:[m[K [01;36m[Knote: [m[K  ‘[01m[Krclcpp::Client<interfaces::srv::OrePosition_Request_<std::allocator<void> > >::SharedPtr[m[K’ {aka ‘[01m[Kstd::shared_ptr<rclcpp::Client<interfaces::srv::OrePosition_Request_<std::allocator<void> > > >[m[K’} is not derived from ‘[01m[Kstd::auto_ptr<_Up>[m[K’
   17 |         client_ = this->create_client<interfaces::srv::OrePosition::Request>("ore_srv"[01;36m[K)[m[K;
      |                                                                                       [01;36m[K^[m[K
In file included from [01m[K/usr/include/c++/11/memory:77[m[K,
                 from [01m[K/opt/ros/humble/include/rclcpp/rclcpp/rclcpp.hpp:153[m[K,
                 from [01m[K/home/yuanxiao/gold_hw/src/gold_miner/src/miner.cpp:1[m[K:
[01m[K/usr/include/c++/11/bits/shared_ptr.h:391:9:[m[K [01;36m[Knote: [m[Kcandidate: ‘[01m[Ktemplate<class _Yp> std::shared_ptr<_Tp>::_Assignable<std::shared_ptr<_Yp> > std::shared_ptr<_Tp>::operator=(std::shared_ptr<_Yp>&&) [with _Yp = _Yp; _Tp = rclcpp::Client<interfaces::srv::OrePosition>][m[K’
  391 |         [01;36m[Koperator[m[K=(shared_ptr<_Yp>&& __r) noexcept
      |         [01;36m[K^~~~~~~~[m[K
[01m[K/usr/include/c++/11/bits/shared_ptr.h:391:9:[m[K [01;36m[Knote: [m[K  template argument deduction/substitution failed:
/usr/include/c++/11/bits/shared_ptr.h: In substitution of ‘[01m[Ktemplate<class _Tp> template<class _Arg> using _Assignable = typename std::enable_if<std::is_assignable<std::__shared_ptr<_Tp>&, _Arg>::value, std::shared_ptr<_Tp>&>::type [with _Arg = std::shared_ptr<rclcpp::Client<interfaces::srv::OrePosition_Request_<std::allocator<void> > > >; _Tp = rclcpp::Client<interfaces::srv::OrePosition>][m[K’:
[01m[K/usr/include/c++/11/bits/shared_ptr.h:391:2:[m[K   required by substitution of ‘[01m[Ktemplate<class _Yp> std::shared_ptr<rclcpp::Client<interfaces::srv::OrePosition> >::_Assignable<std::shared_ptr<_Tp> > std::shared_ptr<rclcpp::Client<interfaces::srv::OrePosition> >::operator=<_Yp>(std::shared_ptr<_Tp>&&) [with _Yp = rclcpp::Client<interfaces::srv::OrePosition_Request_<std::allocator<void> > >][m[K’
[01m[K/home/yuanxiao/gold_hw/src/gold_miner/src/miner.cpp:17:87:[m[K   required from here
[01m[K/usr/include/c++/11/bits/shared_ptr.h:130:15:[m[K [01;31m[Kerror: [m[Kno type named ‘[01m[Ktype[m[K’ in ‘[01m[Kstruct std::enable_if<false, std::shared_ptr<rclcpp::Client<interfaces::srv::OrePosition> >&>[m[K’
  130 |         using [01;31m[K_Assignable[m[K = typename enable_if<
      |               [01;31m[K^~~~~~~~~~~[m[K
[01m[K/usr/include/c++/11/bits/shared_ptr.h:399:9:[m[K [01;36m[Knote: [m[Kcandidate: ‘[01m[Ktemplate<class _Yp, class _Del> std::shared_ptr<_Tp>::_Assignable<std::unique_ptr<_Up, _Ep> > std::shared_ptr<_Tp>::operator=(std::unique_ptr<_Up, _Ep>&&) [with _Yp = _Yp; _Del = _Del; _Tp = rclcpp::Client<interfaces::srv::OrePosition>][m[K’
  399 |         [01;36m[Koperator[m[K=(unique_ptr<_Yp, _Del>&& __r)
      |         [01;36m[K^~~~~~~~[m[K
[01m[K/usr/include/c++/11/bits/shared_ptr.h:399:9:[m[K [01;36m[Knote: [m[K  template argument deduction/substitution failed:
[01m[K/home/yuanxiao/gold_hw/src/gold_miner/src/miner.cpp:17:87:[m[K [01;36m[Knote: [m[K  ‘[01m[Krclcpp::Client<interfaces::srv::OrePosition_Request_<std::allocator<void> > >::SharedPtr[m[K’ {aka ‘[01m[Kstd::shared_ptr<rclcpp::Client<interfaces::srv::OrePosition_Request_<std::allocator<void> > > >[m[K’} is not derived from ‘[01m[Kstd::unique_ptr<_Tp, _Dp>[m[K’
   17 |         client_ = this->create_client<interfaces::srv::OrePosition::Request>("ore_srv"[01;36m[K)[m[K;
      |                                                                                       [01;36m[K^[m[K
In file included from [01m[K/usr/include/c++/11/memory:77[m[K,
                 from [01m[K/opt/ros/humble/include/rclcpp/rclcpp/rclcpp.hpp:153[m[K,
                 from [01m[K/home/yuanxiao/gold_hw/src/gold_miner/src/miner.cpp:1[m[K:
[01m[K/usr/include/c++/11/bits/shared_ptr.h:359:19:[m[K [01;36m[Knote: [m[Kcandidate: ‘[01m[Kstd::shared_ptr<_Tp>& std::shared_ptr<_Tp>::operator=(const std::shared_ptr<_Tp>&) [with _Tp = rclcpp::Client<interfaces::srv::OrePosition>][m[K’
  359 |       shared_ptr& [01;36m[Koperator[m[K=(const shared_ptr&) noexcept = default;
      |                   [01;36m[K^~~~~~~~[m[K
[01m[K/usr/include/c++/11/bits/shared_ptr.h:359:29:[m[K [01;36m[Knote: [m[K  no known conversion for argument 1 from ‘[01m[Krclcpp::Client<interfaces::srv::OrePosition_Request_<std::allocator<void> > >::SharedPtr[m[K’ {aka ‘[01m[Kstd::shared_ptr<rclcpp::Client<interfaces::srv::OrePosition_Request_<std::allocator<void> > > >[m[K’} to ‘[01m[Kconst std::shared_ptr<rclcpp::Client<interfaces::srv::OrePosition> >&[m[K’
  359 |       shared_ptr& operator=([01;36m[Kconst shared_ptr&[m[K) noexcept = default;
      |                             [01;36m[K^~~~~~~~~~~~~~~~~[m[K
[01m[K/usr/include/c++/11/bits/shared_ptr.h:383:7:[m[K [01;36m[Knote: [m[Kcandidate: ‘[01m[Kstd::shared_ptr<_Tp>& std::shared_ptr<_Tp>::operator=(std::shared_ptr<_Tp>&&) [with _Tp = rclcpp::Client<interfaces::srv::OrePosition>][m[K’
  383 |       [01;36m[Koperator[m[K=(shared_ptr&& __r) noexcept
      |       [01;36m[K^~~~~~~~[m[K
[01m[K/usr/include/c++/11/bits/shared_ptr.h:383:30:[m[K [01;36m[Knote: [m[K  no known conversion for argument 1 from ‘[01m[Krclcpp::Client<interfaces::srv::OrePosition_Request_<std::allocator<void> > >::SharedPtr[m[K’ {aka ‘[01m[Kstd::shared_ptr<rclcpp::Client<interfaces::srv::OrePosition_Request_<std::allocator<void> > > >[m[K’} to ‘[01m[Kstd::shared_ptr<rclcpp::Client<interfaces::srv::OrePosition> >&&[m[K’
  383 |       operator=([01;36m[Kshared_ptr&& __r[m[K) noexcept
      |                 [01;36m[K~~~~~~~~~~~~~^~~[m[K
[01m[K/home/yuanxiao/gold_hw/src/gold_miner/src/miner.cpp:[m[K In member function ‘[01m[Kvoid Miner::oreInfoCallback(const OreArray&)[m[K’:
[01m[K/home/yuanxiao/gold_hw/src/gold_miner/src/miner.cpp:34:9:[m[K [01;31m[Kerror: [m[K‘[01m[Kvector[m[K’ was not declared in this scope
   34 |         [01;31m[Kvector[m[K<float> dis;
      |         [01;31m[K^~~~~~[m[K
[01m[K/home/yuanxiao/gold_hw/src/gold_miner/src/miner.cpp:34:9:[m[K [01;36m[Knote: [m[Ksuggested alternatives:
In file included from [01m[K/usr/include/c++/11/vector:67[m[K,
                 from [01m[K/usr/include/c++/11/functional:62[m[K,
                 from [01m[K/usr/include/c++/11/pstl/glue_algorithm_defs.h:13[m[K,
                 from [01m[K/usr/include/c++/11/algorithm:74[m[K,
                 from [01m[K/opt/ros/humble/include/rclcpp/rclcpp/executor.hpp:18[m[K,
                 from [01m[K/opt/ros/humble/include/rclcpp/rclcpp/executors/multi_threaded_executor.hpp:25[m[K,
                 from [01m[K/opt/ros/humble/include/rclcpp/rclcpp/executors.hpp:21[m[K,
                 from [01m[K/opt/ros/humble/include/rclcpp/rclcpp/rclcpp.hpp:155[m[K,
                 from [01m[K/home/yuanxiao/gold_hw/src/gold_miner/src/miner.cpp:1[m[K:
[01m[K/usr/include/c++/11/bits/stl_vector.h:389:11:[m[K [01;36m[Knote: [m[K  ‘[01m[Kstd::vector[m[K’
  389 |     class [01;36m[Kvector[m[K : protected _Vector_base<_Tp, _Alloc>
      |           [01;36m[K^~~~~~[m[K
In file included from [01m[K/usr/include/c++/11/functional:62[m[K,
                 from [01m[K/usr/include/c++/11/pstl/glue_algorithm_defs.h:13[m[K,
                 from [01m[K/usr/include/c++/11/algorithm:74[m[K,
                 from [01m[K/opt/ros/humble/include/rclcpp/rclcpp/executor.hpp:18[m[K,
                 from [01m[K/opt/ros/humble/include/rclcpp/rclcpp/executors/multi_threaded_executor.hpp:25[m[K,
                 from [01m[K/opt/ros/humble/include/rclcpp/rclcpp/executors.hpp:21[m[K,
                 from [01m[K/opt/ros/humble/include/rclcpp/rclcpp/rclcpp.hpp:155[m[K,
                 from [01m[K/home/yuanxiao/gold_hw/src/gold_miner/src/miner.cpp:1[m[K:
[01m[K/usr/include/c++/11/vector:86:13:[m[K [01;36m[Knote: [m[K  ‘[01m[Kstd::pmr::vector[m[K’
   86 |       using [01;36m[Kvector[m[K = std::vector<_Tp, polymorphic_allocator<_Tp>>;
      |             [01;36m[K^~~~~~[m[K
[01m[K/home/yuanxiao/gold_hw/src/gold_miner/src/miner.cpp:34:16:[m[K [01;31m[Kerror: [m[Kexpected primary-expression before ‘[01m[Kfloat[m[K’
   34 |         vector<[01;31m[Kfloat[m[K> dis;
      |                [01;31m[K^~~~~[m[K
[01m[K/home/yuanxiao/gold_hw/src/gold_miner/src/miner.cpp:35:25:[m[K [01;31m[Kerror: [m[Kbase operand of ‘[01m[K->[m[K’ has non-pointer type ‘[01m[Kconst OreArray[m[K’ {aka ‘[01m[Kconst interfaces::msg::OreArray_<std::allocator<void> >[m[K’}
   35 |         int64_t n_ = msg[01;31m[K->[m[Kores.size();
      |                         [01;31m[K^~[m[K
[01m[K/home/yuanxiao/gold_hw/src/gold_miner/src/miner.cpp:37:39:[m[K [01;31m[Kerror: [m[Kbase operand of ‘[01m[K->[m[K’ has non-pointer type ‘[01m[Kconst OreArray[m[K’ {aka ‘[01m[Kconst interfaces::msg::OreArray_<std::allocator<void> >[m[K’}
   37 |             float_t mid = Distance(msg[01;31m[K->[m[Kores[i].opsition.x, msg->ores[i].opsition.y,msg->ores[i].opsition.z);
      |                                       [01;31m[K^~[m[K
[01m[K/home/yuanxiao/gold_hw/src/gold_miner/src/miner.cpp:37:64:[m[K [01;31m[Kerror: [m[Kbase operand of ‘[01m[K->[m[K’ has non-pointer type ‘[01m[Kconst OreArray[m[K’ {aka ‘[01m[Kconst interfaces::msg::OreArray_<std::allocator<void> >[m[K’}
   37 |             float_t mid = Distance(msg->ores[i].opsition.x, msg[01;31m[K->[m[Kores[i].opsition.y,msg->ores[i].opsition.z);
      |                                                                [01;31m[K^~[m[K
[01m[K/home/yuanxiao/gold_hw/src/gold_miner/src/miner.cpp:37:88:[m[K [01;31m[Kerror: [m[Kbase operand of ‘[01m[K->[m[K’ has non-pointer type ‘[01m[Kconst OreArray[m[K’ {aka ‘[01m[Kconst interfaces::msg::OreArray_<std::allocator<void> >[m[K’}
   37 |             float_t mid = Distance(msg->ores[i].opsition.x, msg->ores[i].opsition.y,msg[01;31m[K->[m[Kores[i].opsition.z);
      |                                                                                        [01;31m[K^~[m[K
[01m[K/home/yuanxiao/gold_hw/src/gold_miner/src/miner.cpp:38:13:[m[K [01;31m[Kerror: [m[K‘[01m[Kdis[m[K’ was not declared in this scope; did you mean ‘[01m[Kdiv[m[K’?
   38 |             [01;31m[Kdis[m[K.push_back(mid);
      |             [01;31m[K^~~[m[K
      |             [32m[Kdiv[m[K
[01m[K/home/yuanxiao/gold_hw/src/gold_miner/src/miner.cpp:40:43:[m[K [01;31m[Kerror: [m[K‘[01m[Kdis[m[K’ was not declared in this scope; did you mean ‘[01m[Kdiv[m[K’?
   40 |         int64_t minPosition = min_element([01;31m[Kdis[m[K.begin(),dis.end()) - dis.begin();
      |                                           [01;31m[K^~~[m[K
      |                                           [32m[Kdiv[m[K
[01m[K/home/yuanxiao/gold_hw/src/gold_miner/src/miner.cpp:40:31:[m[K [01;31m[Kerror: [m[K‘[01m[Kmin_element[m[K’ was not declared in this scope; did you mean ‘[01m[Kstd::min_element[m[K’?
   40 |         int64_t minPosition = [01;31m[Kmin_element[m[K(dis.begin(),dis.end()) - dis.begin();
      |                               [01;31m[K^~~~~~~~~~~[m[K
      |                               [32m[Kstd::min_element[m[K
In file included from [01m[K/usr/include/c++/11/algorithm:74[m[K,
                 from [01m[K/opt/ros/humble/include/rclcpp/rclcpp/executor.hpp:18[m[K,
                 from [01m[K/opt/ros/humble/include/rclcpp/rclcpp/executors/multi_threaded_executor.hpp:25[m[K,
                 from [01m[K/opt/ros/humble/include/rclcpp/rclcpp/executors.hpp:21[m[K,
                 from [01m[K/opt/ros/humble/include/rclcpp/rclcpp/rclcpp.hpp:155[m[K,
                 from [01m[K/home/yuanxiao/gold_hw/src/gold_miner/src/miner.cpp:1[m[K:
[01m[K/usr/include/c++/11/pstl/glue_algorithm_defs.h:520:1:[m[K [01;36m[Knote: [m[K‘[01m[Kstd::min_element[m[K’ declared here
  520 | [01;36m[Kmin_element[m[K(_ExecutionPolicy&& __exec, _ForwardIterator __first, _ForwardIterator __last);
      | [01;36m[K^~~~~~~~~~~[m[K
[01m[K/home/yuanxiao/gold_hw/src/gold_miner/src/miner.cpp:45:23:[m[K [01;31m[Kerror: [m[K‘[01m[Kconst OreArray[m[K’ {aka ‘[01m[Kconst struct interfaces::msg::OreArray_<std::allocator<void> >[m[K’} has no member named ‘[01m[Kmsg[m[K’
   45 |         miner_x = msg.[01;31m[Kmsg[m[K[minPosition].position.x;
      |                       [01;31m[K^~~[m[K
[01m[K/home/yuanxiao/gold_hw/src/gold_miner/src/miner.cpp:46:23:[m[K [01;31m[Kerror: [m[K‘[01m[Kconst OreArray[m[K’ {aka ‘[01m[Kconst struct interfaces::msg::OreArray_<std::allocator<void> >[m[K’} has no member named ‘[01m[Kmsg[m[K’
   46 |         miner_y = msg.[01;31m[Kmsg[m[K[minPosition].position.y;
      |                       [01;31m[K^~~[m[K
[01m[K/home/yuanxiao/gold_hw/src/gold_miner/src/miner.cpp:47:23:[m[K [01;31m[Kerror: [m[K‘[01m[Kconst OreArray[m[K’ {aka ‘[01m[Kconst struct interfaces::msg::OreArray_<std::allocator<void> >[m[K’} has no member named ‘[01m[Kmsg[m[K’
   47 |         miner_z = msg.[01;31m[Kmsg[m[K[minPosition].position.z;
      |                       [01;31m[K^~~[m[K
In file included from [01m[K/opt/ros/humble/include/rclcpp/rclcpp/callback_group.hpp:24[m[K,
                 from [01m[K/opt/ros/humble/include/rclcpp/rclcpp/any_executable.hpp:20[m[K,
                 from [01m[K/opt/ros/humble/include/rclcpp/rclcpp/memory_strategy.hpp:25[m[K,
                 from [01m[K/opt/ros/humble/include/rclcpp/rclcpp/memory_strategies.hpp:18[m[K,
                 from [01m[K/opt/ros/humble/include/rclcpp/rclcpp/executor_options.hpp:20[m[K,
                 from [01m[K/opt/ros/humble/include/rclcpp/rclcpp/executor.hpp:37[m[K,
                 from [01m[K/opt/ros/humble/include/rclcpp/rclcpp/executors/multi_threaded_executor.hpp:25[m[K,
                 from [01m[K/opt/ros/humble/include/rclcpp/rclcpp/executors.hpp:21[m[K,
                 from [01m[K/opt/ros/humble/include/rclcpp/rclcpp/rclcpp.hpp:155[m[K,
                 from [01m[K/home/yuanxiao/gold_hw/src/gold_miner/src/miner.cpp:1[m[K:
/opt/ros/humble/include/rclcpp/rclcpp/client.hpp: In instantiation of ‘[01m[Kstd::shared_ptr<void> rclcpp::Client<ServiceT>::create_response() [with ServiceT = interfaces::srv::OrePosition_Request_<std::allocator<void> >][m[K’:
[01m[K/opt/ros/humble/include/rclcpp/rclcpp/client.hpp:523:3:[m[K   required from here
[01m[K/opt/ros/humble/include/rclcpp/rclcpp/client.hpp:525:34:[m[K [01;31m[Kerror: [m[Kno type named ‘[01m[KResponse[m[K’ in ‘[01m[Kstruct interfaces::srv::OrePosition_Request_<std::allocator<void> >[m[K’
  525 |     return std::shared_ptr<void>([01;31m[Knew typename ServiceT::Response()[m[K);
      |                                  [01;31m[K^~~~~~~~~~~~~~~~~~~~~~~~~~~~~~~~~[m[K
/opt/ros/humble/include/rclcpp/rclcpp/client.hpp: In instantiation of ‘[01m[Kvoid rclcpp::Client<ServiceT>::handle_response(std::shared_ptr<rmw_request_id_s>, std::shared_ptr<void>) [with ServiceT = interfaces::srv::OrePosition_Request_<std::allocator<void> >][m[K’:
[01m[K/opt/ros/humble/include/rclcpp/rclcpp/client.hpp:546:3:[m[K   required from here
[01m[K/opt/ros/humble/include/rclcpp/rclcpp/client.hpp:551:5:[m[K [01;31m[Kerror: [m[Kno type named ‘[01m[KResponse[m[K’ in ‘[01m[Kstruct interfaces::srv::OrePosition_Request_<std::allocator<void> >[m[K’
  551 |     [01;31m[Koptional_pending_request[m[K = this->get_and_erase_pending_request(request_header->sequence_number);
      |     [01;31m[K^~~~~~~~~~~~~~~~~~~~~~~~[m[K
[01m[K/opt/ros/humble/include/rclcpp/rclcpp/client.hpp:551:5:[m[K [01;31m[Kerror: [m[Kno type named ‘[01m[KResponse[m[K’ in ‘[01m[Kstruct interfaces::srv::OrePosition_Request_<std::allocator<void> >[m[K’
[01m[K/opt/ros/humble/include/rclcpp/rclcpp/client.hpp:556:32:[m[K [01;31m[Kerror: [m[Kno type named ‘[01m[KResponse[m[K’ in ‘[01m[Kstruct interfaces::srv::OrePosition_Request_<std::allocator<void> >[m[K’
  556 |     auto typed_response = [01;31m[Kstd::static_pointer_cast<typename ServiceT::Response>[m[K(
      |                           [01;31m[K~~~~~^~~~~~~~~~~~~~~~~~~~~~~~~~~~~~~~~~~~~~~~~~~~~~~~[m[K
gmake[2]: *** [CMakeFiles/miner.dir/build.make:76: CMakeFiles/miner.dir/src/miner.cpp.o] Error 1
gmake[1]: *** [CMakeFiles/Makefile2:165: CMakeFiles/miner.dir/all] Error 2
gmake: *** [Makefile:146: all] Error 2
