[0.040s] Invoking command in '/home/yuanxiao/gold_hw/build/gold_miner': CMAKE_PREFIX_PATH=/home/yuanxiao/gold_hw/install/interfaces:/home/yuanxiao/gold_hw/install/gold_miner:/home/yuanxiao/dev_ws/install/learning_pkg_c:/home/yuanxiao/dev_ws/install/learning_interface:/home/yuanxiao/dev_ws/install/learning_urdf:/home/yuanxiao/dev_ws/install/learning_topic:/home/yuanxiao/dev_ws/install/learning_tf:/home/yuanxiao/dev_ws/install/learning_service:/home/yuanxiao/dev_ws/install/learning_qos:/home/yuanxiao/dev_ws/install/learning_pkg_python:/home/yuanxiao/dev_ws/install/learning_parameter:/home/yuanxiao/dev_ws/install/learning_node:/home/yuanxiao/dev_ws/install/learning_launch:/home/yuanxiao/dev_ws/install/learning_action:/home/yuanxiao/dev_ws/install/learning_gazebo:/opt/ros/humble /usr/bin/cmake --build /home/yuanxiao/gold_hw/build/gold_miner -- -j4 -l4
[0.106s] [35m[1mConsolidate compiler generated dependencies of target mining_industry[0m
[0.106s] [35m[1mConsolidate compiler generated dependencies of target miner[0m
[0.126s] [ 25%] [32mBuilding CXX object CMakeFiles/miner.dir/src/miner.cpp.o[0m
[0.129s] [ 75%] Built target mining_industry
[2.841s] In file included from [01m[K/opt/ros/humble/include/rclcpp/rclcpp/callback_group.hpp:24[m[K,
[2.842s]                  from [01m[K/opt/ros/humble/include/rclcpp/rclcpp/any_executable.hpp:20[m[K,
[2.842s]                  from [01m[K/opt/ros/humble/include/rclcpp/rclcpp/memory_strategy.hpp:25[m[K,
[2.842s]                  from [01m[K/opt/ros/humble/include/rclcpp/rclcpp/memory_strategies.hpp:18[m[K,
[2.842s]                  from [01m[K/opt/ros/humble/include/rclcpp/rclcpp/executor_options.hpp:20[m[K,
[2.842s]                  from [01m[K/opt/ros/humble/include/rclcpp/rclcpp/executor.hpp:37[m[K,
[2.842s]                  from [01m[K/opt/ros/humble/include/rclcpp/rclcpp/executors/multi_threaded_executor.hpp:25[m[K,
[2.842s]                  from [01m[K/opt/ros/humble/include/rclcpp/rclcpp/executors.hpp:21[m[K,
[2.842s]                  from [01m[K/opt/ros/humble/include/rclcpp/rclcpp/rclcpp.hpp:155[m[K,
[2.842s]                  from [01m[K/home/yuanxiao/gold_hw/src/gold_miner/src/miner.cpp:1[m[K:
[2.842s] /opt/ros/humble/include/rclcpp/rclcpp/client.hpp: In instantiation of ‘[01m[Kclass rclcpp::Client<interfaces::srv::OrePosition_Request_<std::allocator<void> > >[m[K’:
[2.842s] [01m[K/opt/ros/humble/include/rclcpp/rclcpp/node_impl.hpp:125:1:[m[K   required by substitution of ‘[01m[Ktemplate<class ServiceT> typename rclcpp::Client<ServiceT>::SharedPtr rclcpp::Node::create_client(const string&, const rmw_qos_profile_t&, rclcpp::CallbackGroup::SharedPtr) [with ServiceT = interfaces::srv::OrePosition_Request_<std::allocator<void> >][m[K’
[2.842s] [01m[K/home/yuanxiao/gold_hw/src/gold_miner/src/miner.cpp:17:77:[m[K   required from here
[2.843s] [01m[K/opt/ros/humble/include/rclcpp/rclcpp/client.hpp:374:9:[m[K [01;31m[Kerror: [m[Kno type named ‘[01m[KRequest[m[K’ in ‘[01m[Kstruct interfaces::srv::OrePosition_Request_<std::allocator<void> >[m[K’
[2.843s]   374 |   using [01;31m[KRequest[m[K = typename ServiceT::Request;
[2.843s]       |         [01;31m[K^~~~~~~[m[K
[2.843s] [01m[K/opt/ros/humble/include/rclcpp/rclcpp/client.hpp:375:9:[m[K [01;31m[Kerror: [m[Kno type named ‘[01m[KResponse[m[K’ in ‘[01m[Kstruct interfaces::srv::OrePosition_Request_<std::allocator<void> >[m[K’
[2.843s]   375 |   using [01;31m[KResponse[m[K = typename ServiceT::Response;
[2.843s]       |         [01;31m[K^~~~~~~~[m[K
[2.843s] [01m[K/opt/ros/humble/include/rclcpp/rclcpp/client.hpp:377:9:[m[K [01;31m[Kerror: [m[Kno type named ‘[01m[KRequest[m[K’ in ‘[01m[Kstruct interfaces::srv::OrePosition_Request_<std::allocator<void> >[m[K’
[2.843s]   377 |   using [01;31m[KSharedRequest[m[K = typename ServiceT::Request::SharedPtr;
[2.843s]       |         [01;31m[K^~~~~~~~~~~~~[m[K
[2.844s] [01m[K/opt/ros/humble/include/rclcpp/rclcpp/client.hpp:378:9:[m[K [01;31m[Kerror: [m[Kno type named ‘[01m[KResponse[m[K’ in ‘[01m[Kstruct interfaces::srv::OrePosition_Request_<std::allocator<void> >[m[K’
[2.844s]   378 |   using [01;31m[KSharedResponse[m[K = typename ServiceT::Response::SharedPtr;
[2.844s]       |         [01;31m[K^~~~~~~~~~~~~~[m[K
[2.844s] [01m[K/opt/ros/humble/include/rclcpp/rclcpp/client.hpp:380:9:[m[K [01;31m[Kerror: [m[Kno type named ‘[01m[KResponse[m[K’ in ‘[01m[Kstruct interfaces::srv::OrePosition_Request_<std::allocator<void> >[m[K’
[2.844s]   380 |   using [01;31m[KPromise[m[K = std::promise<SharedResponse>;
[2.844s]       |         [01;31m[K^~~~~~~[m[K
[2.844s] [01m[K/opt/ros/humble/include/rclcpp/rclcpp/client.hpp:381:9:[m[K [01;31m[Kerror: [m[Kno type named ‘[01m[KRequest[m[K’ in ‘[01m[Kstruct interfaces::srv::OrePosition_Request_<std::allocator<void> >[m[K’
[2.844s]   381 |   using [01;31m[KPromiseWithRequest[m[K = std::promise<std::pair<SharedRequest, SharedResponse>>;
[2.844s]       |         [01;31m[K^~~~~~~~~~~~~~~~~~[m[K
[2.845s] [01m[K/opt/ros/humble/include/rclcpp/rclcpp/client.hpp:383:9:[m[K [01;31m[Kerror: [m[Kno type named ‘[01m[KResponse[m[K’ in ‘[01m[Kstruct interfaces::srv::OrePosition_Request_<std::allocator<void> >[m[K’
[2.845s]   383 |   using [01;31m[KSharedPromise[m[K = std::shared_ptr<Promise>;
[2.845s]       |         [01;31m[K^~~~~~~~~~~~~[m[K
[2.845s] [01m[K/opt/ros/humble/include/rclcpp/rclcpp/client.hpp:384:9:[m[K [01;31m[Kerror: [m[Kno type named ‘[01m[KRequest[m[K’ in ‘[01m[Kstruct interfaces::srv::OrePosition_Request_<std::allocator<void> >[m[K’
[2.845s]   384 |   using [01;31m[KSharedPromiseWithRequest[m[K = std::shared_ptr<PromiseWithRequest>;
[2.845s]       |         [01;31m[K^~~~~~~~~~~~~~~~~~~~~~~~[m[K
[2.845s] [01m[K/opt/ros/humble/include/rclcpp/rclcpp/client.hpp:386:9:[m[K [01;31m[Kerror: [m[Kno type named ‘[01m[KResponse[m[K’ in ‘[01m[Kstruct interfaces::srv::OrePosition_Request_<std::allocator<void> >[m[K’
[2.845s]   386 |   using [01;31m[KFuture[m[K = std::future<SharedResponse>;
[2.845s]       |         [01;31m[K^~~~~~[m[K
[2.846s] [01m[K/opt/ros/humble/include/rclcpp/rclcpp/client.hpp:387:9:[m[K [01;31m[Kerror: [m[Kno type named ‘[01m[KResponse[m[K’ in ‘[01m[Kstruct interfaces::srv::OrePosition_Request_<std::allocator<void> >[m[K’
[2.846s]   387 |   using [01;31m[KSharedFuture[m[K = std::shared_future<SharedResponse>;
[2.846s]       |         [01;31m[K^~~~~~~~~~~~[m[K
[2.846s] [01m[K/opt/ros/humble/include/rclcpp/rclcpp/client.hpp:388:9:[m[K [01;31m[Kerror: [m[Kno type named ‘[01m[KRequest[m[K’ in ‘[01m[Kstruct interfaces::srv::OrePosition_Request_<std::allocator<void> >[m[K’
[2.846s]   388 |   using [01;31m[KSharedFutureWithRequest[m[K = std::shared_future<std::pair<SharedRequest, SharedResponse>>;
[2.846s]       |         [01;31m[K^~~~~~~~~~~~~~~~~~~~~~~[m[K
[2.846s] [01m[K/opt/ros/humble/include/rclcpp/rclcpp/client.hpp:390:9:[m[K [01;31m[Kerror: [m[Kno type named ‘[01m[KResponse[m[K’ in ‘[01m[Kstruct interfaces::srv::OrePosition_Request_<std::allocator<void> >[m[K’
[2.846s]   390 |   using [01;31m[KCallbackType[m[K = std::function<void (SharedFuture)>;
[2.846s]       |         [01;31m[K^~~~~~~~~~~~[m[K
[2.847s] [01m[K/opt/ros/humble/include/rclcpp/rclcpp/client.hpp:391:9:[m[K [01;31m[Kerror: [m[Kno type named ‘[01m[KRequest[m[K’ in ‘[01m[Kstruct interfaces::srv::OrePosition_Request_<std::allocator<void> >[m[K’
[2.847s]   391 |   using [01;31m[KCallbackWithRequestType[m[K = std::function<void (SharedFutureWithRequest)>;
[2.847s]       |         [01;31m[K^~~~~~~~~~~~~~~~~~~~~~~[m[K
[2.847s] [01m[K/opt/ros/humble/include/rclcpp/rclcpp/client.hpp:513:3:[m[K [01;31m[Kerror: [m[Kno type named ‘[01m[KResponse[m[K’ in ‘[01m[Kstruct interfaces::srv::OrePosition_Request_<std::allocator<void> >[m[K’
[2.847s]   513 |   [01;31m[Ktake_response[m[K(typename ServiceT::Response & response_out, rmw_request_id_t & request_header_out)
[2.847s]       |   [01;31m[K^~~~~~~~~~~~~[m[K
[2.848s] [01m[K/opt/ros/humble/include/rclcpp/rclcpp/client.hpp:643:3:[m[K [01;31m[Kerror: [m[Kno type named ‘[01m[KResponse[m[K’ in ‘[01m[Kstruct interfaces::srv::OrePosition_Request_<std::allocator<void> >[m[K’
[2.848s]   643 |   [01;31m[Kasync_send_request[m[K(SharedRequest request, CallbackT && cb)
[2.848s]       |   [01;31m[K^~~~~~~~~~~~~~~~~~[m[K
[2.848s] [01m[K/opt/ros/humble/include/rclcpp/rclcpp/client.hpp:674:3:[m[K [01;31m[Kerror: [m[Kno type named ‘[01m[KRequest[m[K’ in ‘[01m[Kstruct interfaces::srv::OrePosition_Request_<std::allocator<void> >[m[K’
[2.848s]   674 |   [01;31m[Kasync_send_request[m[K(SharedRequest request, CallbackT && cb)
[2.848s]       |   [01;31m[K^~~~~~~~~~~~~~~~~~[m[K
[2.848s] [01m[K/opt/ros/humble/include/rclcpp/rclcpp/client.hpp:784:9:[m[K [01;31m[Kerror: [m[Kno type named ‘[01m[KResponse[m[K’ in ‘[01m[Kstruct interfaces::srv::OrePosition_Request_<std::allocator<void> >[m[K’
[2.848s]   784 |   using [01;31m[KCallbackTypeValueVariant[m[K = std::tuple<CallbackType, SharedFuture, Promise>;
[2.849s]       |         [01;31m[K^~~~~~~~~~~~~~~~~~~~~~~~[m[K
[2.849s] [01m[K/opt/ros/humble/include/rclcpp/rclcpp/client.hpp:785:9:[m[K [01;31m[Kerror: [m[Kno type named ‘[01m[KRequest[m[K’ in ‘[01m[Kstruct interfaces::srv::OrePosition_Request_<std::allocator<void> >[m[K’
[2.849s]   785 |   using [01;31m[KCallbackWithRequestTypeValueVariant[m[K = std::tuple<
[2.849s]       |         [01;31m[K^~~~~~~~~~~~~~~~~~~~~~~~~~~~~~~~~~~[m[K
[2.849s] [01m[K/opt/ros/humble/include/rclcpp/rclcpp/client.hpp:788:9:[m[K [01;31m[Kerror: [m[Kno type named ‘[01m[KResponse[m[K’ in ‘[01m[Kstruct interfaces::srv::OrePosition_Request_<std::allocator<void> >[m[K’
[2.849s]   788 |   using [01;31m[KCallbackInfoVariant[m[K = std::variant<
[2.849s]       |         [01;31m[K^~~~~~~~~~~~~~~~~~~[m[K
[2.849s] [01m[K/opt/ros/humble/include/rclcpp/rclcpp/client.hpp:809:3:[m[K [01;31m[Kerror: [m[Kno type named ‘[01m[KResponse[m[K’ in ‘[01m[Kstruct interfaces::srv::OrePosition_Request_<std::allocator<void> >[m[K’
[2.849s]   809 |   [01;31m[Kget_and_erase_pending_request[m[K(int64_t request_number)
[2.849s]       |   [01;31m[K^~~~~~~~~~~~~~~~~~~~~~~~~~~~~[m[K
[2.850s] [01m[K/opt/ros/humble/include/rclcpp/rclcpp/client.hpp:831:3:[m[K [01;31m[Kerror: [m[Kno type named ‘[01m[KResponse[m[K’ in ‘[01m[Kstruct interfaces::srv::OrePosition_Request_<std::allocator<void> >[m[K’
[2.850s]   831 |   [01;31m[Kpending_requests_[m[K;
[2.850s]       |   [01;31m[K^~~~~~~~~~~~~~~~~[m[K
[2.855s] [01m[K/home/yuanxiao/gold_hw/src/gold_miner/src/miner.cpp:[m[K In constructor ‘[01m[KMiner::Miner()[m[K’:
[2.855s] [01m[K/home/yuanxiao/gold_hw/src/gold_miner/src/miner.cpp:17:87:[m[K [01;31m[Kerror: [m[Kno match for ‘[01m[Koperator=[m[K’ (operand types are ‘[01m[Krclcpp::Client<interfaces::srv::OrePosition>::SharedPtr[m[K’ {aka ‘[01m[Kstd::shared_ptr<rclcpp::Client<interfaces::srv::OrePosition> >[m[K’} and ‘[01m[Krclcpp::Client<interfaces::srv::OrePosition_Request_<std::allocator<void> > >::SharedPtr[m[K’ {aka ‘[01m[Kstd::shared_ptr<rclcpp::Client<interfaces::srv::OrePosition_Request_<std::allocator<void> > > >[m[K’})
[2.855s]    17 |         client_ = this->create_client<interfaces::srv::OrePosition::Request>("ore_srv"[01;31m[K)[m[K;
[2.855s]       |                                                                                       [01;31m[K^[m[K
[2.855s] In file included from [01m[K/usr/include/c++/11/memory:77[m[K,
[2.856s]                  from [01m[K/opt/ros/humble/include/rclcpp/rclcpp/rclcpp.hpp:153[m[K,
[2.856s]                  from [01m[K/home/yuanxiao/gold_hw/src/gold_miner/src/miner.cpp:1[m[K:
[2.856s] [01m[K/usr/include/c++/11/bits/shared_ptr.h:363:9:[m[K [01;36m[Knote: [m[Kcandidate: ‘[01m[Ktemplate<class _Yp> std::shared_ptr<_Tp>::_Assignable<const std::shared_ptr<_Yp>&> std::shared_ptr<_Tp>::operator=(const std::shared_ptr<_Yp>&) [with _Yp = _Yp; _Tp = rclcpp::Client<interfaces::srv::OrePosition>][m[K’
[2.856s]   363 |         [01;36m[Koperator[m[K=(const shared_ptr<_Yp>& __r) noexcept
[2.856s]       |         [01;36m[K^~~~~~~~[m[K
[2.856s] [01m[K/usr/include/c++/11/bits/shared_ptr.h:363:9:[m[K [01;36m[Knote: [m[K  template argument deduction/substitution failed:
[2.856s] /usr/include/c++/11/bits/shared_ptr.h: In substitution of ‘[01m[Ktemplate<class _Tp> template<class _Arg> using _Assignable = typename std::enable_if<std::is_assignable<std::__shared_ptr<_Tp>&, _Arg>::value, std::shared_ptr<_Tp>&>::type [with _Arg = const std::shared_ptr<rclcpp::Client<interfaces::srv::OrePosition_Request_<std::allocator<void> > > >&; _Tp = rclcpp::Client<interfaces::srv::OrePosition>][m[K’:
[2.856s] [01m[K/usr/include/c++/11/bits/shared_ptr.h:363:2:[m[K   required by substitution of ‘[01m[Ktemplate<class _Yp> std::shared_ptr<rclcpp::Client<interfaces::srv::OrePosition> >::_Assignable<const std::shared_ptr<_Tp>&> std::shared_ptr<rclcpp::Client<interfaces::srv::OrePosition> >::operator=<_Yp>(const std::shared_ptr<_Tp>&) [with _Yp = rclcpp::Client<interfaces::srv::OrePosition_Request_<std::allocator<void> > >][m[K’
[2.856s] [01m[K/home/yuanxiao/gold_hw/src/gold_miner/src/miner.cpp:17:87:[m[K   required from here
[2.856s] [01m[K/usr/include/c++/11/bits/shared_ptr.h:130:15:[m[K [01;31m[Kerror: [m[Kno type named ‘[01m[Ktype[m[K’ in ‘[01m[Kstruct std::enable_if<false, std::shared_ptr<rclcpp::Client<interfaces::srv::OrePosition> >&>[m[K’
[2.856s]   130 |         using [01;31m[K_Assignable[m[K = typename enable_if<
[2.857s]       |               [01;31m[K^~~~~~~~~~~[m[K
[2.857s] [01m[K/usr/include/c++/11/bits/shared_ptr.h:374:9:[m[K [01;36m[Knote: [m[Kcandidate: ‘[01m[Ktemplate<class _Yp> std::shared_ptr<_Tp>::_Assignable<std::auto_ptr<_Up> > std::shared_ptr<_Tp>::operator=(std::auto_ptr<_Up>&&) [with _Yp = _Yp; _Tp = rclcpp::Client<interfaces::srv::OrePosition>][m[K’
[2.857s]   374 |         [01;36m[Koperator[m[K=(auto_ptr<_Yp>&& __r)
[2.857s]       |         [01;36m[K^~~~~~~~[m[K
[2.857s] [01m[K/usr/include/c++/11/bits/shared_ptr.h:374:9:[m[K [01;36m[Knote: [m[K  template argument deduction/substitution failed:
[2.857s] [01m[K/home/yuanxiao/gold_hw/src/gold_miner/src/miner.cpp:17:87:[m[K [01;36m[Knote: [m[K  ‘[01m[Krclcpp::Client<interfaces::srv::OrePosition_Request_<std::allocator<void> > >::SharedPtr[m[K’ {aka ‘[01m[Kstd::shared_ptr<rclcpp::Client<interfaces::srv::OrePosition_Request_<std::allocator<void> > > >[m[K’} is not derived from ‘[01m[Kstd::auto_ptr<_Up>[m[K’
[2.857s]    17 |         client_ = this->create_client<interfaces::srv::OrePosition::Request>("ore_srv"[01;36m[K)[m[K;
[2.857s]       |                                                                                       [01;36m[K^[m[K
[2.858s] In file included from [01m[K/usr/include/c++/11/memory:77[m[K,
[2.858s]                  from [01m[K/opt/ros/humble/include/rclcpp/rclcpp/rclcpp.hpp:153[m[K,
[2.858s]                  from [01m[K/home/yuanxiao/gold_hw/src/gold_miner/src/miner.cpp:1[m[K:
[2.858s] [01m[K/usr/include/c++/11/bits/shared_ptr.h:391:9:[m[K [01;36m[Knote: [m[Kcandidate: ‘[01m[Ktemplate<class _Yp> std::shared_ptr<_Tp>::_Assignable<std::shared_ptr<_Yp> > std::shared_ptr<_Tp>::operator=(std::shared_ptr<_Yp>&&) [with _Yp = _Yp; _Tp = rclcpp::Client<interfaces::srv::OrePosition>][m[K’
[2.858s]   391 |         [01;36m[Koperator[m[K=(shared_ptr<_Yp>&& __r) noexcept
[2.858s]       |         [01;36m[K^~~~~~~~[m[K
[2.858s] [01m[K/usr/include/c++/11/bits/shared_ptr.h:391:9:[m[K [01;36m[Knote: [m[K  template argument deduction/substitution failed:
[2.858s] /usr/include/c++/11/bits/shared_ptr.h: In substitution of ‘[01m[Ktemplate<class _Tp> template<class _Arg> using _Assignable = typename std::enable_if<std::is_assignable<std::__shared_ptr<_Tp>&, _Arg>::value, std::shared_ptr<_Tp>&>::type [with _Arg = std::shared_ptr<rclcpp::Client<interfaces::srv::OrePosition_Request_<std::allocator<void> > > >; _Tp = rclcpp::Client<interfaces::srv::OrePosition>][m[K’:
[2.858s] [01m[K/usr/include/c++/11/bits/shared_ptr.h:391:2:[m[K   required by substitution of ‘[01m[Ktemplate<class _Yp> std::shared_ptr<rclcpp::Client<interfaces::srv::OrePosition> >::_Assignable<std::shared_ptr<_Tp> > std::shared_ptr<rclcpp::Client<interfaces::srv::OrePosition> >::operator=<_Yp>(std::shared_ptr<_Tp>&&) [with _Yp = rclcpp::Client<interfaces::srv::OrePosition_Request_<std::allocator<void> > >][m[K’
[2.858s] [01m[K/home/yuanxiao/gold_hw/src/gold_miner/src/miner.cpp:17:87:[m[K   required from here
[2.858s] [01m[K/usr/include/c++/11/bits/shared_ptr.h:130:15:[m[K [01;31m[Kerror: [m[Kno type named ‘[01m[Ktype[m[K’ in ‘[01m[Kstruct std::enable_if<false, std::shared_ptr<rclcpp::Client<interfaces::srv::OrePosition> >&>[m[K’
[2.859s]   130 |         using [01;31m[K_Assignable[m[K = typename enable_if<
[2.859s]       |               [01;31m[K^~~~~~~~~~~[m[K
[2.859s] [01m[K/usr/include/c++/11/bits/shared_ptr.h:399:9:[m[K [01;36m[Knote: [m[Kcandidate: ‘[01m[Ktemplate<class _Yp, class _Del> std::shared_ptr<_Tp>::_Assignable<std::unique_ptr<_Up, _Ep> > std::shared_ptr<_Tp>::operator=(std::unique_ptr<_Up, _Ep>&&) [with _Yp = _Yp; _Del = _Del; _Tp = rclcpp::Client<interfaces::srv::OrePosition>][m[K’
[2.859s]   399 |         [01;36m[Koperator[m[K=(unique_ptr<_Yp, _Del>&& __r)
[2.859s]       |         [01;36m[K^~~~~~~~[m[K
[2.859s] [01m[K/usr/include/c++/11/bits/shared_ptr.h:399:9:[m[K [01;36m[Knote: [m[K  template argument deduction/substitution failed:
[2.859s] [01m[K/home/yuanxiao/gold_hw/src/gold_miner/src/miner.cpp:17:87:[m[K [01;36m[Knote: [m[K  ‘[01m[Krclcpp::Client<interfaces::srv::OrePosition_Request_<std::allocator<void> > >::SharedPtr[m[K’ {aka ‘[01m[Kstd::shared_ptr<rclcpp::Client<interfaces::srv::OrePosition_Request_<std::allocator<void> > > >[m[K’} is not derived from ‘[01m[Kstd::unique_ptr<_Tp, _Dp>[m[K’
[2.859s]    17 |         client_ = this->create_client<interfaces::srv::OrePosition::Request>("ore_srv"[01;36m[K)[m[K;
[2.859s]       |                                                                                       [01;36m[K^[m[K
[2.860s] In file included from [01m[K/usr/include/c++/11/memory:77[m[K,
[2.860s]                  from [01m[K/opt/ros/humble/include/rclcpp/rclcpp/rclcpp.hpp:153[m[K,
[2.860s]                  from [01m[K/home/yuanxiao/gold_hw/src/gold_miner/src/miner.cpp:1[m[K:
[2.860s] [01m[K/usr/include/c++/11/bits/shared_ptr.h:359:19:[m[K [01;36m[Knote: [m[Kcandidate: ‘[01m[Kstd::shared_ptr<_Tp>& std::shared_ptr<_Tp>::operator=(const std::shared_ptr<_Tp>&) [with _Tp = rclcpp::Client<interfaces::srv::OrePosition>][m[K’
[2.860s]   359 |       shared_ptr& [01;36m[Koperator[m[K=(const shared_ptr&) noexcept = default;
[2.860s]       |                   [01;36m[K^~~~~~~~[m[K
[2.860s] [01m[K/usr/include/c++/11/bits/shared_ptr.h:359:29:[m[K [01;36m[Knote: [m[K  no known conversion for argument 1 from ‘[01m[Krclcpp::Client<interfaces::srv::OrePosition_Request_<std::allocator<void> > >::SharedPtr[m[K’ {aka ‘[01m[Kstd::shared_ptr<rclcpp::Client<interfaces::srv::OrePosition_Request_<std::allocator<void> > > >[m[K’} to ‘[01m[Kconst std::shared_ptr<rclcpp::Client<interfaces::srv::OrePosition> >&[m[K’
[2.860s]   359 |       shared_ptr& operator=([01;36m[Kconst shared_ptr&[m[K) noexcept = default;
[2.860s]       |                             [01;36m[K^~~~~~~~~~~~~~~~~[m[K
[2.861s] [01m[K/usr/include/c++/11/bits/shared_ptr.h:383:7:[m[K [01;36m[Knote: [m[Kcandidate: ‘[01m[Kstd::shared_ptr<_Tp>& std::shared_ptr<_Tp>::operator=(std::shared_ptr<_Tp>&&) [with _Tp = rclcpp::Client<interfaces::srv::OrePosition>][m[K’
[2.861s]   383 |       [01;36m[Koperator[m[K=(shared_ptr&& __r) noexcept
[2.861s]       |       [01;36m[K^~~~~~~~[m[K
[2.861s] [01m[K/usr/include/c++/11/bits/shared_ptr.h:383:30:[m[K [01;36m[Knote: [m[K  no known conversion for argument 1 from ‘[01m[Krclcpp::Client<interfaces::srv::OrePosition_Request_<std::allocator<void> > >::SharedPtr[m[K’ {aka ‘[01m[Kstd::shared_ptr<rclcpp::Client<interfaces::srv::OrePosition_Request_<std::allocator<void> > > >[m[K’} to ‘[01m[Kstd::shared_ptr<rclcpp::Client<interfaces::srv::OrePosition> >&&[m[K’
[2.861s]   383 |       operator=([01;36m[Kshared_ptr&& __r[m[K) noexcept
[2.861s]       |                 [01;36m[K~~~~~~~~~~~~~^~~[m[K
[2.863s] [01m[K/home/yuanxiao/gold_hw/src/gold_miner/src/miner.cpp:[m[K In member function ‘[01m[Kvoid Miner::oreInfoCallback(const OreArray&)[m[K’:
[2.863s] [01m[K/home/yuanxiao/gold_hw/src/gold_miner/src/miner.cpp:34:9:[m[K [01;31m[Kerror: [m[K‘[01m[Kvector[m[K’ was not declared in this scope
[2.863s]    34 |         [01;31m[Kvector[m[K<float> dis;
[2.863s]       |         [01;31m[K^~~~~~[m[K
[2.863s] [01m[K/home/yuanxiao/gold_hw/src/gold_miner/src/miner.cpp:34:9:[m[K [01;36m[Knote: [m[Ksuggested alternatives:
[2.864s] In file included from [01m[K/usr/include/c++/11/vector:67[m[K,
[2.864s]                  from [01m[K/usr/include/c++/11/functional:62[m[K,
[2.864s]                  from [01m[K/usr/include/c++/11/pstl/glue_algorithm_defs.h:13[m[K,
[2.864s]                  from [01m[K/usr/include/c++/11/algorithm:74[m[K,
[2.864s]                  from [01m[K/opt/ros/humble/include/rclcpp/rclcpp/executor.hpp:18[m[K,
[2.864s]                  from [01m[K/opt/ros/humble/include/rclcpp/rclcpp/executors/multi_threaded_executor.hpp:25[m[K,
[2.864s]                  from [01m[K/opt/ros/humble/include/rclcpp/rclcpp/executors.hpp:21[m[K,
[2.864s]                  from [01m[K/opt/ros/humble/include/rclcpp/rclcpp/rclcpp.hpp:155[m[K,
[2.864s]                  from [01m[K/home/yuanxiao/gold_hw/src/gold_miner/src/miner.cpp:1[m[K:
[2.864s] [01m[K/usr/include/c++/11/bits/stl_vector.h:389:11:[m[K [01;36m[Knote: [m[K  ‘[01m[Kstd::vector[m[K’
[2.864s]   389 |     class [01;36m[Kvector[m[K : protected _Vector_base<_Tp, _Alloc>
[2.864s]       |           [01;36m[K^~~~~~[m[K
[2.865s] In file included from [01m[K/usr/include/c++/11/functional:62[m[K,
[2.865s]                  from [01m[K/usr/include/c++/11/pstl/glue_algorithm_defs.h:13[m[K,
[2.865s]                  from [01m[K/usr/include/c++/11/algorithm:74[m[K,
[2.865s]                  from [01m[K/opt/ros/humble/include/rclcpp/rclcpp/executor.hpp:18[m[K,
[2.865s]                  from [01m[K/opt/ros/humble/include/rclcpp/rclcpp/executors/multi_threaded_executor.hpp:25[m[K,
[2.865s]                  from [01m[K/opt/ros/humble/include/rclcpp/rclcpp/executors.hpp:21[m[K,
[2.865s]                  from [01m[K/opt/ros/humble/include/rclcpp/rclcpp/rclcpp.hpp:155[m[K,
[2.865s]                  from [01m[K/home/yuanxiao/gold_hw/src/gold_miner/src/miner.cpp:1[m[K:
[2.865s] [01m[K/usr/include/c++/11/vector:86:13:[m[K [01;36m[Knote: [m[K  ‘[01m[Kstd::pmr::vector[m[K’
[2.865s]    86 |       using [01;36m[Kvector[m[K = std::vector<_Tp, polymorphic_allocator<_Tp>>;
[2.865s]       |             [01;36m[K^~~~~~[m[K
[2.867s] [01m[K/home/yuanxiao/gold_hw/src/gold_miner/src/miner.cpp:34:16:[m[K [01;31m[Kerror: [m[Kexpected primary-expression before ‘[01m[Kfloat[m[K’
[2.867s]    34 |         vector<[01;31m[Kfloat[m[K> dis;
[2.868s]       |                [01;31m[K^~~~~[m[K
[2.868s] [01m[K/home/yuanxiao/gold_hw/src/gold_miner/src/miner.cpp:35:25:[m[K [01;31m[Kerror: [m[Kbase operand of ‘[01m[K->[m[K’ has non-pointer type ‘[01m[Kconst OreArray[m[K’ {aka ‘[01m[Kconst interfaces::msg::OreArray_<std::allocator<void> >[m[K’}
[2.868s]    35 |         int64_t n_ = msg[01;31m[K->[m[Kores.size();
[2.868s]       |                         [01;31m[K^~[m[K
[2.868s] [01m[K/home/yuanxiao/gold_hw/src/gold_miner/src/miner.cpp:37:39:[m[K [01;31m[Kerror: [m[Kbase operand of ‘[01m[K->[m[K’ has non-pointer type ‘[01m[Kconst OreArray[m[K’ {aka ‘[01m[Kconst interfaces::msg::OreArray_<std::allocator<void> >[m[K’}
[2.868s]    37 |             float_t mid = Distance(msg[01;31m[K->[m[Kores[i].opsition.x, msg->ores[i].opsition.y,msg->ores[i].opsition.z);
[2.868s]       |                                       [01;31m[K^~[m[K
[2.868s] [01m[K/home/yuanxiao/gold_hw/src/gold_miner/src/miner.cpp:37:64:[m[K [01;31m[Kerror: [m[Kbase operand of ‘[01m[K->[m[K’ has non-pointer type ‘[01m[Kconst OreArray[m[K’ {aka ‘[01m[Kconst interfaces::msg::OreArray_<std::allocator<void> >[m[K’}
[2.868s]    37 |             float_t mid = Distance(msg->ores[i].opsition.x, msg[01;31m[K->[m[Kores[i].opsition.y,msg->ores[i].opsition.z);
[2.868s]       |                                                                [01;31m[K^~[m[K
[2.868s] [01m[K/home/yuanxiao/gold_hw/src/gold_miner/src/miner.cpp:37:88:[m[K [01;31m[Kerror: [m[Kbase operand of ‘[01m[K->[m[K’ has non-pointer type ‘[01m[Kconst OreArray[m[K’ {aka ‘[01m[Kconst interfaces::msg::OreArray_<std::allocator<void> >[m[K’}
[2.868s]    37 |             float_t mid = Distance(msg->ores[i].opsition.x, msg->ores[i].opsition.y,msg[01;31m[K->[m[Kores[i].opsition.z);
[2.869s]       |                                                                                        [01;31m[K^~[m[K
[2.874s] [01m[K/home/yuanxiao/gold_hw/src/gold_miner/src/miner.cpp:38:13:[m[K [01;31m[Kerror: [m[K‘[01m[Kdis[m[K’ was not declared in this scope; did you mean ‘[01m[Kdiv[m[K’?
[2.874s]    38 |             [01;31m[Kdis[m[K.push_back(mid);
[2.874s]       |             [01;31m[K^~~[m[K
[2.875s]       |             [32m[Kdiv[m[K
[2.882s] [01m[K/home/yuanxiao/gold_hw/src/gold_miner/src/miner.cpp:40:43:[m[K [01;31m[Kerror: [m[K‘[01m[Kdis[m[K’ was not declared in this scope; did you mean ‘[01m[Kdiv[m[K’?
[2.882s]    40 |         int64_t minPosition = min_element([01;31m[Kdis[m[K.begin(),dis.end()) - dis.begin();
[2.882s]       |                                           [01;31m[K^~~[m[K
[2.883s]       |                                           [32m[Kdiv[m[K
[2.883s] [01m[K/home/yuanxiao/gold_hw/src/gold_miner/src/miner.cpp:40:31:[m[K [01;31m[Kerror: [m[K‘[01m[Kmin_element[m[K’ was not declared in this scope; did you mean ‘[01m[Kstd::min_element[m[K’?
[2.883s]    40 |         int64_t minPosition = [01;31m[Kmin_element[m[K(dis.begin(),dis.end()) - dis.begin();
[2.883s]       |                               [01;31m[K^~~~~~~~~~~[m[K
[2.883s]       |                               [32m[Kstd::min_element[m[K
[2.883s] In file included from [01m[K/usr/include/c++/11/algorithm:74[m[K,
[2.883s]                  from [01m[K/opt/ros/humble/include/rclcpp/rclcpp/executor.hpp:18[m[K,
[2.884s]                  from [01m[K/opt/ros/humble/include/rclcpp/rclcpp/executors/multi_threaded_executor.hpp:25[m[K,
[2.884s]                  from [01m[K/opt/ros/humble/include/rclcpp/rclcpp/executors.hpp:21[m[K,
[2.884s]                  from [01m[K/opt/ros/humble/include/rclcpp/rclcpp/rclcpp.hpp:155[m[K,
[2.884s]                  from [01m[K/home/yuanxiao/gold_hw/src/gold_miner/src/miner.cpp:1[m[K:
[2.884s] [01m[K/usr/include/c++/11/pstl/glue_algorithm_defs.h:520:1:[m[K [01;36m[Knote: [m[K‘[01m[Kstd::min_element[m[K’ declared here
[2.884s]   520 | [01;36m[Kmin_element[m[K(_ExecutionPolicy&& __exec, _ForwardIterator __first, _ForwardIterator __last);
[2.884s]       | [01;36m[K^~~~~~~~~~~[m[K
[2.884s] [01m[K/home/yuanxiao/gold_hw/src/gold_miner/src/miner.cpp:45:23:[m[K [01;31m[Kerror: [m[K‘[01m[Kconst OreArray[m[K’ {aka ‘[01m[Kconst struct interfaces::msg::OreArray_<std::allocator<void> >[m[K’} has no member named ‘[01m[Kmsg[m[K’
[2.885s]    45 |         miner_x = msg.[01;31m[Kmsg[m[K[minPosition].position.x;
[2.885s]       |                       [01;31m[K^~~[m[K
[2.885s] [01m[K/home/yuanxiao/gold_hw/src/gold_miner/src/miner.cpp:46:23:[m[K [01;31m[Kerror: [m[K‘[01m[Kconst OreArray[m[K’ {aka ‘[01m[Kconst struct interfaces::msg::OreArray_<std::allocator<void> >[m[K’} has no member named ‘[01m[Kmsg[m[K’
[2.885s]    46 |         miner_y = msg.[01;31m[Kmsg[m[K[minPosition].position.y;
[2.885s]       |                       [01;31m[K^~~[m[K
[2.885s] [01m[K/home/yuanxiao/gold_hw/src/gold_miner/src/miner.cpp:47:23:[m[K [01;31m[Kerror: [m[K‘[01m[Kconst OreArray[m[K’ {aka ‘[01m[Kconst struct interfaces::msg::OreArray_<std::allocator<void> >[m[K’} has no member named ‘[01m[Kmsg[m[K’
[2.885s]    47 |         miner_z = msg.[01;31m[Kmsg[m[K[minPosition].position.z;
[2.885s]       |                       [01;31m[K^~~[m[K
[5.023s] In file included from [01m[K/opt/ros/humble/include/rclcpp/rclcpp/callback_group.hpp:24[m[K,
[5.023s]                  from [01m[K/opt/ros/humble/include/rclcpp/rclcpp/any_executable.hpp:20[m[K,
[5.023s]                  from [01m[K/opt/ros/humble/include/rclcpp/rclcpp/memory_strategy.hpp:25[m[K,
[5.023s]                  from [01m[K/opt/ros/humble/include/rclcpp/rclcpp/memory_strategies.hpp:18[m[K,
[5.023s]                  from [01m[K/opt/ros/humble/include/rclcpp/rclcpp/executor_options.hpp:20[m[K,
[5.023s]                  from [01m[K/opt/ros/humble/include/rclcpp/rclcpp/executor.hpp:37[m[K,
[5.023s]                  from [01m[K/opt/ros/humble/include/rclcpp/rclcpp/executors/multi_threaded_executor.hpp:25[m[K,
[5.023s]                  from [01m[K/opt/ros/humble/include/rclcpp/rclcpp/executors.hpp:21[m[K,
[5.024s]                  from [01m[K/opt/ros/humble/include/rclcpp/rclcpp/rclcpp.hpp:155[m[K,
[5.024s]                  from [01m[K/home/yuanxiao/gold_hw/src/gold_miner/src/miner.cpp:1[m[K:
[5.024s] /opt/ros/humble/include/rclcpp/rclcpp/client.hpp: In instantiation of ‘[01m[Kstd::shared_ptr<void> rclcpp::Client<ServiceT>::create_response() [with ServiceT = interfaces::srv::OrePosition_Request_<std::allocator<void> >][m[K’:
[5.024s] [01m[K/opt/ros/humble/include/rclcpp/rclcpp/client.hpp:523:3:[m[K   required from here
[5.024s] [01m[K/opt/ros/humble/include/rclcpp/rclcpp/client.hpp:525:34:[m[K [01;31m[Kerror: [m[Kno type named ‘[01m[KResponse[m[K’ in ‘[01m[Kstruct interfaces::srv::OrePosition_Request_<std::allocator<void> >[m[K’
[5.024s]   525 |     return std::shared_ptr<void>([01;31m[Knew typename ServiceT::Response()[m[K);
[5.024s]       |                                  [01;31m[K^~~~~~~~~~~~~~~~~~~~~~~~~~~~~~~~~[m[K
[5.025s] /opt/ros/humble/include/rclcpp/rclcpp/client.hpp: In instantiation of ‘[01m[Kvoid rclcpp::Client<ServiceT>::handle_response(std::shared_ptr<rmw_request_id_s>, std::shared_ptr<void>) [with ServiceT = interfaces::srv::OrePosition_Request_<std::allocator<void> >][m[K’:
[5.025s] [01m[K/opt/ros/humble/include/rclcpp/rclcpp/client.hpp:546:3:[m[K   required from here
[5.025s] [01m[K/opt/ros/humble/include/rclcpp/rclcpp/client.hpp:551:5:[m[K [01;31m[Kerror: [m[Kno type named ‘[01m[KResponse[m[K’ in ‘[01m[Kstruct interfaces::srv::OrePosition_Request_<std::allocator<void> >[m[K’
[5.025s]   551 |     [01;31m[Koptional_pending_request[m[K = this->get_and_erase_pending_request(request_header->sequence_number);
[5.025s]       |     [01;31m[K^~~~~~~~~~~~~~~~~~~~~~~~[m[K
[5.025s] [01m[K/opt/ros/humble/include/rclcpp/rclcpp/client.hpp:551:5:[m[K [01;31m[Kerror: [m[Kno type named ‘[01m[KResponse[m[K’ in ‘[01m[Kstruct interfaces::srv::OrePosition_Request_<std::allocator<void> >[m[K’
[5.025s] [01m[K/opt/ros/humble/include/rclcpp/rclcpp/client.hpp:556:32:[m[K [01;31m[Kerror: [m[Kno type named ‘[01m[KResponse[m[K’ in ‘[01m[Kstruct interfaces::srv::OrePosition_Request_<std::allocator<void> >[m[K’
[5.025s]   556 |     auto typed_response = [01;31m[Kstd::static_pointer_cast<typename ServiceT::Response>[m[K(
[5.025s]       |                           [01;31m[K~~~~~^~~~~~~~~~~~~~~~~~~~~~~~~~~~~~~~~~~~~~~~~~~~~~~~[m[K
[5.672s] gmake[2]: *** [CMakeFiles/miner.dir/build.make:76: CMakeFiles/miner.dir/src/miner.cpp.o] Error 1
[5.672s] gmake[1]: *** [CMakeFiles/Makefile2:165: CMakeFiles/miner.dir/all] Error 2
[5.673s] gmake: *** [Makefile:146: all] Error 2
[5.675s] Invoked command in '/home/yuanxiao/gold_hw/build/gold_miner' returned '2': CMAKE_PREFIX_PATH=/home/yuanxiao/gold_hw/install/interfaces:/home/yuanxiao/gold_hw/install/gold_miner:/home/yuanxiao/dev_ws/install/learning_pkg_c:/home/yuanxiao/dev_ws/install/learning_interface:/home/yuanxiao/dev_ws/install/learning_urdf:/home/yuanxiao/dev_ws/install/learning_topic:/home/yuanxiao/dev_ws/install/learning_tf:/home/yuanxiao/dev_ws/install/learning_service:/home/yuanxiao/dev_ws/install/learning_qos:/home/yuanxiao/dev_ws/install/learning_pkg_python:/home/yuanxiao/dev_ws/install/learning_parameter:/home/yuanxiao/dev_ws/install/learning_node:/home/yuanxiao/dev_ws/install/learning_launch:/home/yuanxiao/dev_ws/install/learning_action:/home/yuanxiao/dev_ws/install/learning_gazebo:/opt/ros/humble /usr/bin/cmake --build /home/yuanxiao/gold_hw/build/gold_miner -- -j4 -l4
