[35m[1mConsolidate compiler generated dependencies of target miner[0m
[ 25%] [32mBuilding CXX object CMakeFiles/mining_industry.dir/src/mining_industry.cpp.o[0m
[ 50%] [32mBuilding CXX object CMakeFiles/miner.dir/src/miner.cpp.o[0m
[01m[K/home/yuanxiao/gold_hw/src/gold_miner/src/mining_industry.cpp:[m[K In function ‘[01m[Kint main(int, char**)[m[K’:
[01m[K/home/yuanxiao/gold_hw/src/gold_miner/src/mining_industry.cpp:104:40:[m[K [01;31m[Kerror: [m[K‘[01m[KMiner[m[K’ was not declared in this scope
  104 |     auto miner_node = std::make_shared<[01;31m[KMiner[m[K>();
      |                                        [01;31m[K^~~~~[m[K
[01m[K/home/yuanxiao/gold_hw/src/gold_miner/src/mining_industry.cpp:104:46:[m[K [01;31m[Kerror: [m[Kno matching function for call to ‘[01m[Kmake_shared<<expression error> >()[m[K’
  104 |     auto miner_node = [01;31m[Kstd::make_shared<Miner>()[m[K;
      |                       [01;31m[K~~~~~~~~~~~~~~~~~~~~~~~^~[m[K
In file included from [01m[K/usr/include/c++/11/memory:77[m[K,
                 from [01m[K/opt/ros/humble/include/rclcpp/rclcpp/rclcpp.hpp:153[m[K,
                 from [01m[K/home/yuanxiao/gold_hw/src/gold_miner/src/mining_industry.cpp:1[m[K:
[01m[K/usr/include/c++/11/bits/shared_ptr.h:875:5:[m[K [01;36m[Knote: [m[Kcandidate: ‘[01m[Ktemplate<class _Tp, class ... _Args> std::shared_ptr<_Tp> std::make_shared(_Args&& ...)[m[K’
  875 |     [01;36m[Kmake_shared[m[K(_Args&&... __args)
      |     [01;36m[K^~~~~~~~~~~[m[K
[01m[K/usr/include/c++/11/bits/shared_ptr.h:875:5:[m[K [01;36m[Knote: [m[K  template argument deduction/substitution failed:
[01m[K/home/yuanxiao/gold_hw/src/gold_miner/src/mining_industry.cpp:104:46:[m[K [01;31m[Kerror: [m[Ktemplate argument 1 is invalid
  104 |     auto miner_node = [01;31m[Kstd::make_shared<Miner>()[m[K;
      |                       [01;31m[K~~~~~~~~~~~~~~~~~~~~~~~^~[m[K
[01m[K/home/yuanxiao/gold_hw/src/gold_miner/src/mining_industry.cpp:113:17:[m[K [01;31m[Kerror: [m[Kno matching function for call to ‘[01m[Kspin()[m[K’
  113 |     [01;31m[Krclcpp::spin()[m[K;
      |     [01;31m[K~~~~~~~~~~~~^~[m[K
In file included from [01m[K/opt/ros/humble/include/rclcpp/rclcpp/rclcpp.hpp:155[m[K,
                 from [01m[K/home/yuanxiao/gold_hw/src/gold_miner/src/mining_industry.cpp:1[m[K:
[01m[K/opt/ros/humble/include/rclcpp/rclcpp/executors.hpp:45:1:[m[K [01;36m[Knote: [m[Kcandidate: ‘[01m[Kvoid rclcpp::spin(rclcpp::node_interfaces::NodeBaseInterface::SharedPtr)[m[K’
   45 | [01;36m[Kspin[m[K(rclcpp::node_interfaces::NodeBaseInterface::SharedPtr node_ptr);
      | [01;36m[K^~~~[m[K
[01m[K/opt/ros/humble/include/rclcpp/rclcpp/executors.hpp:45:1:[m[K [01;36m[Knote: [m[K  candidate expects 1 argument, 0 provided
[01m[K/opt/ros/humble/include/rclcpp/rclcpp/executors.hpp:49:1:[m[K [01;36m[Knote: [m[Kcandidate: ‘[01m[Kvoid rclcpp::spin(rclcpp::Node::SharedPtr)[m[K’
   49 | [01;36m[Kspin[m[K(rclcpp::Node::SharedPtr node_ptr);
      | [01;36m[K^~~~[m[K
[01m[K/opt/ros/humble/include/rclcpp/rclcpp/executors.hpp:49:1:[m[K [01;36m[Knote: [m[K  candidate expects 1 argument, 0 provided
gmake[2]: *** [CMakeFiles/mining_industry.dir/build.make:76: CMakeFiles/mining_industry.dir/src/mining_industry.cpp.o] Error 1
gmake[1]: *** [CMakeFiles/Makefile2:139: CMakeFiles/mining_industry.dir/all] Error 2
gmake[1]: *** Waiting for unfinished jobs....
[ 75%] [32m[1mLinking CXX executable miner[0m
[ 75%] Built target miner
gmake: *** [Makefile:146: all] Error 2
