[0.028s] Invoking command in '/home/yuanxiao/gold_hw/build/gold_miner': CMAKE_PREFIX_PATH=/home/yuanxiao/gold_hw/install/interfaces:/home/yuanxiao/gold_hw/install/gold_miner:/home/yuanxiao/dev_ws/install/learning_pkg_c:/home/yuanxiao/dev_ws/install/learning_interface:/home/yuanxiao/dev_ws/install/learning_urdf:/home/yuanxiao/dev_ws/install/learning_topic:/home/yuanxiao/dev_ws/install/learning_tf:/home/yuanxiao/dev_ws/install/learning_service:/home/yuanxiao/dev_ws/install/learning_qos:/home/yuanxiao/dev_ws/install/learning_pkg_python:/home/yuanxiao/dev_ws/install/learning_parameter:/home/yuanxiao/dev_ws/install/learning_node:/home/yuanxiao/dev_ws/install/learning_launch:/home/yuanxiao/dev_ws/install/learning_action:/home/yuanxiao/dev_ws/install/learning_gazebo:/opt/ros/humble /usr/bin/cmake --build /home/yuanxiao/gold_hw/build/gold_miner -- -j4 -l4
[0.092s] [35m[1mConsolidate compiler generated dependencies of target miner[0m
[0.094s] [ 25%] [32mBuilding CXX object CMakeFiles/mining_industry.dir/src/mining_industry.cpp.o[0m
[0.118s] [ 50%] [32mBuilding CXX object CMakeFiles/miner.dir/src/miner.cpp.o[0m
[2.810s] [01m[K/home/yuanxiao/gold_hw/src/gold_miner/src/mining_industry.cpp:[m[K In function ‘[01m[Kint main(int, char**)[m[K’:
[2.810s] [01m[K/home/yuanxiao/gold_hw/src/gold_miner/src/mining_industry.cpp:104:40:[m[K [01;31m[Kerror: [m[K‘[01m[KMiner[m[K’ was not declared in this scope
[2.810s]   104 |     auto miner_node = std::make_shared<[01;31m[KMiner[m[K>();
[2.810s]       |                                        [01;31m[K^~~~~[m[K
[2.811s] [01m[K/home/yuanxiao/gold_hw/src/gold_miner/src/mining_industry.cpp:104:46:[m[K [01;31m[Kerror: [m[Kno matching function for call to ‘[01m[Kmake_shared<<expression error> >()[m[K’
[2.811s]   104 |     auto miner_node = [01;31m[Kstd::make_shared<Miner>()[m[K;
[2.811s]       |                       [01;31m[K~~~~~~~~~~~~~~~~~~~~~~~^~[m[K
[2.811s] In file included from [01m[K/usr/include/c++/11/memory:77[m[K,
[2.811s]                  from [01m[K/opt/ros/humble/include/rclcpp/rclcpp/rclcpp.hpp:153[m[K,
[2.811s]                  from [01m[K/home/yuanxiao/gold_hw/src/gold_miner/src/mining_industry.cpp:1[m[K:
[2.811s] [01m[K/usr/include/c++/11/bits/shared_ptr.h:875:5:[m[K [01;36m[Knote: [m[Kcandidate: ‘[01m[Ktemplate<class _Tp, class ... _Args> std::shared_ptr<_Tp> std::make_shared(_Args&& ...)[m[K’
[2.811s]   875 |     [01;36m[Kmake_shared[m[K(_Args&&... __args)
[2.811s]       |     [01;36m[K^~~~~~~~~~~[m[K
[2.811s] [01m[K/usr/include/c++/11/bits/shared_ptr.h:875:5:[m[K [01;36m[Knote: [m[K  template argument deduction/substitution failed:
[2.812s] [01m[K/home/yuanxiao/gold_hw/src/gold_miner/src/mining_industry.cpp:104:46:[m[K [01;31m[Kerror: [m[Ktemplate argument 1 is invalid
[2.812s]   104 |     auto miner_node = [01;31m[Kstd::make_shared<Miner>()[m[K;
[2.812s]       |                       [01;31m[K~~~~~~~~~~~~~~~~~~~~~~~^~[m[K
[2.824s] [01m[K/home/yuanxiao/gold_hw/src/gold_miner/src/mining_industry.cpp:113:17:[m[K [01;31m[Kerror: [m[Kno matching function for call to ‘[01m[Kspin()[m[K’
[2.825s]   113 |     [01;31m[Krclcpp::spin()[m[K;
[2.825s]       |     [01;31m[K~~~~~~~~~~~~^~[m[K
[2.825s] In file included from [01m[K/opt/ros/humble/include/rclcpp/rclcpp/rclcpp.hpp:155[m[K,
[2.825s]                  from [01m[K/home/yuanxiao/gold_hw/src/gold_miner/src/mining_industry.cpp:1[m[K:
[2.826s] [01m[K/opt/ros/humble/include/rclcpp/rclcpp/executors.hpp:45:1:[m[K [01;36m[Knote: [m[Kcandidate: ‘[01m[Kvoid rclcpp::spin(rclcpp::node_interfaces::NodeBaseInterface::SharedPtr)[m[K’
[2.826s]    45 | [01;36m[Kspin[m[K(rclcpp::node_interfaces::NodeBaseInterface::SharedPtr node_ptr);
[2.826s]       | [01;36m[K^~~~[m[K
[2.826s] [01m[K/opt/ros/humble/include/rclcpp/rclcpp/executors.hpp:45:1:[m[K [01;36m[Knote: [m[K  candidate expects 1 argument, 0 provided
[2.826s] [01m[K/opt/ros/humble/include/rclcpp/rclcpp/executors.hpp:49:1:[m[K [01;36m[Knote: [m[Kcandidate: ‘[01m[Kvoid rclcpp::spin(rclcpp::Node::SharedPtr)[m[K’
[2.826s]    49 | [01;36m[Kspin[m[K(rclcpp::Node::SharedPtr node_ptr);
[2.826s]       | [01;36m[K^~~~[m[K
[2.826s] [01m[K/opt/ros/humble/include/rclcpp/rclcpp/executors.hpp:49:1:[m[K [01;36m[Knote: [m[K  candidate expects 1 argument, 0 provided
[4.237s] gmake[2]: *** [CMakeFiles/mining_industry.dir/build.make:76: CMakeFiles/mining_industry.dir/src/mining_industry.cpp.o] Error 1
[4.238s] gmake[1]: *** [CMakeFiles/Makefile2:139: CMakeFiles/mining_industry.dir/all] Error 2
[4.240s] gmake[1]: *** Waiting for unfinished jobs....
[10.138s] [ 75%] [32m[1mLinking CXX executable miner[0m
[10.615s] [ 75%] Built target miner
[10.616s] gmake: *** [Makefile:146: all] Error 2
[10.619s] Invoked command in '/home/yuanxiao/gold_hw/build/gold_miner' returned '2': CMAKE_PREFIX_PATH=/home/yuanxiao/gold_hw/install/interfaces:/home/yuanxiao/gold_hw/install/gold_miner:/home/yuanxiao/dev_ws/install/learning_pkg_c:/home/yuanxiao/dev_ws/install/learning_interface:/home/yuanxiao/dev_ws/install/learning_urdf:/home/yuanxiao/dev_ws/install/learning_topic:/home/yuanxiao/dev_ws/install/learning_tf:/home/yuanxiao/dev_ws/install/learning_service:/home/yuanxiao/dev_ws/install/learning_qos:/home/yuanxiao/dev_ws/install/learning_pkg_python:/home/yuanxiao/dev_ws/install/learning_parameter:/home/yuanxiao/dev_ws/install/learning_node:/home/yuanxiao/dev_ws/install/learning_launch:/home/yuanxiao/dev_ws/install/learning_action:/home/yuanxiao/dev_ws/install/learning_gazebo:/opt/ros/humble /usr/bin/cmake --build /home/yuanxiao/gold_hw/build/gold_miner -- -j4 -l4
