[0.029s] Invoking command in '/home/yuanxiao/gold_hw/build/gold_miner': CMAKE_PREFIX_PATH=/home/yuanxiao/gold_hw/install/interfaces:/home/yuanxiao/gold_hw/install/gold_miner:/home/yuanxiao/dev_ws/install/learning_pkg_c:/home/yuanxiao/dev_ws/install/learning_interface:/home/yuanxiao/dev_ws/install/learning_urdf:/home/yuanxiao/dev_ws/install/learning_topic:/home/yuanxiao/dev_ws/install/learning_tf:/home/yuanxiao/dev_ws/install/learning_service:/home/yuanxiao/dev_ws/install/learning_qos:/home/yuanxiao/dev_ws/install/learning_pkg_python:/home/yuanxiao/dev_ws/install/learning_parameter:/home/yuanxiao/dev_ws/install/learning_node:/home/yuanxiao/dev_ws/install/learning_launch:/home/yuanxiao/dev_ws/install/learning_action:/home/yuanxiao/dev_ws/install/learning_gazebo:/opt/ros/humble /usr/bin/cmake --build /home/yuanxiao/gold_hw/build/gold_miner -- -j4 -l4
[0.078s] [35m[1mConsolidate compiler generated dependencies of target mining_industry[0m
[0.097s] [ 25%] [32mBuilding CXX object CMakeFiles/mining_industry.dir/src/mining_industry.cpp.o[0m
[2.391s] [01m[K/home/yuanxiao/gold_hw/src/gold_miner/src/mining_industry.cpp:[m[K In constructor ‘[01m[KMiningIndustry::MiningIndustry()[m[K’:
[2.391s] [01m[K/home/yuanxiao/gold_hw/src/gold_miner/src/mining_industry.cpp:20:38:[m[K [01;31m[Kerror: [m[K‘[01m[KNone[m[K’ was not declared in this scope; did you mean ‘[01m[Krclcpp::SignalHandlerOptions::None[m[K’?
[2.391s]    20 |         this->declare_parameter("n", [01;31m[KNone[m[K); //
[2.392s]       |                                      [01;31m[K^~~~[m[K
[2.392s]       |                                      [32m[Krclcpp::SignalHandlerOptions::None[m[K
[2.392s] In file included from [01m[K/opt/ros/humble/include/rclcpp/rclcpp/logging.hpp:25[m[K,
[2.392s]                  from [01m[K/opt/ros/humble/include/rclcpp/rclcpp/client.hpp:40[m[K,
[2.392s]                  from [01m[K/opt/ros/humble/include/rclcpp/rclcpp/callback_group.hpp:24[m[K,
[2.392s]                  from [01m[K/opt/ros/humble/include/rclcpp/rclcpp/any_executable.hpp:20[m[K,
[2.392s]                  from [01m[K/opt/ros/humble/include/rclcpp/rclcpp/memory_strategy.hpp:25[m[K,
[2.392s]                  from [01m[K/opt/ros/humble/include/rclcpp/rclcpp/memory_strategies.hpp:18[m[K,
[2.392s]                  from [01m[K/opt/ros/humble/include/rclcpp/rclcpp/executor_options.hpp:20[m[K,
[2.392s]                  from [01m[K/opt/ros/humble/include/rclcpp/rclcpp/executor.hpp:37[m[K,
[2.392s]                  from [01m[K/opt/ros/humble/include/rclcpp/rclcpp/executors/multi_threaded_executor.hpp:25[m[K,
[2.393s]                  from [01m[K/opt/ros/humble/include/rclcpp/rclcpp/executors.hpp:21[m[K,
[2.393s]                  from [01m[K/opt/ros/humble/include/rclcpp/rclcpp/rclcpp.hpp:155[m[K,
[2.393s]                  from [01m[K/home/yuanxiao/gold_hw/src/gold_miner/src/mining_industry.cpp:1[m[K:
[2.393s] [01m[K/opt/ros/humble/include/rclcpp/rclcpp/utilities.hpp:56:3:[m[K [01;36m[Knote: [m[K‘[01m[Krclcpp::SignalHandlerOptions::None[m[K’ declared here
[2.393s]    56 |   [01;36m[KNone[m[K,
[2.393s]       |   [01;36m[K^~~~[m[K
[3.449s] gmake[2]: *** [CMakeFiles/mining_industry.dir/build.make:76: CMakeFiles/mining_industry.dir/src/mining_industry.cpp.o] Error 1
[3.449s] gmake[1]: *** [CMakeFiles/Makefile2:139: CMakeFiles/mining_industry.dir/all] Error 2
[3.449s] gmake: *** [Makefile:146: all] Error 2
[3.452s] Invoked command in '/home/yuanxiao/gold_hw/build/gold_miner' returned '2': CMAKE_PREFIX_PATH=/home/yuanxiao/gold_hw/install/interfaces:/home/yuanxiao/gold_hw/install/gold_miner:/home/yuanxiao/dev_ws/install/learning_pkg_c:/home/yuanxiao/dev_ws/install/learning_interface:/home/yuanxiao/dev_ws/install/learning_urdf:/home/yuanxiao/dev_ws/install/learning_topic:/home/yuanxiao/dev_ws/install/learning_tf:/home/yuanxiao/dev_ws/install/learning_service:/home/yuanxiao/dev_ws/install/learning_qos:/home/yuanxiao/dev_ws/install/learning_pkg_python:/home/yuanxiao/dev_ws/install/learning_parameter:/home/yuanxiao/dev_ws/install/learning_node:/home/yuanxiao/dev_ws/install/learning_launch:/home/yuanxiao/dev_ws/install/learning_action:/home/yuanxiao/dev_ws/install/learning_gazebo:/opt/ros/humble /usr/bin/cmake --build /home/yuanxiao/gold_hw/build/gold_miner -- -j4 -l4
