[0.023s] Invoking command in '/home/yuanxiao/gold_hw/build/gold_miner': CMAKE_PREFIX_PATH=/home/yuanxiao/gold_hw/install/interfaces:/home/yuanxiao/gold_hw/install/gold_miner:/home/yuanxiao/dev_ws/install/learning_pkg_c:/home/yuanxiao/dev_ws/install/learning_interface:/home/yuanxiao/dev_ws/install/learning_urdf:/home/yuanxiao/dev_ws/install/learning_topic:/home/yuanxiao/dev_ws/install/learning_tf:/home/yuanxiao/dev_ws/install/learning_service:/home/yuanxiao/dev_ws/install/learning_qos:/home/yuanxiao/dev_ws/install/learning_pkg_python:/home/yuanxiao/dev_ws/install/learning_parameter:/home/yuanxiao/dev_ws/install/learning_node:/home/yuanxiao/dev_ws/install/learning_launch:/home/yuanxiao/dev_ws/install/learning_action:/home/yuanxiao/dev_ws/install/learning_gazebo:/opt/ros/humble /usr/bin/cmake --build /home/yuanxiao/gold_hw/build/gold_miner -- -j4 -l4
[0.069s] [35m[1mConsolidate compiler generated dependencies of target miner[0m
[0.082s] [ 50%] Built target mining_industry
[0.088s] [ 75%] [32mBuilding CXX object CMakeFiles/miner.dir/src/miner.cpp.o[0m
[2.601s] [01m[K/home/yuanxiao/gold_hw/src/gold_miner/src/miner.cpp:[m[K In constructor ‘[01m[KMiner::Miner()[m[K’:
[2.601s] [01m[K/home/yuanxiao/gold_hw/src/gold_miner/src/miner.cpp:26:9:[m[K [01;31m[Kerror: [m[K‘[01m[Kcallback_group_input_[m[K’ was not declared in this scope
[2.601s]    26 |         [01;31m[Kcallback_group_input_[m[K = this->create_callback_group(rclcpp::callback_group::CallbackGroupType::MutuallyExclusive);
[2.601s]       |         [01;31m[K^~~~~~~~~~~~~~~~~~~~~[m[K
[2.601s] [01m[K/home/yuanxiao/gold_hw/src/gold_miner/src/miner.cpp:26:69:[m[K [01;31m[Kerror: [m[K‘[01m[Krclcpp::callback_group[m[K’ has not been declared
[2.601s]    26 |         callback_group_input_ = this->create_callback_group(rclcpp::[01;31m[Kcallback_group[m[K::CallbackGroupType::MutuallyExclusive);
[2.601s]       |                                                                     [01;31m[K^~~~~~~~~~~~~~[m[K
[2.608s] [01m[K/home/yuanxiao/gold_hw/src/gold_miner/src/miner.cpp:[m[K In member function ‘[01m[Kvoid Miner::oreInfoCallback(const OreArray&)[m[K’:
[2.608s] [01m[K/home/yuanxiao/gold_hw/src/gold_miner/src/miner.cpp:78:14:[m[K [01;31m[Kerror: [m[Kconflicting declaration ‘[01m[Kauto result[m[K’
[2.608s]    78 |         auto [01;31m[Kresult[m[K = client_->async_send_request(request, inner_client_callback);
[2.608s]       |              [01;31m[K^~~~~~[m[K
[2.608s] [01m[K/home/yuanxiao/gold_hw/src/gold_miner/src/miner.cpp:69:14:[m[K [01;36m[Knote: [m[Kprevious declaration as ‘[01m[Krclcpp::Client<interfaces::srv::OrePosition>::FutureAndRequestId result[m[K’
[2.608s]    69 |         auto [01;36m[Kresult[m[K = client_->async_send_request(request);
[2.608s]       |              [01;36m[K^~~~~~[m[K
[2.619s] [01m[K/home/yuanxiao/gold_hw/src/gold_miner/src/miner.cpp:80:16:[m[K [01;31m[Kerror: [m[K‘[01m[Kinner_result[m[K’ was not declared in this scope
[2.619s]    80 |         while ([01;31m[Kinner_result[m[K < 0 && rclcpp::ok())
[2.619s]       |                [01;31m[K^~~~~~~~~~~~[m[K
[2.619s] [01m[K/home/yuanxiao/gold_hw/src/gold_miner/src/miner.cpp:71:13:[m[K [01;35m[Kwarning: [m[Kunused variable ‘[01m[Kchoice[m[K’ [[01;35m[K]8;;https://gcc.gnu.org/onlinedocs/gcc/Warning-Options.html#index-Wunused-variable-Wunused-variable]8;;[m[K]
[2.619s]    71 |         int [01;35m[Kchoice[m[K = -1;
[2.619s]       |             [01;35m[K^~~~~~[m[K
[5.322s] gmake[2]: *** [CMakeFiles/miner.dir/build.make:76: CMakeFiles/miner.dir/src/miner.cpp.o] Error 1
[5.323s] gmake[1]: *** [CMakeFiles/Makefile2:165: CMakeFiles/miner.dir/all] Error 2
[5.323s] gmake: *** [Makefile:146: all] Error 2
[5.326s] Invoked command in '/home/yuanxiao/gold_hw/build/gold_miner' returned '2': CMAKE_PREFIX_PATH=/home/yuanxiao/gold_hw/install/interfaces:/home/yuanxiao/gold_hw/install/gold_miner:/home/yuanxiao/dev_ws/install/learning_pkg_c:/home/yuanxiao/dev_ws/install/learning_interface:/home/yuanxiao/dev_ws/install/learning_urdf:/home/yuanxiao/dev_ws/install/learning_topic:/home/yuanxiao/dev_ws/install/learning_tf:/home/yuanxiao/dev_ws/install/learning_service:/home/yuanxiao/dev_ws/install/learning_qos:/home/yuanxiao/dev_ws/install/learning_pkg_python:/home/yuanxiao/dev_ws/install/learning_parameter:/home/yuanxiao/dev_ws/install/learning_node:/home/yuanxiao/dev_ws/install/learning_launch:/home/yuanxiao/dev_ws/install/learning_action:/home/yuanxiao/dev_ws/install/learning_gazebo:/opt/ros/humble /usr/bin/cmake --build /home/yuanxiao/gold_hw/build/gold_miner -- -j4 -l4
