[0.035s] Invoking command in '/home/yuanxiao/gold_hw/build/gold_miner': CMAKE_PREFIX_PATH=/home/yuanxiao/gold_hw/install/interfaces:/home/yuanxiao/gold_hw/install/gold_miner:/home/yuanxiao/dev_ws/install/learning_pkg_c:/home/yuanxiao/dev_ws/install/learning_interface:/home/yuanxiao/dev_ws/install/learning_urdf:/home/yuanxiao/dev_ws/install/learning_topic:/home/yuanxiao/dev_ws/install/learning_tf:/home/yuanxiao/dev_ws/install/learning_service:/home/yuanxiao/dev_ws/install/learning_qos:/home/yuanxiao/dev_ws/install/learning_pkg_python:/home/yuanxiao/dev_ws/install/learning_parameter:/home/yuanxiao/dev_ws/install/learning_node:/home/yuanxiao/dev_ws/install/learning_launch:/home/yuanxiao/dev_ws/install/learning_action:/home/yuanxiao/dev_ws/install/learning_gazebo:/opt/ros/humble /usr/bin/cmake --build /home/yuanxiao/gold_hw/build/gold_miner -- -j4 -l4
[0.073s] [35m[1mConsolidate compiler generated dependencies of target miner[0m
[0.085s] [ 50%] Built target mining_industry
[0.089s] [ 75%] [32mBuilding CXX object CMakeFiles/miner.dir/src/miner.cpp.o[0m
[8.234s] [100%] [32m[1mLinking CXX executable miner[0m
[8.626s] [100%] Built target miner
[8.636s] Invoked command in '/home/yuanxiao/gold_hw/build/gold_miner' returned '0': CMAKE_PREFIX_PATH=/home/yuanxiao/gold_hw/install/interfaces:/home/yuanxiao/gold_hw/install/gold_miner:/home/yuanxiao/dev_ws/install/learning_pkg_c:/home/yuanxiao/dev_ws/install/learning_interface:/home/yuanxiao/dev_ws/install/learning_urdf:/home/yuanxiao/dev_ws/install/learning_topic:/home/yuanxiao/dev_ws/install/learning_tf:/home/yuanxiao/dev_ws/install/learning_service:/home/yuanxiao/dev_ws/install/learning_qos:/home/yuanxiao/dev_ws/install/learning_pkg_python:/home/yuanxiao/dev_ws/install/learning_parameter:/home/yuanxiao/dev_ws/install/learning_node:/home/yuanxiao/dev_ws/install/learning_launch:/home/yuanxiao/dev_ws/install/learning_action:/home/yuanxiao/dev_ws/install/learning_gazebo:/opt/ros/humble /usr/bin/cmake --build /home/yuanxiao/gold_hw/build/gold_miner -- -j4 -l4
[8.671s] Invoking command in '/home/yuanxiao/gold_hw/build/gold_miner': CMAKE_PREFIX_PATH=/home/yuanxiao/gold_hw/install/interfaces:/home/yuanxiao/gold_hw/install/gold_miner:/home/yuanxiao/dev_ws/install/learning_pkg_c:/home/yuanxiao/dev_ws/install/learning_interface:/home/yuanxiao/dev_ws/install/learning_urdf:/home/yuanxiao/dev_ws/install/learning_topic:/home/yuanxiao/dev_ws/install/learning_tf:/home/yuanxiao/dev_ws/install/learning_service:/home/yuanxiao/dev_ws/install/learning_qos:/home/yuanxiao/dev_ws/install/learning_pkg_python:/home/yuanxiao/dev_ws/install/learning_parameter:/home/yuanxiao/dev_ws/install/learning_node:/home/yuanxiao/dev_ws/install/learning_launch:/home/yuanxiao/dev_ws/install/learning_action:/home/yuanxiao/dev_ws/install/learning_gazebo:/opt/ros/humble /usr/bin/cmake --install /home/yuanxiao/gold_hw/build/gold_miner
[8.680s] -- Install configuration: ""
[8.681s] -- Up-to-date: /home/yuanxiao/gold_hw/install/gold_miner/lib/gold_miner/mining_industry
[8.681s] -- Installing: /home/yuanxiao/gold_hw/install/gold_miner/lib/gold_miner/miner
[8.686s] -- Set runtime path of "/home/yuanxiao/gold_hw/install/gold_miner/lib/gold_miner/miner" to ""
[8.686s] -- Up-to-date: /home/yuanxiao/gold_hw/install/gold_miner/share/gold_miner/launch
[8.686s] -- Up-to-date: /home/yuanxiao/gold_hw/install/gold_miner/share/gold_miner/launch/gold_miner.launch.py
[8.687s] -- Up-to-date: /home/yuanxiao/gold_hw/install/gold_miner/share/gold_miner/config
[8.687s] -- Up-to-date: /home/yuanxiao/gold_hw/install/gold_miner/share/gold_miner/config/param.yaml
[8.687s] -- Up-to-date: /home/yuanxiao/gold_hw/install/gold_miner/share/ament_index/resource_index/package_run_dependencies/gold_miner
[8.687s] -- Up-to-date: /home/yuanxiao/gold_hw/install/gold_miner/share/ament_index/resource_index/parent_prefix_path/gold_miner
[8.687s] -- Up-to-date: /home/yuanxiao/gold_hw/install/gold_miner/share/gold_miner/environment/ament_prefix_path.sh
[8.687s] -- Up-to-date: /home/yuanxiao/gold_hw/install/gold_miner/share/gold_miner/environment/ament_prefix_path.dsv
[8.687s] -- Up-to-date: /home/yuanxiao/gold_hw/install/gold_miner/share/gold_miner/environment/path.sh
[8.688s] -- Up-to-date: /home/yuanxiao/gold_hw/install/gold_miner/share/gold_miner/environment/path.dsv
[8.688s] -- Up-to-date: /home/yuanxiao/gold_hw/install/gold_miner/share/gold_miner/local_setup.bash
[8.688s] -- Up-to-date: /home/yuanxiao/gold_hw/install/gold_miner/share/gold_miner/local_setup.sh
[8.688s] -- Up-to-date: /home/yuanxiao/gold_hw/install/gold_miner/share/gold_miner/local_setup.zsh
[8.688s] -- Up-to-date: /home/yuanxiao/gold_hw/install/gold_miner/share/gold_miner/local_setup.dsv
[8.688s] -- Installing: /home/yuanxiao/gold_hw/install/gold_miner/share/gold_miner/package.dsv
[8.688s] -- Up-to-date: /home/yuanxiao/gold_hw/install/gold_miner/share/ament_index/resource_index/packages/gold_miner
[8.688s] -- Up-to-date: /home/yuanxiao/gold_hw/install/gold_miner/share/gold_miner/cmake/gold_minerConfig.cmake
[8.688s] -- Up-to-date: /home/yuanxiao/gold_hw/install/gold_miner/share/gold_miner/cmake/gold_minerConfig-version.cmake
[8.688s] -- Up-to-date: /home/yuanxiao/gold_hw/install/gold_miner/share/gold_miner/package.xml
[8.689s] Invoked command in '/home/yuanxiao/gold_hw/build/gold_miner' returned '0': CMAKE_PREFIX_PATH=/home/yuanxiao/gold_hw/install/interfaces:/home/yuanxiao/gold_hw/install/gold_miner:/home/yuanxiao/dev_ws/install/learning_pkg_c:/home/yuanxiao/dev_ws/install/learning_interface:/home/yuanxiao/dev_ws/install/learning_urdf:/home/yuanxiao/dev_ws/install/learning_topic:/home/yuanxiao/dev_ws/install/learning_tf:/home/yuanxiao/dev_ws/install/learning_service:/home/yuanxiao/dev_ws/install/learning_qos:/home/yuanxiao/dev_ws/install/learning_pkg_python:/home/yuanxiao/dev_ws/install/learning_parameter:/home/yuanxiao/dev_ws/install/learning_node:/home/yuanxiao/dev_ws/install/learning_launch:/home/yuanxiao/dev_ws/install/learning_action:/home/yuanxiao/dev_ws/install/learning_gazebo:/opt/ros/humble /usr/bin/cmake --install /home/yuanxiao/gold_hw/build/gold_miner
