[0.450s] DEBUG:colcon:Command line arguments: ['/usr/bin/colcon', 'build', '--packages-select', 'gold_miner']
[0.450s] DEBUG:colcon:Parsed command line arguments: Namespace(log_base=None, log_level=None, verb_name='build', build_base='build', install_base='install', merge_install=False, symlink_install=False, test_result_base=None, continue_on_error=False, executor='parallel', parallel_workers=4, event_handlers=None, ignore_user_meta=False, metas=['./colcon.meta'], base_paths=['.'], packages_ignore=None, packages_ignore_regex=None, paths=None, packages_up_to=None, packages_up_to_regex=None, packages_above=None, packages_above_and_dependencies=None, packages_above_depth=None, packages_select_by_dep=None, packages_skip_by_dep=None, packages_skip_up_to=None, packages_select_build_failed=False, packages_skip_build_finished=False, packages_select_test_failures=False, packages_skip_test_passed=False, packages_select=['gold_miner'], packages_skip=None, packages_select_regex=None, packages_skip_regex=None, packages_start=None, packages_end=None, allow_overriding=[], cmake_args=None, cmake_target=None, cmake_target_skip_unavailable=False, cmake_clean_cache=False, cmake_clean_first=False, cmake_force_configure=False, ament_cmake_args=None, catkin_cmake_args=None, catkin_skip_building_tests=False, verb_parser=<colcon_defaults.argument_parser.defaults.DefaultArgumentsDecorator object at 0x7fd5b8028400>, verb_extension=<colcon_core.verb.build.BuildVerb object at 0x7fd5b89f7550>, main=<bound method BuildVerb.main of <colcon_core.verb.build.BuildVerb object at 0x7fd5b89f7550>>)
[0.483s] Level 1:colcon.colcon_core.package_discovery:discover_packages(colcon_meta) check parameters
[0.484s] Level 1:colcon.colcon_core.package_discovery:discover_packages(recursive) check parameters
[0.484s] Level 1:colcon.colcon_core.package_discovery:discover_packages(ignore) check parameters
[0.484s] Level 1:colcon.colcon_core.package_discovery:discover_packages(path) check parameters
[0.484s] Level 1:colcon.colcon_core.package_discovery:discover_packages(colcon_meta) discover
[0.484s] Level 1:colcon.colcon_core.package_discovery:discover_packages(recursive) discover
[0.484s] INFO:colcon.colcon_core.package_discovery:Crawling recursively for packages in '/home/yuanxiao/gold_hw'
[0.484s] Level 1:colcon.colcon_core.package_identification:_identify(.) by extensions ['ignore', 'ignore_ament_install']
[0.484s] Level 1:colcon.colcon_core.package_identification:_identify(.) by extension 'ignore'
[0.484s] Level 1:colcon.colcon_core.package_identification:_identify(.) by extension 'ignore_ament_install'
[0.484s] Level 1:colcon.colcon_core.package_identification:_identify(.) by extensions ['colcon_pkg']
[0.484s] Level 1:colcon.colcon_core.package_identification:_identify(.) by extension 'colcon_pkg'
[0.484s] Level 1:colcon.colcon_core.package_identification:_identify(.) by extensions ['colcon_meta']
[0.484s] Level 1:colcon.colcon_core.package_identification:_identify(.) by extension 'colcon_meta'
[0.484s] Level 1:colcon.colcon_core.package_identification:_identify(.) by extensions ['ros']
[0.484s] Level 1:colcon.colcon_core.package_identification:_identify(.) by extension 'ros'
[0.494s] Level 1:colcon.colcon_core.package_identification:_identify(.) by extensions ['cmake', 'python']
[0.494s] Level 1:colcon.colcon_core.package_identification:_identify(.) by extension 'cmake'
[0.494s] Level 1:colcon.colcon_core.package_identification:_identify(.) by extension 'python'
[0.495s] Level 1:colcon.colcon_core.package_identification:_identify(.) by extensions ['python_setup_py']
[0.495s] Level 1:colcon.colcon_core.package_identification:_identify(.) by extension 'python_setup_py'
[0.495s] Level 1:colcon.colcon_core.package_identification:_identify(build) by extensions ['ignore', 'ignore_ament_install']
[0.495s] Level 1:colcon.colcon_core.package_identification:_identify(build) by extension 'ignore'
[0.495s] Level 1:colcon.colcon_core.package_identification:_identify(build) ignored
[0.495s] Level 1:colcon.colcon_core.package_identification:_identify(install) by extensions ['ignore', 'ignore_ament_install']
[0.495s] Level 1:colcon.colcon_core.package_identification:_identify(install) by extension 'ignore'
[0.495s] Level 1:colcon.colcon_core.package_identification:_identify(install) ignored
[0.495s] Level 1:colcon.colcon_core.package_identification:_identify(log) by extensions ['ignore', 'ignore_ament_install']
[0.495s] Level 1:colcon.colcon_core.package_identification:_identify(log) by extension 'ignore'
[0.495s] Level 1:colcon.colcon_core.package_identification:_identify(log) ignored
[0.495s] Level 1:colcon.colcon_core.package_identification:_identify(src) by extensions ['ignore', 'ignore_ament_install']
[0.496s] Level 1:colcon.colcon_core.package_identification:_identify(src) by extension 'ignore'
[0.496s] Level 1:colcon.colcon_core.package_identification:_identify(src) by extension 'ignore_ament_install'
[0.496s] Level 1:colcon.colcon_core.package_identification:_identify(src) by extensions ['colcon_pkg']
[0.496s] Level 1:colcon.colcon_core.package_identification:_identify(src) by extension 'colcon_pkg'
[0.496s] Level 1:colcon.colcon_core.package_identification:_identify(src) by extensions ['colcon_meta']
[0.496s] Level 1:colcon.colcon_core.package_identification:_identify(src) by extension 'colcon_meta'
[0.496s] Level 1:colcon.colcon_core.package_identification:_identify(src) by extensions ['ros']
[0.496s] Level 1:colcon.colcon_core.package_identification:_identify(src) by extension 'ros'
[0.496s] Level 1:colcon.colcon_core.package_identification:_identify(src) by extensions ['cmake', 'python']
[0.496s] Level 1:colcon.colcon_core.package_identification:_identify(src) by extension 'cmake'
[0.496s] Level 1:colcon.colcon_core.package_identification:_identify(src) by extension 'python'
[0.496s] Level 1:colcon.colcon_core.package_identification:_identify(src) by extensions ['python_setup_py']
[0.496s] Level 1:colcon.colcon_core.package_identification:_identify(src) by extension 'python_setup_py'
[0.496s] Level 1:colcon.colcon_core.package_identification:_identify(src/gold_miner) by extensions ['ignore', 'ignore_ament_install']
[0.496s] Level 1:colcon.colcon_core.package_identification:_identify(src/gold_miner) by extension 'ignore'
[0.496s] Level 1:colcon.colcon_core.package_identification:_identify(src/gold_miner) by extension 'ignore_ament_install'
[0.496s] Level 1:colcon.colcon_core.package_identification:_identify(src/gold_miner) by extensions ['colcon_pkg']
[0.496s] Level 1:colcon.colcon_core.package_identification:_identify(src/gold_miner) by extension 'colcon_pkg'
[0.496s] Level 1:colcon.colcon_core.package_identification:_identify(src/gold_miner) by extensions ['colcon_meta']
[0.497s] Level 1:colcon.colcon_core.package_identification:_identify(src/gold_miner) by extension 'colcon_meta'
[0.497s] Level 1:colcon.colcon_core.package_identification:_identify(src/gold_miner) by extensions ['ros']
[0.497s] Level 1:colcon.colcon_core.package_identification:_identify(src/gold_miner) by extension 'ros'
[0.500s] DEBUG:colcon.colcon_core.package_identification:Package 'src/gold_miner' with type 'ros.ament_cmake' and name 'gold_miner'
[0.500s] Level 1:colcon.colcon_core.package_identification:_identify(src/interfaces) by extensions ['ignore', 'ignore_ament_install']
[0.500s] Level 1:colcon.colcon_core.package_identification:_identify(src/interfaces) by extension 'ignore'
[0.500s] Level 1:colcon.colcon_core.package_identification:_identify(src/interfaces) by extension 'ignore_ament_install'
[0.500s] Level 1:colcon.colcon_core.package_identification:_identify(src/interfaces) by extensions ['colcon_pkg']
[0.500s] Level 1:colcon.colcon_core.package_identification:_identify(src/interfaces) by extension 'colcon_pkg'
[0.500s] Level 1:colcon.colcon_core.package_identification:_identify(src/interfaces) by extensions ['colcon_meta']
[0.500s] Level 1:colcon.colcon_core.package_identification:_identify(src/interfaces) by extension 'colcon_meta'
[0.500s] Level 1:colcon.colcon_core.package_identification:_identify(src/interfaces) by extensions ['ros']
[0.500s] Level 1:colcon.colcon_core.package_identification:_identify(src/interfaces) by extension 'ros'
[0.501s] DEBUG:colcon.colcon_core.package_identification:Package 'src/interfaces' with type 'ros.ament_cmake' and name 'interfaces'
[0.501s] Level 1:colcon.colcon_core.package_discovery:discover_packages(recursive) using defaults
[0.501s] Level 1:colcon.colcon_core.package_discovery:discover_packages(ignore) discover
[0.502s] Level 1:colcon.colcon_core.package_discovery:discover_packages(ignore) using defaults
[0.502s] Level 1:colcon.colcon_core.package_discovery:discover_packages(path) discover
[0.502s] Level 1:colcon.colcon_core.package_discovery:discover_packages(path) using defaults
[0.532s] INFO:colcon.colcon_core.package_selection:Skipping not selected package 'interfaces' in 'src/interfaces'
[0.534s] Level 1:colcon.colcon_core.package_discovery:discover_packages(prefix_path) check parameters
[0.534s] Level 1:colcon.colcon_core.package_discovery:discover_packages(prefix_path) discover
[0.536s] DEBUG:colcon.colcon_installed_package_information.package_discovery:Found 2 installed packages in /home/yuanxiao/gold_hw/install
[0.538s] DEBUG:colcon.colcon_installed_package_information.package_discovery:Found 13 installed packages in /home/yuanxiao/dev_ws/install
[0.539s] DEBUG:colcon.colcon_installed_package_information.package_discovery:Found 348 installed packages in /opt/ros/humble
[0.540s] Level 1:colcon.colcon_core.package_discovery:discover_packages(prefix_path) using defaults
[0.601s] Level 5:colcon.colcon_core.verb:set package 'gold_miner' build argument 'cmake_args' from command line to 'None'
[0.601s] Level 5:colcon.colcon_core.verb:set package 'gold_miner' build argument 'cmake_target' from command line to 'None'
[0.601s] Level 5:colcon.colcon_core.verb:set package 'gold_miner' build argument 'cmake_target_skip_unavailable' from command line to 'False'
[0.601s] Level 5:colcon.colcon_core.verb:set package 'gold_miner' build argument 'cmake_clean_cache' from command line to 'False'
[0.601s] Level 5:colcon.colcon_core.verb:set package 'gold_miner' build argument 'cmake_clean_first' from command line to 'False'
[0.601s] Level 5:colcon.colcon_core.verb:set package 'gold_miner' build argument 'cmake_force_configure' from command line to 'False'
[0.601s] Level 5:colcon.colcon_core.verb:set package 'gold_miner' build argument 'ament_cmake_args' from command line to 'None'
[0.601s] Level 5:colcon.colcon_core.verb:set package 'gold_miner' build argument 'catkin_cmake_args' from command line to 'None'
[0.601s] Level 5:colcon.colcon_core.verb:set package 'gold_miner' build argument 'catkin_skip_building_tests' from command line to 'False'
[0.601s] DEBUG:colcon.colcon_core.verb:Building package 'gold_miner' with the following arguments: {'ament_cmake_args': None, 'build_base': '/home/yuanxiao/gold_hw/build/gold_miner', 'catkin_cmake_args': None, 'catkin_skip_building_tests': False, 'cmake_args': None, 'cmake_clean_cache': False, 'cmake_clean_first': False, 'cmake_force_configure': False, 'cmake_target': None, 'cmake_target_skip_unavailable': False, 'install_base': '/home/yuanxiao/gold_hw/install/gold_miner', 'merge_install': False, 'path': '/home/yuanxiao/gold_hw/src/gold_miner', 'symlink_install': False, 'test_result_base': None}
[0.602s] INFO:colcon.colcon_core.executor:Executing jobs using 'parallel' executor
[0.605s] DEBUG:colcon.colcon_parallel_executor.executor.parallel:run_until_complete
[0.605s] INFO:colcon.colcon_ros.task.ament_cmake.build:Building ROS package in '/home/yuanxiao/gold_hw/src/gold_miner' with build type 'ament_cmake'
[0.605s] INFO:colcon.colcon_cmake.task.cmake.build:Building CMake package in '/home/yuanxiao/gold_hw/src/gold_miner'
[0.612s] INFO:colcon.colcon_core.plugin_system:Skipping extension 'colcon_core.shell.bat': Not used on non-Windows systems
[0.612s] INFO:colcon.colcon_core.shell:Skip shell extension 'powershell' for command environment: Not usable outside of PowerShell
[0.612s] DEBUG:colcon.colcon_core.shell:Skip shell extension 'dsv' for command environment
[0.637s] DEBUG:colcon.colcon_core.event_handler.log_command:Invoking command in '/home/yuanxiao/gold_hw/build/gold_miner': CMAKE_PREFIX_PATH=/home/yuanxiao/gold_hw/install/interfaces:/home/yuanxiao/gold_hw/install/gold_miner:/home/yuanxiao/dev_ws/install/learning_pkg_c:/home/yuanxiao/dev_ws/install/learning_interface:/home/yuanxiao/dev_ws/install/learning_urdf:/home/yuanxiao/dev_ws/install/learning_topic:/home/yuanxiao/dev_ws/install/learning_tf:/home/yuanxiao/dev_ws/install/learning_service:/home/yuanxiao/dev_ws/install/learning_qos:/home/yuanxiao/dev_ws/install/learning_pkg_python:/home/yuanxiao/dev_ws/install/learning_parameter:/home/yuanxiao/dev_ws/install/learning_node:/home/yuanxiao/dev_ws/install/learning_launch:/home/yuanxiao/dev_ws/install/learning_action:/home/yuanxiao/dev_ws/install/learning_gazebo:/opt/ros/humble /usr/bin/cmake --build /home/yuanxiao/gold_hw/build/gold_miner -- -j4 -l4
[15.402s] DEBUG:colcon.colcon_core.event_handler.log_command:Invoked command in '/home/yuanxiao/gold_hw/build/gold_miner' returned '0': CMAKE_PREFIX_PATH=/home/yuanxiao/gold_hw/install/interfaces:/home/yuanxiao/gold_hw/install/gold_miner:/home/yuanxiao/dev_ws/install/learning_pkg_c:/home/yuanxiao/dev_ws/install/learning_interface:/home/yuanxiao/dev_ws/install/learning_urdf:/home/yuanxiao/dev_ws/install/learning_topic:/home/yuanxiao/dev_ws/install/learning_tf:/home/yuanxiao/dev_ws/install/learning_service:/home/yuanxiao/dev_ws/install/learning_qos:/home/yuanxiao/dev_ws/install/learning_pkg_python:/home/yuanxiao/dev_ws/install/learning_parameter:/home/yuanxiao/dev_ws/install/learning_node:/home/yuanxiao/dev_ws/install/learning_launch:/home/yuanxiao/dev_ws/install/learning_action:/home/yuanxiao/dev_ws/install/learning_gazebo:/opt/ros/humble /usr/bin/cmake --build /home/yuanxiao/gold_hw/build/gold_miner -- -j4 -l4
[15.447s] DEBUG:colcon.colcon_core.event_handler.log_command:Invoking command in '/home/yuanxiao/gold_hw/build/gold_miner': CMAKE_PREFIX_PATH=/home/yuanxiao/gold_hw/install/interfaces:/home/yuanxiao/gold_hw/install/gold_miner:/home/yuanxiao/dev_ws/install/learning_pkg_c:/home/yuanxiao/dev_ws/install/learning_interface:/home/yuanxiao/dev_ws/install/learning_urdf:/home/yuanxiao/dev_ws/install/learning_topic:/home/yuanxiao/dev_ws/install/learning_tf:/home/yuanxiao/dev_ws/install/learning_service:/home/yuanxiao/dev_ws/install/learning_qos:/home/yuanxiao/dev_ws/install/learning_pkg_python:/home/yuanxiao/dev_ws/install/learning_parameter:/home/yuanxiao/dev_ws/install/learning_node:/home/yuanxiao/dev_ws/install/learning_launch:/home/yuanxiao/dev_ws/install/learning_action:/home/yuanxiao/dev_ws/install/learning_gazebo:/opt/ros/humble /usr/bin/cmake --install /home/yuanxiao/gold_hw/build/gold_miner
[15.465s] Level 1:colcon.colcon_core.environment:create_environment_scripts_only(gold_miner)
[15.465s] DEBUG:colcon.colcon_core.event_handler.log_command:Invoked command in '/home/yuanxiao/gold_hw/build/gold_miner' returned '0': CMAKE_PREFIX_PATH=/home/yuanxiao/gold_hw/install/interfaces:/home/yuanxiao/gold_hw/install/gold_miner:/home/yuanxiao/dev_ws/install/learning_pkg_c:/home/yuanxiao/dev_ws/install/learning_interface:/home/yuanxiao/dev_ws/install/learning_urdf:/home/yuanxiao/dev_ws/install/learning_topic:/home/yuanxiao/dev_ws/install/learning_tf:/home/yuanxiao/dev_ws/install/learning_service:/home/yuanxiao/dev_ws/install/learning_qos:/home/yuanxiao/dev_ws/install/learning_pkg_python:/home/yuanxiao/dev_ws/install/learning_parameter:/home/yuanxiao/dev_ws/install/learning_node:/home/yuanxiao/dev_ws/install/learning_launch:/home/yuanxiao/dev_ws/install/learning_action:/home/yuanxiao/dev_ws/install/learning_gazebo:/opt/ros/humble /usr/bin/cmake --install /home/yuanxiao/gold_hw/build/gold_miner
[15.472s] Level 1:colcon.colcon_core.environment:checking '/home/yuanxiao/gold_hw/install/gold_miner' for CMake module files
[15.472s] Level 1:colcon.colcon_core.environment:checking '/home/yuanxiao/gold_hw/install/gold_miner' for CMake config files
[15.473s] Level 1:colcon.colcon_core.shell:create_environment_hook('gold_miner', 'cmake_prefix_path')
[15.474s] INFO:colcon.colcon_core.shell:Creating environment hook '/home/yuanxiao/gold_hw/install/gold_miner/share/gold_miner/hook/cmake_prefix_path.ps1'
[15.475s] INFO:colcon.colcon_core.shell:Creating environment descriptor '/home/yuanxiao/gold_hw/install/gold_miner/share/gold_miner/hook/cmake_prefix_path.dsv'
[15.476s] INFO:colcon.colcon_core.shell:Creating environment hook '/home/yuanxiao/gold_hw/install/gold_miner/share/gold_miner/hook/cmake_prefix_path.sh'
[15.477s] Level 1:colcon.colcon_core.environment:checking '/home/yuanxiao/gold_hw/install/gold_miner/lib'
[15.477s] Level 1:colcon.colcon_core.environment:checking '/home/yuanxiao/gold_hw/install/gold_miner/bin'
[15.477s] Level 1:colcon.colcon_core.environment:checking '/home/yuanxiao/gold_hw/install/gold_miner/lib/pkgconfig/gold_miner.pc'
[15.477s] Level 1:colcon.colcon_core.environment:checking '/home/yuanxiao/gold_hw/install/gold_miner/lib/python3.10/site-packages'
[15.478s] Level 1:colcon.colcon_core.environment:checking '/home/yuanxiao/gold_hw/install/gold_miner/bin'
[15.480s] INFO:colcon.colcon_core.shell:Creating package script '/home/yuanxiao/gold_hw/install/gold_miner/share/gold_miner/package.ps1'
[15.481s] INFO:colcon.colcon_core.shell:Creating package descriptor '/home/yuanxiao/gold_hw/install/gold_miner/share/gold_miner/package.dsv'
[15.481s] INFO:colcon.colcon_core.shell:Creating package script '/home/yuanxiao/gold_hw/install/gold_miner/share/gold_miner/package.sh'
[15.482s] INFO:colcon.colcon_core.shell:Creating package script '/home/yuanxiao/gold_hw/install/gold_miner/share/gold_miner/package.bash'
[15.483s] INFO:colcon.colcon_core.shell:Creating package script '/home/yuanxiao/gold_hw/install/gold_miner/share/gold_miner/package.zsh'
[15.484s] Level 1:colcon.colcon_core.environment:create_file_with_runtime_dependencies(/home/yuanxiao/gold_hw/install/gold_miner/share/colcon-core/packages/gold_miner)
[15.530s] Level 1:colcon.colcon_core.environment:create_environment_scripts_only(gold_miner)
[15.532s] Level 1:colcon.colcon_core.environment:checking '/home/yuanxiao/gold_hw/install/gold_miner' for CMake module files
[15.533s] Level 1:colcon.colcon_core.environment:checking '/home/yuanxiao/gold_hw/install/gold_miner' for CMake config files
[15.533s] Level 1:colcon.colcon_core.shell:create_environment_hook('gold_miner', 'cmake_prefix_path')
[15.535s] INFO:colcon.colcon_core.shell:Creating environment hook '/home/yuanxiao/gold_hw/install/gold_miner/share/gold_miner/hook/cmake_prefix_path.ps1'
[15.536s] INFO:colcon.colcon_core.shell:Creating environment descriptor '/home/yuanxiao/gold_hw/install/gold_miner/share/gold_miner/hook/cmake_prefix_path.dsv'
[15.536s] INFO:colcon.colcon_core.shell:Creating environment hook '/home/yuanxiao/gold_hw/install/gold_miner/share/gold_miner/hook/cmake_prefix_path.sh'
[15.537s] Level 1:colcon.colcon_core.environment:checking '/home/yuanxiao/gold_hw/install/gold_miner/lib'
[15.537s] Level 1:colcon.colcon_core.environment:checking '/home/yuanxiao/gold_hw/install/gold_miner/bin'
[15.537s] Level 1:colcon.colcon_core.environment:checking '/home/yuanxiao/gold_hw/install/gold_miner/lib/pkgconfig/gold_miner.pc'
[15.537s] Level 1:colcon.colcon_core.environment:checking '/home/yuanxiao/gold_hw/install/gold_miner/lib/python3.10/site-packages'
[15.537s] Level 1:colcon.colcon_core.environment:checking '/home/yuanxiao/gold_hw/install/gold_miner/bin'
[15.539s] INFO:colcon.colcon_core.shell:Creating package script '/home/yuanxiao/gold_hw/install/gold_miner/share/gold_miner/package.ps1'
[15.540s] INFO:colcon.colcon_core.shell:Creating package descriptor '/home/yuanxiao/gold_hw/install/gold_miner/share/gold_miner/package.dsv'
[15.540s] INFO:colcon.colcon_core.shell:Creating package script '/home/yuanxiao/gold_hw/install/gold_miner/share/gold_miner/package.sh'
[15.541s] INFO:colcon.colcon_core.shell:Creating package script '/home/yuanxiao/gold_hw/install/gold_miner/share/gold_miner/package.bash'
[15.541s] INFO:colcon.colcon_core.shell:Creating package script '/home/yuanxiao/gold_hw/install/gold_miner/share/gold_miner/package.zsh'
[15.541s] Level 1:colcon.colcon_core.environment:create_file_with_runtime_dependencies(/home/yuanxiao/gold_hw/install/gold_miner/share/colcon-core/packages/gold_miner)
[15.542s] DEBUG:colcon.colcon_parallel_executor.executor.parallel:closing loop
[15.543s] DEBUG:colcon.colcon_parallel_executor.executor.parallel:loop closed
[15.543s] DEBUG:colcon.colcon_parallel_executor.executor.parallel:run_until_complete finished with '0'
[15.543s] DEBUG:colcon.colcon_core.event_reactor:joining thread
[15.551s] INFO:colcon.colcon_core.plugin_system:Skipping extension 'colcon_notification.desktop_notification.terminal_notifier': Not used on non-Darwin systems
[15.551s] INFO:colcon.colcon_core.plugin_system:Skipping extension 'colcon_notification.desktop_notification.win32': Not used on non-Windows systems
[15.551s] INFO:colcon.colcon_notification.desktop_notification:Sending desktop notification using 'notify2'
[15.572s] DEBUG:colcon.colcon_core.event_reactor:joined thread
[15.575s] INFO:colcon.colcon_core.shell:Creating prefix script '/home/yuanxiao/gold_hw/install/local_setup.ps1'
[15.576s] INFO:colcon.colcon_core.shell:Creating prefix util module '/home/yuanxiao/gold_hw/install/_local_setup_util_ps1.py'
[15.578s] INFO:colcon.colcon_core.shell:Creating prefix chain script '/home/yuanxiao/gold_hw/install/setup.ps1'
[15.581s] INFO:colcon.colcon_core.shell:Creating prefix script '/home/yuanxiao/gold_hw/install/local_setup.sh'
[15.581s] INFO:colcon.colcon_core.shell:Creating prefix util module '/home/yuanxiao/gold_hw/install/_local_setup_util_sh.py'
[15.582s] INFO:colcon.colcon_core.shell:Creating prefix chain script '/home/yuanxiao/gold_hw/install/setup.sh'
[15.585s] INFO:colcon.colcon_core.shell:Creating prefix script '/home/yuanxiao/gold_hw/install/local_setup.bash'
[15.585s] INFO:colcon.colcon_core.shell:Creating prefix chain script '/home/yuanxiao/gold_hw/install/setup.bash'
[15.588s] INFO:colcon.colcon_core.shell:Creating prefix script '/home/yuanxiao/gold_hw/install/local_setup.zsh'
[15.589s] INFO:colcon.colcon_core.shell:Creating prefix chain script '/home/yuanxiao/gold_hw/install/setup.zsh'
